<!doctype html>
<html lang="">
<head>
    <meta charset="UTF-8">
    <meta name="viewport"
          content="width=device-width, user-scalable=no, initial-scale=1.0, maximum-scale=1.0, minimum-scale=1.0">
    <meta http-equiv="X-UA-Compatible" content="ie=edge">
    <title>Test Results Report - column Test</title>

    <link href="reportng.css" rel="stylesheet" type="text/css"/>
</head>
<body>
<div id="meta">
Generated by <a href="http://www.testng.org" target="_blank">TestNG</a> with <a href="https://github.com/testng-team/reportng" target="_blank">ReportNG</a>
at 17:55 EET on Wednesday 22 January 2025
    <br/><span
    id="systemInfo">victorcristea@pop-os&nbsp;/&nbsp;Java 21.0.5 (Ubuntu)&nbsp;/&nbsp;Linux 6.9.3-76060903-generic (amd64)</span>
</div>
<h1>column Test</h1>

<p>
    <a href="index.html">Suites</a>
        &#183; <a href="output.html">Log Output</a>
</p>

<p>Test duration
    : 367.333s</p>


    <table class="resultsTable">
        <tr>
            <th colspan="3" class="header failed">Failed Tests</th>
        </tr>
            <tr>
                <td class="group" colspan="3">com.crm.ClientTest.SpendAndTotalSpendTest</td>
            </tr>
    <tr>
        <td class="method">
                signIn
        </td>
        <td class="duration">
            12.190s
        </td>
        <td class="result">
            <!-- Display the dependencies for skipped test methods -->

                <i>Method arguments: </i>
                <span class="arguments">
                    "demrclient@vebo.io", "j8L3pc5hJ20Sjn10Lp!"
                </span>
                <br/>

            <!-- Show logger output for the test -->
                <div class="testOutput">
                            Utilizator demrclient@vebo.io s-a logat<br/>
                            Debug Bar a fost ascuns<br/>
                            Utilizatorul a navigat cu succes la pagina - Google de mr campaigns - iCRM v.36.46<br/>
                            Found: Total Spent -&gt; <br/>
                </div>

                <a href="javascript:toggleElement('exception-0', 'block')"
                   title="Click to expand/collapse">
                    <b>java.lang.AssertionError: Value under &apos;Total Spent&apos; should not be empty expected [false] but found [true]</b>
                </a>
                <br/>
                <div class="stackTrace" id="exception-0">
                        org.testng.Assert.fail(Assert.java:110)<br/>
                        org.testng.Assert.failNotEquals(Assert.java:1413)<br/>
                        org.testng.Assert.assertFalse(Assert.java:78)<br/>
                        com.crm.ClientTest.SpendAndTotalSpendTest.signIn(SpendAndTotalSpendTest.java:86)<br/>
                        java.base/jdk.internal.reflect.DirectMethodHandleAccessor.invoke(DirectMethodHandleAccessor.java:103)<br/>
                        java.base/java.lang.reflect.Method.invoke(Method.java:580)<br/>
                        org.testng.internal.invokers.MethodInvocationHelper.invokeMethod(MethodInvocationHelper.java:136)<br/>
                        org.testng.internal.invokers.TestInvoker.invokeMethod(TestInvoker.java:658)<br/>
                        org.testng.internal.invokers.TestInvoker.invokeTestMethod(TestInvoker.java:219)<br/>
                        org.testng.internal.invokers.MethodRunner.runInSequence(MethodRunner.java:50)<br/>
                        org.testng.internal.invokers.TestInvoker$MethodInvocationAgent.invoke(TestInvoker.java:923)<br/>
                        org.testng.internal.invokers.TestInvoker.invokeTestMethods(TestInvoker.java:192)<br/>
                        org.testng.internal.invokers.TestMethodWorker.invokeTestMethods(TestMethodWorker.java:146)<br/>
                        org.testng.internal.invokers.TestMethodWorker.run(TestMethodWorker.java:128)<br/>
                        java.base/java.util.ArrayList.forEach(ArrayList.java:1596)<br/>
                        org.testng.TestRunner.privateRun(TestRunner.java:808)<br/>
                        org.testng.TestRunner.run(TestRunner.java:603)<br/>
                        org.testng.SuiteRunner.runTest(SuiteRunner.java:429)<br/>
                        org.testng.SuiteRunner.runSequentially(SuiteRunner.java:423)<br/>
                        org.testng.SuiteRunner.privateRun(SuiteRunner.java:383)<br/>
                        org.testng.SuiteRunner.run(SuiteRunner.java:326)<br/>
                        org.testng.SuiteRunnerWorker.runSuite(SuiteRunnerWorker.java:52)<br/>
                        org.testng.SuiteRunnerWorker.run(SuiteRunnerWorker.java:95)<br/>
                        org.testng.TestNG.runSuitesSequentially(TestNG.java:1249)<br/>
                        org.testng.TestNG.runSuitesLocally(TestNG.java:1169)<br/>
                        org.testng.TestNG.runSuites(TestNG.java:1092)<br/>
                        org.testng.TestNG.run(TestNG.java:1060)<br/>
                        org.apache.maven.surefire.testng.TestNGExecutor.run(TestNGExecutor.java:284)<br/>
                        org.apache.maven.surefire.testng.TestNGXmlTestSuite.execute(TestNGXmlTestSuite.java:75)<br/>
                        org.apache.maven.surefire.testng.TestNGProvider.invoke(TestNGProvider.java:119)<br/>
                        org.apache.maven.surefire.booter.ForkedBooter.runSuitesInProcess(ForkedBooter.java:428)<br/>
                        org.apache.maven.surefire.booter.ForkedBooter.execute(ForkedBooter.java:162)<br/>
                        org.apache.maven.surefire.booter.ForkedBooter.run(ForkedBooter.java:562)<br/>
                        org.apache.maven.surefire.booter.ForkedBooter.main(ForkedBooter.java:548)<br/>
                </div>
        </td>
    </tr>
    <tr>
        <td class="method">
                signIn
        </td>
        <td class="duration">
            30.275s
        </td>
        <td class="result">
            <!-- Display the dependencies for skipped test methods -->

                <i>Method arguments: </i>
                <span class="arguments">
                    "nlmrclient@vebo.io", "j8L3pc5hJ20Sjn10Lp!"
                </span>
                <br/>

            <!-- Show logger output for the test -->
                <div class="testOutput">
                            Utilizator nlmrclient@vebo.io s-a logat<br/>
                            Debug Bar a fost ascuns<br/>
                            Utilizatorul a navigat cu succes la pagina - Google nl mr campaigns - iCRM v.36.46<br/>
                </div>

                <a href="javascript:toggleElement('exception-1', 'block')"
                   title="Click to expand/collapse">
                    <b>org.openqa.selenium.TimeoutException: Expected condition failed: waiting for element to be clickable: By.cssSelector: body &gt; div:nth-child(23) &gt; div.ranges &gt; ul &gt; li:nth-child(13) (tried for 10 second(s) with 500 milliseconds interval)<br/>
Build info: version: &apos;4.23.1&apos;, revision: &apos;656257d8e9&apos;<br/>
System info: os.name: &apos;Linux&apos;, os.arch: &apos;amd64&apos;, os.version: &apos;6.9.3-76060903-generic&apos;, java.version: &apos;21.0.5&apos;<br/>
Driver info: org.openqa.selenium.chrome.ChromeDriver<br/>
Capabilities {acceptInsecureCerts: false, browserName: chrome, browserVersion: 132.0.6834.83, chrome: {chromedriverVersion: 132.0.6834.83 (03d59cf5ecf1..., userDataDir: /tmp/.org.chromium.Chromium...}, fedcm:accounts: true, goog:chromeOptions: {debuggerAddress: localhost:46441}, networkConnectionEnabled: false, pageLoadStrategy: normal, platformName: linux, proxy: Proxy(), se:cdp: ws://localhost:46441/devtoo..., se:cdpVersion: 132.0.6834.83, setWindowRect: true, strictFileInteractability: false, timeouts: {implicit: 0, pageLoad: 300000, script: 30000}, unhandledPromptBehavior: dismiss and notify, webauthn:extension:credBlob: true, webauthn:extension:largeBlob: true, webauthn:extension:minPinLength: true, webauthn:extension:prf: true, webauthn:virtualAuthenticators: true}<br/>
Session ID: bd7195c795ba2c0413ad661d7236ea35</b>
                </a>
                <br/>
                <div class="stackTrace" id="exception-1">
                        org.openqa.selenium.support.ui.WebDriverWait.timeoutException(WebDriverWait.java:84)<br/>
                        org.openqa.selenium.support.ui.FluentWait.until(FluentWait.java:228)<br/>
                        com.crm.ClientTest.SpendAndTotalSpendTest.signIn(SpendAndTotalSpendTest.java:58)<br/>
                        java.base/jdk.internal.reflect.DirectMethodHandleAccessor.invoke(DirectMethodHandleAccessor.java:103)<br/>
                        java.base/java.lang.reflect.Method.invoke(Method.java:580)<br/>
                        org.testng.internal.invokers.MethodInvocationHelper.invokeMethod(MethodInvocationHelper.java:136)<br/>
                        org.testng.internal.invokers.TestInvoker.invokeMethod(TestInvoker.java:658)<br/>
                        org.testng.internal.invokers.TestInvoker.invokeTestMethod(TestInvoker.java:219)<br/>
                        org.testng.internal.invokers.MethodRunner.runInSequence(MethodRunner.java:50)<br/>
                        org.testng.internal.invokers.TestInvoker$MethodInvocationAgent.invoke(TestInvoker.java:923)<br/>
                        org.testng.internal.invokers.TestInvoker.invokeTestMethods(TestInvoker.java:192)<br/>
                        org.testng.internal.invokers.TestMethodWorker.invokeTestMethods(TestMethodWorker.java:146)<br/>
                        org.testng.internal.invokers.TestMethodWorker.run(TestMethodWorker.java:128)<br/>
                        java.base/java.util.ArrayList.forEach(ArrayList.java:1596)<br/>
                        org.testng.TestRunner.privateRun(TestRunner.java:808)<br/>
                        org.testng.TestRunner.run(TestRunner.java:603)<br/>
                        org.testng.SuiteRunner.runTest(SuiteRunner.java:429)<br/>
                        org.testng.SuiteRunner.runSequentially(SuiteRunner.java:423)<br/>
                        org.testng.SuiteRunner.privateRun(SuiteRunner.java:383)<br/>
                        org.testng.SuiteRunner.run(SuiteRunner.java:326)<br/>
                        org.testng.SuiteRunnerWorker.runSuite(SuiteRunnerWorker.java:52)<br/>
                        org.testng.SuiteRunnerWorker.run(SuiteRunnerWorker.java:95)<br/>
                        org.testng.TestNG.runSuitesSequentially(TestNG.java:1249)<br/>
                        org.testng.TestNG.runSuitesLocally(TestNG.java:1169)<br/>
                        org.testng.TestNG.runSuites(TestNG.java:1092)<br/>
                        org.testng.TestNG.run(TestNG.java:1060)<br/>
                        org.apache.maven.surefire.testng.TestNGExecutor.run(TestNGExecutor.java:284)<br/>
                        org.apache.maven.surefire.testng.TestNGXmlTestSuite.execute(TestNGXmlTestSuite.java:75)<br/>
                        org.apache.maven.surefire.testng.TestNGProvider.invoke(TestNGProvider.java:119)<br/>
                        org.apache.maven.surefire.booter.ForkedBooter.runSuitesInProcess(ForkedBooter.java:428)<br/>
                        org.apache.maven.surefire.booter.ForkedBooter.execute(ForkedBooter.java:162)<br/>
                        org.apache.maven.surefire.booter.ForkedBooter.run(ForkedBooter.java:562)<br/>
                        org.apache.maven.surefire.booter.ForkedBooter.main(ForkedBooter.java:548)<br/>
                </div>
        </td>
    </tr>
    <tr>
        <td class="method">
                signIn
        </td>
        <td class="duration">
            30.153s
        </td>
        <td class="result">
            <!-- Display the dependencies for skipped test methods -->

                <i>Method arguments: </i>
                <span class="arguments">
                    "bodmrclient@vebo.io", "j8L3pc5hJ20Sjn10Lp!"
                </span>
                <br/>

            <!-- Show logger output for the test -->
                <div class="testOutput">
                            Utilizator bodmrclient@vebo.io s-a logat<br/>
                            Debug Bar a fost ascuns<br/>
                            Utilizatorul a navigat cu succes la pagina - Bodmr2 campaigns - iCRM v.36.46<br/>
                </div>

                <a href="javascript:toggleElement('exception-2', 'block')"
                   title="Click to expand/collapse">
                    <b>org.openqa.selenium.TimeoutException: Expected condition failed: waiting for element to be clickable: By.cssSelector: body &gt; div:nth-child(23) &gt; div.ranges &gt; ul &gt; li:nth-child(13) (tried for 10 second(s) with 500 milliseconds interval)<br/>
Build info: version: &apos;4.23.1&apos;, revision: &apos;656257d8e9&apos;<br/>
System info: os.name: &apos;Linux&apos;, os.arch: &apos;amd64&apos;, os.version: &apos;6.9.3-76060903-generic&apos;, java.version: &apos;21.0.5&apos;<br/>
Driver info: org.openqa.selenium.chrome.ChromeDriver<br/>
Capabilities {acceptInsecureCerts: false, browserName: chrome, browserVersion: 132.0.6834.83, chrome: {chromedriverVersion: 132.0.6834.83 (03d59cf5ecf1..., userDataDir: /tmp/.org.chromium.Chromium...}, fedcm:accounts: true, goog:chromeOptions: {debuggerAddress: localhost:37437}, networkConnectionEnabled: false, pageLoadStrategy: normal, platformName: linux, proxy: Proxy(), se:cdp: ws://localhost:37437/devtoo..., se:cdpVersion: 132.0.6834.83, setWindowRect: true, strictFileInteractability: false, timeouts: {implicit: 0, pageLoad: 300000, script: 30000}, unhandledPromptBehavior: dismiss and notify, webauthn:extension:credBlob: true, webauthn:extension:largeBlob: true, webauthn:extension:minPinLength: true, webauthn:extension:prf: true, webauthn:virtualAuthenticators: true}<br/>
Session ID: 710851e94948b28484af789fa6dacd52</b>
                </a>
                <br/>
                <div class="stackTrace" id="exception-2">
                        org.openqa.selenium.support.ui.WebDriverWait.timeoutException(WebDriverWait.java:84)<br/>
                        org.openqa.selenium.support.ui.FluentWait.until(FluentWait.java:228)<br/>
                        com.crm.ClientTest.SpendAndTotalSpendTest.signIn(SpendAndTotalSpendTest.java:58)<br/>
                        java.base/jdk.internal.reflect.DirectMethodHandleAccessor.invoke(DirectMethodHandleAccessor.java:103)<br/>
                        java.base/java.lang.reflect.Method.invoke(Method.java:580)<br/>
                        org.testng.internal.invokers.MethodInvocationHelper.invokeMethod(MethodInvocationHelper.java:136)<br/>
                        org.testng.internal.invokers.TestInvoker.invokeMethod(TestInvoker.java:658)<br/>
                        org.testng.internal.invokers.TestInvoker.invokeTestMethod(TestInvoker.java:219)<br/>
                        org.testng.internal.invokers.MethodRunner.runInSequence(MethodRunner.java:50)<br/>
                        org.testng.internal.invokers.TestInvoker$MethodInvocationAgent.invoke(TestInvoker.java:923)<br/>
                        org.testng.internal.invokers.TestInvoker.invokeTestMethods(TestInvoker.java:192)<br/>
                        org.testng.internal.invokers.TestMethodWorker.invokeTestMethods(TestMethodWorker.java:146)<br/>
                        org.testng.internal.invokers.TestMethodWorker.run(TestMethodWorker.java:128)<br/>
                        java.base/java.util.ArrayList.forEach(ArrayList.java:1596)<br/>
                        org.testng.TestRunner.privateRun(TestRunner.java:808)<br/>
                        org.testng.TestRunner.run(TestRunner.java:603)<br/>
                        org.testng.SuiteRunner.runTest(SuiteRunner.java:429)<br/>
                        org.testng.SuiteRunner.runSequentially(SuiteRunner.java:423)<br/>
                        org.testng.SuiteRunner.privateRun(SuiteRunner.java:383)<br/>
                        org.testng.SuiteRunner.run(SuiteRunner.java:326)<br/>
                        org.testng.SuiteRunnerWorker.runSuite(SuiteRunnerWorker.java:52)<br/>
                        org.testng.SuiteRunnerWorker.run(SuiteRunnerWorker.java:95)<br/>
                        org.testng.TestNG.runSuitesSequentially(TestNG.java:1249)<br/>
                        org.testng.TestNG.runSuitesLocally(TestNG.java:1169)<br/>
                        org.testng.TestNG.runSuites(TestNG.java:1092)<br/>
                        org.testng.TestNG.run(TestNG.java:1060)<br/>
                        org.apache.maven.surefire.testng.TestNGExecutor.run(TestNGExecutor.java:284)<br/>
                        org.apache.maven.surefire.testng.TestNGXmlTestSuite.execute(TestNGXmlTestSuite.java:75)<br/>
                        org.apache.maven.surefire.testng.TestNGProvider.invoke(TestNGProvider.java:119)<br/>
                        org.apache.maven.surefire.booter.ForkedBooter.runSuitesInProcess(ForkedBooter.java:428)<br/>
                        org.apache.maven.surefire.booter.ForkedBooter.execute(ForkedBooter.java:162)<br/>
                        org.apache.maven.surefire.booter.ForkedBooter.run(ForkedBooter.java:562)<br/>
                        org.apache.maven.surefire.booter.ForkedBooter.main(ForkedBooter.java:548)<br/>
                </div>
        </td>
    </tr>
    <tr>
        <td class="method">
                signIn
        </td>
        <td class="duration">
            29.899s
        </td>
        <td class="result">
            <!-- Display the dependencies for skipped test methods -->

                <i>Method arguments: </i>
                <span class="arguments">
                    "fbclient@vebo.io", "j8L3pc5hJ20Sjn10Lp!"
                </span>
                <br/>

            <!-- Show logger output for the test -->
                <div class="testOutput">
                            Utilizator fbclient@vebo.io s-a logat<br/>
                            Debug Bar a fost ascuns<br/>
                            Utilizatorul a navigat cu succes la pagina - Facebook mr campaigns - iCRM v.36.46<br/>
                </div>

                <a href="javascript:toggleElement('exception-3', 'block')"
                   title="Click to expand/collapse">
                    <b>org.openqa.selenium.TimeoutException: Expected condition failed: waiting for element to be clickable: By.cssSelector: body &gt; div:nth-child(23) &gt; div.ranges &gt; ul &gt; li:nth-child(13) (tried for 10 second(s) with 500 milliseconds interval)<br/>
Build info: version: &apos;4.23.1&apos;, revision: &apos;656257d8e9&apos;<br/>
System info: os.name: &apos;Linux&apos;, os.arch: &apos;amd64&apos;, os.version: &apos;6.9.3-76060903-generic&apos;, java.version: &apos;21.0.5&apos;<br/>
Driver info: org.openqa.selenium.chrome.ChromeDriver<br/>
Capabilities {acceptInsecureCerts: false, browserName: chrome, browserVersion: 132.0.6834.83, chrome: {chromedriverVersion: 132.0.6834.83 (03d59cf5ecf1..., userDataDir: /tmp/.org.chromium.Chromium...}, fedcm:accounts: true, goog:chromeOptions: {debuggerAddress: localhost:44895}, networkConnectionEnabled: false, pageLoadStrategy: normal, platformName: linux, proxy: Proxy(), se:cdp: ws://localhost:44895/devtoo..., se:cdpVersion: 132.0.6834.83, setWindowRect: true, strictFileInteractability: false, timeouts: {implicit: 0, pageLoad: 300000, script: 30000}, unhandledPromptBehavior: dismiss and notify, webauthn:extension:credBlob: true, webauthn:extension:largeBlob: true, webauthn:extension:minPinLength: true, webauthn:extension:prf: true, webauthn:virtualAuthenticators: true}<br/>
Session ID: 82a4322ef633d2d5854e6796634ecc95</b>
                </a>
                <br/>
                <div class="stackTrace" id="exception-3">
                        org.openqa.selenium.support.ui.WebDriverWait.timeoutException(WebDriverWait.java:84)<br/>
                        org.openqa.selenium.support.ui.FluentWait.until(FluentWait.java:228)<br/>
                        com.crm.ClientTest.SpendAndTotalSpendTest.signIn(SpendAndTotalSpendTest.java:58)<br/>
                        java.base/jdk.internal.reflect.DirectMethodHandleAccessor.invoke(DirectMethodHandleAccessor.java:103)<br/>
                        java.base/java.lang.reflect.Method.invoke(Method.java:580)<br/>
                        org.testng.internal.invokers.MethodInvocationHelper.invokeMethod(MethodInvocationHelper.java:136)<br/>
                        org.testng.internal.invokers.TestInvoker.invokeMethod(TestInvoker.java:658)<br/>
                        org.testng.internal.invokers.TestInvoker.invokeTestMethod(TestInvoker.java:219)<br/>
                        org.testng.internal.invokers.MethodRunner.runInSequence(MethodRunner.java:50)<br/>
                        org.testng.internal.invokers.TestInvoker$MethodInvocationAgent.invoke(TestInvoker.java:923)<br/>
                        org.testng.internal.invokers.TestInvoker.invokeTestMethods(TestInvoker.java:192)<br/>
                        org.testng.internal.invokers.TestMethodWorker.invokeTestMethods(TestMethodWorker.java:146)<br/>
                        org.testng.internal.invokers.TestMethodWorker.run(TestMethodWorker.java:128)<br/>
                        java.base/java.util.ArrayList.forEach(ArrayList.java:1596)<br/>
                        org.testng.TestRunner.privateRun(TestRunner.java:808)<br/>
                        org.testng.TestRunner.run(TestRunner.java:603)<br/>
                        org.testng.SuiteRunner.runTest(SuiteRunner.java:429)<br/>
                        org.testng.SuiteRunner.runSequentially(SuiteRunner.java:423)<br/>
                        org.testng.SuiteRunner.privateRun(SuiteRunner.java:383)<br/>
                        org.testng.SuiteRunner.run(SuiteRunner.java:326)<br/>
                        org.testng.SuiteRunnerWorker.runSuite(SuiteRunnerWorker.java:52)<br/>
                        org.testng.SuiteRunnerWorker.run(SuiteRunnerWorker.java:95)<br/>
                        org.testng.TestNG.runSuitesSequentially(TestNG.java:1249)<br/>
                        org.testng.TestNG.runSuitesLocally(TestNG.java:1169)<br/>
                        org.testng.TestNG.runSuites(TestNG.java:1092)<br/>
                        org.testng.TestNG.run(TestNG.java:1060)<br/>
                        org.apache.maven.surefire.testng.TestNGExecutor.run(TestNGExecutor.java:284)<br/>
                        org.apache.maven.surefire.testng.TestNGXmlTestSuite.execute(TestNGXmlTestSuite.java:75)<br/>
                        org.apache.maven.surefire.testng.TestNGProvider.invoke(TestNGProvider.java:119)<br/>
                        org.apache.maven.surefire.booter.ForkedBooter.runSuitesInProcess(ForkedBooter.java:428)<br/>
                        org.apache.maven.surefire.booter.ForkedBooter.execute(ForkedBooter.java:162)<br/>
                        org.apache.maven.surefire.booter.ForkedBooter.run(ForkedBooter.java:562)<br/>
                        org.apache.maven.surefire.booter.ForkedBooter.main(ForkedBooter.java:548)<br/>
                </div>
        </td>
    </tr>
    </table>


    <table class="resultsTable" width="100%">
        <tr>
            <th colspan="3" class="header passed">Passed Tests</th>
        </tr>
            <tr>
                <td class="group" colspan="3">com.crm.ClientTest.SpendAndTotalSpendTest</td>
            </tr>
    <tr>
        <td class="method">
                signIn
        </td>
        <td class="duration">
            13.664s
        </td>
        <td class="result">
            <!-- Display the dependencies for skipped test methods -->

                <i>Method arguments: </i>
                <span class="arguments">
                    "grmrclient@vebo.io", "j8L3pc5hJ20Sjn10Lp!"
                </span>
                <br/>

            <!-- Show logger output for the test -->
                <div class="testOutput">
                            Utilizator grmrclient@vebo.io s-a logat<br/>
                            Debug Bar a fost ascuns<br/>
                            Utilizatorul a navigat cu succes la pagina - Google gr mr campaigns - iCRM v.36.46<br/>
                            Found: Total Spent -&gt; $201,316.35<br/>
                </div>

        </td>
    </tr>
    <tr>
        <td class="method">
                signIn
        </td>
        <td class="duration">
            12.428s
        </td>
        <td class="result">
            <!-- Display the dependencies for skipped test methods -->

                <i>Method arguments: </i>
                <span class="arguments">
                    "itmrclient@vebo.io", "j8L3pc5hJ20Sjn10Lp!"
                </span>
                <br/>

            <!-- Show logger output for the test -->
                <div class="testOutput">
                            Utilizator itmrclient@vebo.io s-a logat<br/>
                            Debug Bar a fost ascuns<br/>
                            Utilizatorul a navigat cu succes la pagina - Google it mr campaigns - iCRM v.36.46<br/>
                            Found: Total Spent -&gt; $1,264,938.11<br/>
                </div>

        </td>
    </tr>
    <tr>
        <td class="method">
                signIn
        </td>
        <td class="duration">
            22.941s
        </td>
        <td class="result">
            <!-- Display the dependencies for skipped test methods -->

                <i>Method arguments: </i>
                <span class="arguments">
                    "boomr-client@vebo.io", "j8L3pc5hJ20Sjn10Lp!"
                </span>
                <br/>

            <!-- Show logger output for the test -->
                <div class="testOutput">
                            Utilizator boomr-client@vebo.io s-a logat<br/>
                            Debug Bar a fost ascuns<br/>
                            Utilizatorul a navigat cu succes la pagina - Boomr campaigns - iCRM v.36.46<br/>
                            Found: Total Spent -&gt; $51,191.86<br/>
                </div>

        </td>
    </tr>
    <tr>
        <td class="method">
                signIn
        </td>
        <td class="duration">
            13.056s
        </td>
        <td class="result">
            <!-- Display the dependencies for skipped test methods -->

                <i>Method arguments: </i>
                <span class="arguments">
                    "atmrclient@vebo.io", "j8L3pc5hJ20Sjn10Lp!"
                </span>
                <br/>

            <!-- Show logger output for the test -->
                <div class="testOutput">
                            Utilizator atmrclient@vebo.io s-a logat<br/>
                            Debug Bar a fost ascuns<br/>
                            Utilizatorul a navigat cu succes la pagina - Google at mr campaigns - iCRM v.36.46<br/>
                            Found: Total Spent -&gt; $37,899.55<br/>
                </div>

        </td>
    </tr>
    <tr>
        <td class="method">
                signIn
        </td>
        <td class="duration">
            13.001s
        </td>
        <td class="result">
            <!-- Display the dependencies for skipped test methods -->

                <i>Method arguments: </i>
                <span class="arguments">
                    "bbmr-client@vebo.io", "j8L3pc5hJ20Sjn10Lp!"
                </span>
                <br/>

            <!-- Show logger output for the test -->
                <div class="testOutput">
                            Utilizator bbmr-client@vebo.io s-a logat<br/>
                            Debug Bar a fost ascuns<br/>
                            Utilizatorul a navigat cu succes la pagina - Bbmr campaigns - iCRM v.36.46<br/>
                            Found: Total Spent -&gt; $41,119.24<br/>
                </div>

        </td>
    </tr>
    <tr>
        <td class="method">
                signIn
        </td>
        <td class="duration">
            23.088s
        </td>
        <td class="result">
            <!-- Display the dependencies for skipped test methods -->

                <i>Method arguments: </i>
                <span class="arguments">
                    "bdgmr-client@vebo.io", "j8L3pc5hJ20Sjn10Lp!"
                </span>
                <br/>

            <!-- Show logger output for the test -->
                <div class="testOutput">
                            Utilizator bdgmr-client@vebo.io s-a logat<br/>
                            Debug Bar a fost ascuns<br/>
                            Utilizatorul a navigat cu succes la pagina - Bdgmr campaigns - iCRM v.36.46<br/>
                            Found: Total Spent -&gt; $57,719.76<br/>
                </div>

        </td>
    </tr>
    <tr>
        <td class="method">
                signIn
        </td>
        <td class="duration">
            12.771s
        </td>
        <td class="result">
            <!-- Display the dependencies for skipped test methods -->

                <i>Method arguments: </i>
                <span class="arguments">
                    "searchmrclient@vebo.io", "j8L3pc5hJ20Sjn10Lp!"
                </span>
                <br/>

            <!-- Show logger output for the test -->
                <div class="testOutput">
                            Utilizator searchmrclient@vebo.io s-a logat<br/>
                            Debug Bar a fost ascuns<br/>
                            Utilizatorul a navigat cu succes la pagina - Google search campaigns - iCRM v.36.46<br/>
                            Found: Total Spent -&gt; $4,757,080.19<br/>
                </div>

        </td>
    </tr>
    <tr>
        <td class="method">
                signIn
        </td>
        <td class="duration">
            23.360s
        </td>
        <td class="result">
            <!-- Display the dependencies for skipped test methods -->

                <i>Method arguments: </i>
                <span class="arguments">
                    "dlpmrclient@vebo.io", "j8L3pc5hJ20Sjn10Lp!"
                </span>
                <br/>

            <!-- Show logger output for the test -->
                <div class="testOutput">
                            Utilizator dlpmrclient@vebo.io s-a logat<br/>
                            Debug Bar a fost ascuns<br/>
                            Utilizatorul a navigat cu succes la pagina - Facebook dlpmr campaigns - iCRM v.36.46<br/>
                            Found: Total Spent -&gt; $98,699.55<br/>
                </div>

        </td>
    </tr>
    <tr>
        <td class="method">
                signIn
        </td>
        <td class="duration">
            12.699s
        </td>
        <td class="result">
            <!-- Display the dependencies for skipped test methods -->

                <i>Method arguments: </i>
                <span class="arguments">
                    "s2bclient@vebo.io", "j8L3pc5hJ20Sjn10Lp!"
                </span>
                <br/>

            <!-- Show logger output for the test -->
                <div class="testOutput">
                            Utilizator s2bclient@vebo.io s-a logat<br/>
                            Debug Bar a fost ascuns<br/>
                            Utilizatorul a navigat cu succes la pagina - Google s2b campaigns - iCRM v.36.46<br/>
                            Found: Total Spent -&gt; $215,409.74<br/>
                </div>

        </td>
    </tr>
    <tr>
        <td class="method">
                signIn
        </td>
        <td class="duration">
            23.924s
        </td>
        <td class="result">
            <!-- Display the dependencies for skipped test methods -->

                <i>Method arguments: </i>
                <span class="arguments">
                    "reportnew@vebo.io", "j8L3pc5hJ20Sjn10Lp!"
                </span>
                <br/>

            <!-- Show logger output for the test -->
                <div class="testOutput">
                            Utilizator reportnew@vebo.io s-a logat<br/>
                            Debug Bar a fost ascuns<br/>
                            Utilizatorul a navigat cu succes la pagina - Facebook mr campaigns - iCRM v.36.46<br/>
                            Found: Total Spent -&gt; $239,714.91<br/>
                </div>

        </td>
    </tr>
    <tr>
        <td class="method">
                signIn
        </td>
        <td class="duration">
            22.474s
        </td>
        <td class="result">
            <!-- Display the dependencies for skipped test methods -->

                <i>Method arguments: </i>
                <span class="arguments">
                    "fpmr-client@vebo.io", "j8L3pc5hJ20Sjn10Lp!"
                </span>
                <br/>

            <!-- Show logger output for the test -->
                <div class="testOutput">
                            Utilizator fpmr-client@vebo.io s-a logat<br/>
                            Debug Bar a fost ascuns<br/>
                            Utilizatorul a navigat cu succes la pagina - Fpmf campaigns - iCRM v.36.46<br/>
                            Found: Total Spent -&gt; $61,415.28<br/>
                </div>

        </td>
    </tr>
    <tr>
        <td class="method">
                signIn
        </td>
        <td class="duration">
            12.630s
        </td>
        <td class="result">
            <!-- Display the dependencies for skipped test methods -->

                <i>Method arguments: </i>
                <span class="arguments">
                    "spmrclient@vebo.io", "j8L3pc5hJ20Sjn10Lp!"
                </span>
                <br/>

            <!-- Show logger output for the test -->
                <div class="testOutput">
                            Utilizator spmrclient@vebo.io s-a logat<br/>
                            Debug Bar a fost ascuns<br/>
                            Utilizatorul a navigat cu succes la pagina - Google sp mr campaigns - iCRM v.36.46<br/>
                            Found: Total Spent -&gt; $17,289.93<br/>
                </div>

        </td>
    </tr>
    <tr>
        <td class="method">
                signIn
        </td>
        <td class="duration">
            12.570s
        </td>
        <td class="result">
            <!-- Display the dependencies for skipped test methods -->

                <i>Method arguments: </i>
                <span class="arguments">
                    "chmrclient@vebo.io", "j8L3pc5hJ20Sjn10Lp!"
                </span>
                <br/>

            <!-- Show logger output for the test -->
                <div class="testOutput">
                            Utilizator chmrclient@vebo.io s-a logat<br/>
                            Debug Bar a fost ascuns<br/>
                            Utilizatorul a navigat cu succes la pagina - Google ch mr campaigns - iCRM v.36.46<br/>
                            Found: Total Spent -&gt; $35,095.28<br/>
                </div>

        </td>
    </tr>
    <tr>
        <td class="method">
                signIn
        </td>
        <td class="duration">
            22.758s
        </td>
        <td class="result">
            <!-- Display the dependencies for skipped test methods -->

                <i>Method arguments: </i>
                <span class="arguments">
                    "kngmr@vebo.io", "j8L3pc5hJ20Sjn10Lp!"
                </span>
                <br/>

            <!-- Show logger output for the test -->
                <div class="testOutput">
                            Utilizator kngmr@vebo.io s-a logat<br/>
                            Debug Bar a fost ascuns<br/>
                            Utilizatorul a navigat cu succes la pagina - Kfb campaigns - iCRM v.36.46<br/>
                            Found: Total Spent -&gt; $137,200.23<br/>
                </div>

        </td>
    </tr>
    <tr>
        <td class="method">
                signIn
        </td>
        <td class="duration">
            12.507s
        </td>
        <td class="result">
            <!-- Display the dependencies for skipped test methods -->

                <i>Method arguments: </i>
                <span class="arguments">
                    "demandgen@vebo.io", "j8L3pc5hJ20Sjn10Lp!"
                </span>
                <br/>

            <!-- Show logger output for the test -->
                <div class="testOutput">
                            Utilizator demandgen@vebo.io s-a logat<br/>
                            Debug Bar a fost ascuns<br/>
                            Utilizatorul a navigat cu succes la pagina - Google dr campaigns - iCRM v.36.46<br/>
                            Found: Total Spent -&gt; $1,155,500.17<br/>
                </div>

        </td>
    </tr>
    </table>

<script type="text/javascript" src="reportng.js"></script>
</body>
