<html>
<head>
<title>TestNG:  column Test</title>
<link href="../testng.css" rel="stylesheet" type="text/css" />
<link href="../my-testng.css" rel="stylesheet" type="text/css" />

<style type="text/css">
.log { display: none;} 
.stack-trace { display: none;} 
</style>
<script type="text/javascript">
<!--
function flip(e) {
  current = e.style.display;
  if (current == 'block') {
    e.style.display = 'none';
    return 0;
  }
  else {
    e.style.display = 'block';
    return 1;
  }
}

function toggleBox(szDivId, elem, msg1, msg2)
{
  var res = -1;  if (document.getElementById) {
    res = flip(document.getElementById(szDivId));
  }
  else if (document.all) {
    // this is the way old msie versions work
    res = flip(document.all[szDivId]);
  }
  if(elem) {
    if(res == 0) elem.innerHTML = msg1; else elem.innerHTML = msg2;
  }

}

function toggleAllBoxes() {
  if (document.getElementsByTagName) {
    d = document.getElementsByTagName('div');
    for (i = 0; i < d.length; i++) {
      if (d[i].className == 'log') {
        flip(d[i]);
      }
    }
  }
}

// -->
</script>

</head>
<body>
<h2 align='center'>column Test</h2><table border='1' align="center">
<tr>
<td>Tests passed/Failed/Skipped:</td><td>15/4/0</td>
</tr><tr>
<td>Started on:</td><td>Wed Jan 22 17:55:39 EET 2025</td>
</tr>
<tr><td>Total time:</td><td>367 seconds (367362 ms)</td>
</tr><tr>
<td>Included groups:</td><td></td>
</tr><tr>
<td>Excluded groups:</td><td></td>
</tr>
</table><p/>
<small><i>(Hover the method name to see the test class name)</i></small><p/>
<table width='100%' border='1' class='invocation-failed'>
<tr><td colspan='4' align='center'><b>FAILED TESTS</b></td></tr>
<tr><td><b>Test method</b></td>
<td width="30%"><b>Exception</b></td>
<td width="10%"><b>Time (seconds)</b></td>
<td><b>Instance</b></td>
</tr>
<tr>
<td title='com.crm.ClientTest.SpendAndTotalSpendTest.signIn()'><b>signIn</b><br>Test class: com.crm.ClientTest.SpendAndTotalSpendTest<br>Parameters: fbclient@vebo.io, j8L3pc5hJ20Sjn10Lp!<br/>
<a href="#Output-1665308978" onClick='toggleBox("Output-1665308978", this, "Show output", "Hide output");'>Show output</a>

<a href="#Output-1665308978" onClick="toggleAllBoxes();">Show all outputs</a>
<div class='log' id="Output-1665308978">
Utilizator fbclient@vebo.io s-a logat<br/>
Debug Bar a fost ascuns<br/>
Utilizatorul a navigat cu succes la pagina - Facebook mr campaigns - iCRM v.36.46<br/>
</div>
</td>
<td><div><pre>org.openqa.selenium.TimeoutException: Expected condition failed: waiting for element to be clickable: By.cssSelector: body &gt; div:nth-child(23) &gt; div.ranges &gt; ul &gt; li:nth-child(13) (tried for 10 second(s) with 500 milliseconds interval)
Build info: version: &apos;4.23.1&apos;, revision: &apos;656257d8e9&apos;
System info: os.name: &apos;Linux&apos;, os.arch: &apos;amd64&apos;, os.version: &apos;6.9.3-76060903-generic&apos;, java.version: &apos;21.0.5&apos;
Driver info: org.openqa.selenium.chrome.ChromeDriver
Capabilities {acceptInsecureCerts: false, browserName: chrome, browserVersion: 132.0.6834.83, chrome: {chromedriverVersion: 132.0.6834.83 (03d59cf5ecf1..., userDataDir: /tmp/.org.chromium.Chromium...}, fedcm:accounts: true, goog:chromeOptions: {debuggerAddress: localhost:44895}, networkConnectionEnabled: false, pageLoadStrategy: normal, platformName: linux, proxy: Proxy(), se:cdp: ws://localhost:44895/devtoo..., se:cdpVersion: 132.0.6834.83, setWindowRect: true, strictFileInteractability: false, timeouts: {implicit: 0, pageLoad: 300000, script: 30000}, unhandledPromptBehavior: dismiss and notify, webauthn:extension:credBlob: true, webauthn:extension:largeBlob: true, webauthn:extension:minPinLength: true, webauthn:extension:prf: true, webauthn:virtualAuthenticators: true}
Session ID: 82a4322ef633d2d5854e6796634ecc95
	at org.openqa.selenium.support.ui.WebDriverWait.timeoutException(WebDriverWait.java:84)
	at org.openqa.selenium.support.ui.FluentWait.until(FluentWait.java:228)
	at com.crm.ClientTest.SpendAndTotalSpendTest.signIn(SpendAndTotalSpendTest.java:58)
	at java.base/java.util.ArrayList.forEach(ArrayList.java:1596)
... Removed 29 stack frames</pre></div><a href='#' onClick='toggleBox("stack-trace1665308978", this, "Click to show all stack frames", "Click to hide stack frames")'>Click to show all stack frames</a>
<div class='stack-trace' id='stack-trace1665308978'><pre>org.openqa.selenium.TimeoutException: Expected condition failed: waiting for element to be clickable: By.cssSelector: body &gt; div:nth-child(23) &gt; div.ranges &gt; ul &gt; li:nth-child(13) (tried for 10 second(s) with 500 milliseconds interval)
Build info: version: &apos;4.23.1&apos;, revision: &apos;656257d8e9&apos;
System info: os.name: &apos;Linux&apos;, os.arch: &apos;amd64&apos;, os.version: &apos;6.9.3-76060903-generic&apos;, java.version: &apos;21.0.5&apos;
Driver info: org.openqa.selenium.chrome.ChromeDriver
Capabilities {acceptInsecureCerts: false, browserName: chrome, browserVersion: 132.0.6834.83, chrome: {chromedriverVersion: 132.0.6834.83 (03d59cf5ecf1..., userDataDir: /tmp/.org.chromium.Chromium...}, fedcm:accounts: true, goog:chromeOptions: {debuggerAddress: localhost:44895}, networkConnectionEnabled: false, pageLoadStrategy: normal, platformName: linux, proxy: Proxy(), se:cdp: ws://localhost:44895/devtoo..., se:cdpVersion: 132.0.6834.83, setWindowRect: true, strictFileInteractability: false, timeouts: {implicit: 0, pageLoad: 300000, script: 30000}, unhandledPromptBehavior: dismiss and notify, webauthn:extension:credBlob: true, webauthn:extension:largeBlob: true, webauthn:extension:minPinLength: true, webauthn:extension:prf: true, webauthn:virtualAuthenticators: true}
Session ID: 82a4322ef633d2d5854e6796634ecc95
	at org.openqa.selenium.support.ui.WebDriverWait.timeoutException(WebDriverWait.java:84)
	at org.openqa.selenium.support.ui.FluentWait.until(FluentWait.java:228)
	at com.crm.ClientTest.SpendAndTotalSpendTest.signIn(SpendAndTotalSpendTest.java:58)
	at java.base/jdk.internal.reflect.DirectMethodHandleAccessor.invoke(DirectMethodHandleAccessor.java:103)
	at java.base/java.lang.reflect.Method.invoke(Method.java:580)
	at org.testng.internal.invokers.MethodInvocationHelper.invokeMethod(MethodInvocationHelper.java:136)
	at org.testng.internal.invokers.TestInvoker.invokeMethod(TestInvoker.java:658)
	at org.testng.internal.invokers.TestInvoker.invokeTestMethod(TestInvoker.java:219)
	at org.testng.internal.invokers.MethodRunner.runInSequence(MethodRunner.java:50)
	at org.testng.internal.invokers.TestInvoker$MethodInvocationAgent.invoke(TestInvoker.java:923)
	at org.testng.internal.invokers.TestInvoker.invokeTestMethods(TestInvoker.java:192)
	at org.testng.internal.invokers.TestMethodWorker.invokeTestMethods(TestMethodWorker.java:146)
	at org.testng.internal.invokers.TestMethodWorker.run(TestMethodWorker.java:128)
	at java.base/java.util.ArrayList.forEach(ArrayList.java:1596)
	at org.testng.TestRunner.privateRun(TestRunner.java:808)
	at org.testng.TestRunner.run(TestRunner.java:603)
	at org.testng.SuiteRunner.runTest(SuiteRunner.java:429)
	at org.testng.SuiteRunner.runSequentially(SuiteRunner.java:423)
	at org.testng.SuiteRunner.privateRun(SuiteRunner.java:383)
	at org.testng.SuiteRunner.run(SuiteRunner.java:326)
	at org.testng.SuiteRunnerWorker.runSuite(SuiteRunnerWorker.java:52)
	at org.testng.SuiteRunnerWorker.run(SuiteRunnerWorker.java:95)
	at org.testng.TestNG.runSuitesSequentially(TestNG.java:1249)
	at org.testng.TestNG.runSuitesLocally(TestNG.java:1169)
	at org.testng.TestNG.runSuites(TestNG.java:1092)
	at org.testng.TestNG.run(TestNG.java:1060)
	at org.apache.maven.surefire.testng.TestNGExecutor.run(TestNGExecutor.java:284)
	at org.apache.maven.surefire.testng.TestNGXmlTestSuite.execute(TestNGXmlTestSuite.java:75)
	at org.apache.maven.surefire.testng.TestNGProvider.invoke(TestNGProvider.java:119)
	at org.apache.maven.surefire.booter.ForkedBooter.runSuitesInProcess(ForkedBooter.java:428)
	at org.apache.maven.surefire.booter.ForkedBooter.execute(ForkedBooter.java:162)
	at org.apache.maven.surefire.booter.ForkedBooter.run(ForkedBooter.java:562)
	at org.apache.maven.surefire.booter.ForkedBooter.main(ForkedBooter.java:548)
</pre></div></td>
<td>29</td>
<td>com.crm.ClientTest.SpendAndTotalSpendTest@6ce139a4</td></tr>
<tr>
<td title='com.crm.ClientTest.SpendAndTotalSpendTest.signIn()'><b>signIn</b><br>Test class: com.crm.ClientTest.SpendAndTotalSpendTest<br>Parameters: bodmrclient@vebo.io, j8L3pc5hJ20Sjn10Lp!<br/>
<a href="#Output-638743982" onClick='toggleBox("Output-638743982", this, "Show output", "Hide output");'>Show output</a>

<a href="#Output-638743982" onClick="toggleAllBoxes();">Show all outputs</a>
<div class='log' id="Output-638743982">
Utilizator bodmrclient@vebo.io s-a logat<br/>
Debug Bar a fost ascuns<br/>
Utilizatorul a navigat cu succes la pagina - Bodmr2 campaigns - iCRM v.36.46<br/>
</div>
</td>
<td><div><pre>org.openqa.selenium.TimeoutException: Expected condition failed: waiting for element to be clickable: By.cssSelector: body &gt; div:nth-child(23) &gt; div.ranges &gt; ul &gt; li:nth-child(13) (tried for 10 second(s) with 500 milliseconds interval)
Build info: version: &apos;4.23.1&apos;, revision: &apos;656257d8e9&apos;
System info: os.name: &apos;Linux&apos;, os.arch: &apos;amd64&apos;, os.version: &apos;6.9.3-76060903-generic&apos;, java.version: &apos;21.0.5&apos;
Driver info: org.openqa.selenium.chrome.ChromeDriver
Capabilities {acceptInsecureCerts: false, browserName: chrome, browserVersion: 132.0.6834.83, chrome: {chromedriverVersion: 132.0.6834.83 (03d59cf5ecf1..., userDataDir: /tmp/.org.chromium.Chromium...}, fedcm:accounts: true, goog:chromeOptions: {debuggerAddress: localhost:37437}, networkConnectionEnabled: false, pageLoadStrategy: normal, platformName: linux, proxy: Proxy(), se:cdp: ws://localhost:37437/devtoo..., se:cdpVersion: 132.0.6834.83, setWindowRect: true, strictFileInteractability: false, timeouts: {implicit: 0, pageLoad: 300000, script: 30000}, unhandledPromptBehavior: dismiss and notify, webauthn:extension:credBlob: true, webauthn:extension:largeBlob: true, webauthn:extension:minPinLength: true, webauthn:extension:prf: true, webauthn:virtualAuthenticators: true}
Session ID: 710851e94948b28484af789fa6dacd52
	at org.openqa.selenium.support.ui.WebDriverWait.timeoutException(WebDriverWait.java:84)
	at org.openqa.selenium.support.ui.FluentWait.until(FluentWait.java:228)
	at com.crm.ClientTest.SpendAndTotalSpendTest.signIn(SpendAndTotalSpendTest.java:58)
	at java.base/java.util.ArrayList.forEach(ArrayList.java:1596)
... Removed 29 stack frames</pre></div><a href='#' onClick='toggleBox("stack-trace638743982", this, "Click to show all stack frames", "Click to hide stack frames")'>Click to show all stack frames</a>
<div class='stack-trace' id='stack-trace638743982'><pre>org.openqa.selenium.TimeoutException: Expected condition failed: waiting for element to be clickable: By.cssSelector: body &gt; div:nth-child(23) &gt; div.ranges &gt; ul &gt; li:nth-child(13) (tried for 10 second(s) with 500 milliseconds interval)
Build info: version: &apos;4.23.1&apos;, revision: &apos;656257d8e9&apos;
System info: os.name: &apos;Linux&apos;, os.arch: &apos;amd64&apos;, os.version: &apos;6.9.3-76060903-generic&apos;, java.version: &apos;21.0.5&apos;
Driver info: org.openqa.selenium.chrome.ChromeDriver
Capabilities {acceptInsecureCerts: false, browserName: chrome, browserVersion: 132.0.6834.83, chrome: {chromedriverVersion: 132.0.6834.83 (03d59cf5ecf1..., userDataDir: /tmp/.org.chromium.Chromium...}, fedcm:accounts: true, goog:chromeOptions: {debuggerAddress: localhost:37437}, networkConnectionEnabled: false, pageLoadStrategy: normal, platformName: linux, proxy: Proxy(), se:cdp: ws://localhost:37437/devtoo..., se:cdpVersion: 132.0.6834.83, setWindowRect: true, strictFileInteractability: false, timeouts: {implicit: 0, pageLoad: 300000, script: 30000}, unhandledPromptBehavior: dismiss and notify, webauthn:extension:credBlob: true, webauthn:extension:largeBlob: true, webauthn:extension:minPinLength: true, webauthn:extension:prf: true, webauthn:virtualAuthenticators: true}
Session ID: 710851e94948b28484af789fa6dacd52
	at org.openqa.selenium.support.ui.WebDriverWait.timeoutException(WebDriverWait.java:84)
	at org.openqa.selenium.support.ui.FluentWait.until(FluentWait.java:228)
	at com.crm.ClientTest.SpendAndTotalSpendTest.signIn(SpendAndTotalSpendTest.java:58)
	at java.base/jdk.internal.reflect.DirectMethodHandleAccessor.invoke(DirectMethodHandleAccessor.java:103)
	at java.base/java.lang.reflect.Method.invoke(Method.java:580)
	at org.testng.internal.invokers.MethodInvocationHelper.invokeMethod(MethodInvocationHelper.java:136)
	at org.testng.internal.invokers.TestInvoker.invokeMethod(TestInvoker.java:658)
	at org.testng.internal.invokers.TestInvoker.invokeTestMethod(TestInvoker.java:219)
	at org.testng.internal.invokers.MethodRunner.runInSequence(MethodRunner.java:50)
	at org.testng.internal.invokers.TestInvoker$MethodInvocationAgent.invoke(TestInvoker.java:923)
	at org.testng.internal.invokers.TestInvoker.invokeTestMethods(TestInvoker.java:192)
	at org.testng.internal.invokers.TestMethodWorker.invokeTestMethods(TestMethodWorker.java:146)
	at org.testng.internal.invokers.TestMethodWorker.run(TestMethodWorker.java:128)
	at java.base/java.util.ArrayList.forEach(ArrayList.java:1596)
	at org.testng.TestRunner.privateRun(TestRunner.java:808)
	at org.testng.TestRunner.run(TestRunner.java:603)
	at org.testng.SuiteRunner.runTest(SuiteRunner.java:429)
	at org.testng.SuiteRunner.runSequentially(SuiteRunner.java:423)
	at org.testng.SuiteRunner.privateRun(SuiteRunner.java:383)
	at org.testng.SuiteRunner.run(SuiteRunner.java:326)
	at org.testng.SuiteRunnerWorker.runSuite(SuiteRunnerWorker.java:52)
	at org.testng.SuiteRunnerWorker.run(SuiteRunnerWorker.java:95)
	at org.testng.TestNG.runSuitesSequentially(TestNG.java:1249)
	at org.testng.TestNG.runSuitesLocally(TestNG.java:1169)
	at org.testng.TestNG.runSuites(TestNG.java:1092)
	at org.testng.TestNG.run(TestNG.java:1060)
	at org.apache.maven.surefire.testng.TestNGExecutor.run(TestNGExecutor.java:284)
	at org.apache.maven.surefire.testng.TestNGXmlTestSuite.execute(TestNGXmlTestSuite.java:75)
	at org.apache.maven.surefire.testng.TestNGProvider.invoke(TestNGProvider.java:119)
	at org.apache.maven.surefire.booter.ForkedBooter.runSuitesInProcess(ForkedBooter.java:428)
	at org.apache.maven.surefire.booter.ForkedBooter.execute(ForkedBooter.java:162)
	at org.apache.maven.surefire.booter.ForkedBooter.run(ForkedBooter.java:562)
	at org.apache.maven.surefire.booter.ForkedBooter.main(ForkedBooter.java:548)
</pre></div></td>
<td>30</td>
<td>com.crm.ClientTest.SpendAndTotalSpendTest@6ce139a4</td></tr>
<tr>
<td title='com.crm.ClientTest.SpendAndTotalSpendTest.signIn()'><b>signIn</b><br>Test class: com.crm.ClientTest.SpendAndTotalSpendTest<br>Parameters: demrclient@vebo.io, j8L3pc5hJ20Sjn10Lp!<br/>
<a href="#Output-67570169" onClick='toggleBox("Output-67570169", this, "Show output", "Hide output");'>Show output</a>

<a href="#Output-67570169" onClick="toggleAllBoxes();">Show all outputs</a>
<div class='log' id="Output-67570169">
Utilizator demrclient@vebo.io s-a logat<br/>
Debug Bar a fost ascuns<br/>
Utilizatorul a navigat cu succes la pagina - Google de mr campaigns - iCRM v.36.46<br/>
Found: Total Spent -> <br/>
</div>
</td>
<td><div><pre>java.lang.AssertionError: Value under &apos;Total Spent&apos; should not be empty expected [false] but found [true]
	at com.crm.ClientTest.SpendAndTotalSpendTest.signIn(SpendAndTotalSpendTest.java:86)
	at java.base/java.util.ArrayList.forEach(ArrayList.java:1596)
... Removed 32 stack frames</pre></div><a href='#' onClick='toggleBox("stack-trace67570169", this, "Click to show all stack frames", "Click to hide stack frames")'>Click to show all stack frames</a>
<div class='stack-trace' id='stack-trace67570169'><pre>java.lang.AssertionError: Value under &apos;Total Spent&apos; should not be empty expected [false] but found [true]
	at org.testng.Assert.fail(Assert.java:110)
	at org.testng.Assert.failNotEquals(Assert.java:1413)
	at org.testng.Assert.assertFalse(Assert.java:78)
	at com.crm.ClientTest.SpendAndTotalSpendTest.signIn(SpendAndTotalSpendTest.java:86)
	at java.base/jdk.internal.reflect.DirectMethodHandleAccessor.invoke(DirectMethodHandleAccessor.java:103)
	at java.base/java.lang.reflect.Method.invoke(Method.java:580)
	at org.testng.internal.invokers.MethodInvocationHelper.invokeMethod(MethodInvocationHelper.java:136)
	at org.testng.internal.invokers.TestInvoker.invokeMethod(TestInvoker.java:658)
	at org.testng.internal.invokers.TestInvoker.invokeTestMethod(TestInvoker.java:219)
	at org.testng.internal.invokers.MethodRunner.runInSequence(MethodRunner.java:50)
	at org.testng.internal.invokers.TestInvoker$MethodInvocationAgent.invoke(TestInvoker.java:923)
	at org.testng.internal.invokers.TestInvoker.invokeTestMethods(TestInvoker.java:192)
	at org.testng.internal.invokers.TestMethodWorker.invokeTestMethods(TestMethodWorker.java:146)
	at org.testng.internal.invokers.TestMethodWorker.run(TestMethodWorker.java:128)
	at java.base/java.util.ArrayList.forEach(ArrayList.java:1596)
	at org.testng.TestRunner.privateRun(TestRunner.java:808)
	at org.testng.TestRunner.run(TestRunner.java:603)
	at org.testng.SuiteRunner.runTest(SuiteRunner.java:429)
	at org.testng.SuiteRunner.runSequentially(SuiteRunner.java:423)
	at org.testng.SuiteRunner.privateRun(SuiteRunner.java:383)
	at org.testng.SuiteRunner.run(SuiteRunner.java:326)
	at org.testng.SuiteRunnerWorker.runSuite(SuiteRunnerWorker.java:52)
	at org.testng.SuiteRunnerWorker.run(SuiteRunnerWorker.java:95)
	at org.testng.TestNG.runSuitesSequentially(TestNG.java:1249)
	at org.testng.TestNG.runSuitesLocally(TestNG.java:1169)
	at org.testng.TestNG.runSuites(TestNG.java:1092)
	at org.testng.TestNG.run(TestNG.java:1060)
	at org.apache.maven.surefire.testng.TestNGExecutor.run(TestNGExecutor.java:284)
	at org.apache.maven.surefire.testng.TestNGXmlTestSuite.execute(TestNGXmlTestSuite.java:75)
	at org.apache.maven.surefire.testng.TestNGProvider.invoke(TestNGProvider.java:119)
	at org.apache.maven.surefire.booter.ForkedBooter.runSuitesInProcess(ForkedBooter.java:428)
	at org.apache.maven.surefire.booter.ForkedBooter.execute(ForkedBooter.java:162)
	at org.apache.maven.surefire.booter.ForkedBooter.run(ForkedBooter.java:562)
	at org.apache.maven.surefire.booter.ForkedBooter.main(ForkedBooter.java:548)
</pre></div></td>
<td>12</td>
<td>com.crm.ClientTest.SpendAndTotalSpendTest@6ce139a4</td></tr>
<tr>
<td title='com.crm.ClientTest.SpendAndTotalSpendTest.signIn()'><b>signIn</b><br>Test class: com.crm.ClientTest.SpendAndTotalSpendTest<br>Parameters: nlmrclient@vebo.io, j8L3pc5hJ20Sjn10Lp!<br/>
<a href="#Output-1966787205" onClick='toggleBox("Output-1966787205", this, "Show output", "Hide output");'>Show output</a>

<a href="#Output-1966787205" onClick="toggleAllBoxes();">Show all outputs</a>
<div class='log' id="Output-1966787205">
Utilizator nlmrclient@vebo.io s-a logat<br/>
Debug Bar a fost ascuns<br/>
Utilizatorul a navigat cu succes la pagina - Google nl mr campaigns - iCRM v.36.46<br/>
</div>
</td>
<td><div><pre>org.openqa.selenium.TimeoutException: Expected condition failed: waiting for element to be clickable: By.cssSelector: body &gt; div:nth-child(23) &gt; div.ranges &gt; ul &gt; li:nth-child(13) (tried for 10 second(s) with 500 milliseconds interval)
Build info: version: &apos;4.23.1&apos;, revision: &apos;656257d8e9&apos;
System info: os.name: &apos;Linux&apos;, os.arch: &apos;amd64&apos;, os.version: &apos;6.9.3-76060903-generic&apos;, java.version: &apos;21.0.5&apos;
Driver info: org.openqa.selenium.chrome.ChromeDriver
Capabilities {acceptInsecureCerts: false, browserName: chrome, browserVersion: 132.0.6834.83, chrome: {chromedriverVersion: 132.0.6834.83 (03d59cf5ecf1..., userDataDir: /tmp/.org.chromium.Chromium...}, fedcm:accounts: true, goog:chromeOptions: {debuggerAddress: localhost:46441}, networkConnectionEnabled: false, pageLoadStrategy: normal, platformName: linux, proxy: Proxy(), se:cdp: ws://localhost:46441/devtoo..., se:cdpVersion: 132.0.6834.83, setWindowRect: true, strictFileInteractability: false, timeouts: {implicit: 0, pageLoad: 300000, script: 30000}, unhandledPromptBehavior: dismiss and notify, webauthn:extension:credBlob: true, webauthn:extension:largeBlob: true, webauthn:extension:minPinLength: true, webauthn:extension:prf: true, webauthn:virtualAuthenticators: true}
Session ID: bd7195c795ba2c0413ad661d7236ea35
	at org.openqa.selenium.support.ui.WebDriverWait.timeoutException(WebDriverWait.java:84)
	at org.openqa.selenium.support.ui.FluentWait.until(FluentWait.java:228)
	at com.crm.ClientTest.SpendAndTotalSpendTest.signIn(SpendAndTotalSpendTest.java:58)
	at java.base/java.util.ArrayList.forEach(ArrayList.java:1596)
... Removed 29 stack frames</pre></div><a href='#' onClick='toggleBox("stack-trace1966787205", this, "Click to show all stack frames", "Click to hide stack frames")'>Click to show all stack frames</a>
<div class='stack-trace' id='stack-trace1966787205'><pre>org.openqa.selenium.TimeoutException: Expected condition failed: waiting for element to be clickable: By.cssSelector: body &gt; div:nth-child(23) &gt; div.ranges &gt; ul &gt; li:nth-child(13) (tried for 10 second(s) with 500 milliseconds interval)
Build info: version: &apos;4.23.1&apos;, revision: &apos;656257d8e9&apos;
System info: os.name: &apos;Linux&apos;, os.arch: &apos;amd64&apos;, os.version: &apos;6.9.3-76060903-generic&apos;, java.version: &apos;21.0.5&apos;
Driver info: org.openqa.selenium.chrome.ChromeDriver
Capabilities {acceptInsecureCerts: false, browserName: chrome, browserVersion: 132.0.6834.83, chrome: {chromedriverVersion: 132.0.6834.83 (03d59cf5ecf1..., userDataDir: /tmp/.org.chromium.Chromium...}, fedcm:accounts: true, goog:chromeOptions: {debuggerAddress: localhost:46441}, networkConnectionEnabled: false, pageLoadStrategy: normal, platformName: linux, proxy: Proxy(), se:cdp: ws://localhost:46441/devtoo..., se:cdpVersion: 132.0.6834.83, setWindowRect: true, strictFileInteractability: false, timeouts: {implicit: 0, pageLoad: 300000, script: 30000}, unhandledPromptBehavior: dismiss and notify, webauthn:extension:credBlob: true, webauthn:extension:largeBlob: true, webauthn:extension:minPinLength: true, webauthn:extension:prf: true, webauthn:virtualAuthenticators: true}
Session ID: bd7195c795ba2c0413ad661d7236ea35
	at org.openqa.selenium.support.ui.WebDriverWait.timeoutException(WebDriverWait.java:84)
	at org.openqa.selenium.support.ui.FluentWait.until(FluentWait.java:228)
	at com.crm.ClientTest.SpendAndTotalSpendTest.signIn(SpendAndTotalSpendTest.java:58)
	at java.base/jdk.internal.reflect.DirectMethodHandleAccessor.invoke(DirectMethodHandleAccessor.java:103)
	at java.base/java.lang.reflect.Method.invoke(Method.java:580)
	at org.testng.internal.invokers.MethodInvocationHelper.invokeMethod(MethodInvocationHelper.java:136)
	at org.testng.internal.invokers.TestInvoker.invokeMethod(TestInvoker.java:658)
	at org.testng.internal.invokers.TestInvoker.invokeTestMethod(TestInvoker.java:219)
	at org.testng.internal.invokers.MethodRunner.runInSequence(MethodRunner.java:50)
	at org.testng.internal.invokers.TestInvoker$MethodInvocationAgent.invoke(TestInvoker.java:923)
	at org.testng.internal.invokers.TestInvoker.invokeTestMethods(TestInvoker.java:192)
	at org.testng.internal.invokers.TestMethodWorker.invokeTestMethods(TestMethodWorker.java:146)
	at org.testng.internal.invokers.TestMethodWorker.run(TestMethodWorker.java:128)
	at java.base/java.util.ArrayList.forEach(ArrayList.java:1596)
	at org.testng.TestRunner.privateRun(TestRunner.java:808)
	at org.testng.TestRunner.run(TestRunner.java:603)
	at org.testng.SuiteRunner.runTest(SuiteRunner.java:429)
	at org.testng.SuiteRunner.runSequentially(SuiteRunner.java:423)
	at org.testng.SuiteRunner.privateRun(SuiteRunner.java:383)
	at org.testng.SuiteRunner.run(SuiteRunner.java:326)
	at org.testng.SuiteRunnerWorker.runSuite(SuiteRunnerWorker.java:52)
	at org.testng.SuiteRunnerWorker.run(SuiteRunnerWorker.java:95)
	at org.testng.TestNG.runSuitesSequentially(TestNG.java:1249)
	at org.testng.TestNG.runSuitesLocally(TestNG.java:1169)
	at org.testng.TestNG.runSuites(TestNG.java:1092)
	at org.testng.TestNG.run(TestNG.java:1060)
	at org.apache.maven.surefire.testng.TestNGExecutor.run(TestNGExecutor.java:284)
	at org.apache.maven.surefire.testng.TestNGXmlTestSuite.execute(TestNGXmlTestSuite.java:75)
	at org.apache.maven.surefire.testng.TestNGProvider.invoke(TestNGProvider.java:119)
	at org.apache.maven.surefire.booter.ForkedBooter.runSuitesInProcess(ForkedBooter.java:428)
	at org.apache.maven.surefire.booter.ForkedBooter.execute(ForkedBooter.java:162)
	at org.apache.maven.surefire.booter.ForkedBooter.run(ForkedBooter.java:562)
	at org.apache.maven.surefire.booter.ForkedBooter.main(ForkedBooter.java:548)
</pre></div></td>
<td>30</td>
<td>com.crm.ClientTest.SpendAndTotalSpendTest@6ce139a4</td></tr>
</table><p>
<table width='100%' border='1' class='invocation-passed'>
<tr><td colspan='4' align='center'><b>PASSED TESTS</b></td></tr>
<tr><td><b>Test method</b></td>
<td width="30%"><b>Exception</b></td>
<td width="10%"><b>Time (seconds)</b></td>
<td><b>Instance</b></td>
</tr>
<tr>
<td title='com.crm.ClientTest.SpendAndTotalSpendTest.signIn()'><b>signIn</b><br>Test class: com.crm.ClientTest.SpendAndTotalSpendTest<br>Parameters: demandgen@vebo.io, j8L3pc5hJ20Sjn10Lp!<br/>
<a href="#Output-1550899184" onClick='toggleBox("Output-1550899184", this, "Show output", "Hide output");'>Show output</a>

<a href="#Output-1550899184" onClick="toggleAllBoxes();">Show all outputs</a>
<div class='log' id="Output-1550899184">
Utilizator demandgen@vebo.io s-a logat<br/>
Debug Bar a fost ascuns<br/>
Utilizatorul a navigat cu succes la pagina - Google dr campaigns - iCRM v.36.46<br/>
Found: Total Spent -> $1,155,500.17<br/>
</div>
</td>
<td></td>
<td>12</td>
<td>com.crm.ClientTest.SpendAndTotalSpendTest@6ce139a4</td></tr>
<tr>
<td title='com.crm.ClientTest.SpendAndTotalSpendTest.signIn()'><b>signIn</b><br>Test class: com.crm.ClientTest.SpendAndTotalSpendTest<br>Parameters: kngmr@vebo.io, j8L3pc5hJ20Sjn10Lp!<br/>
<a href="#Output-959718932" onClick='toggleBox("Output-959718932", this, "Show output", "Hide output");'>Show output</a>

<a href="#Output-959718932" onClick="toggleAllBoxes();">Show all outputs</a>
<div class='log' id="Output-959718932">
Utilizator kngmr@vebo.io s-a logat<br/>
Debug Bar a fost ascuns<br/>
Utilizatorul a navigat cu succes la pagina - Kfb campaigns - iCRM v.36.46<br/>
Found: Total Spent -> $137,200.23<br/>
</div>
</td>
<td></td>
<td>22</td>
<td>com.crm.ClientTest.SpendAndTotalSpendTest@6ce139a4</td></tr>
<tr>
<td title='com.crm.ClientTest.SpendAndTotalSpendTest.signIn()'><b>signIn</b><br>Test class: com.crm.ClientTest.SpendAndTotalSpendTest<br>Parameters: grmrclient@vebo.io, j8L3pc5hJ20Sjn10Lp!<br/>
<a href="#Output-61334373" onClick='toggleBox("Output-61334373", this, "Show output", "Hide output");'>Show output</a>

<a href="#Output-61334373" onClick="toggleAllBoxes();">Show all outputs</a>
<div class='log' id="Output-61334373">
Utilizator grmrclient@vebo.io s-a logat<br/>
Debug Bar a fost ascuns<br/>
Utilizatorul a navigat cu succes la pagina - Google gr mr campaigns - iCRM v.36.46<br/>
Found: Total Spent -> $201,316.35<br/>
</div>
</td>
<td></td>
<td>13</td>
<td>com.crm.ClientTest.SpendAndTotalSpendTest@6ce139a4</td></tr>
<tr>
<td title='com.crm.ClientTest.SpendAndTotalSpendTest.signIn()'><b>signIn</b><br>Test class: com.crm.ClientTest.SpendAndTotalSpendTest<br>Parameters: chmrclient@vebo.io, j8L3pc5hJ20Sjn10Lp!<br/>
<a href="#Output-1475908890" onClick='toggleBox("Output-1475908890", this, "Show output", "Hide output");'>Show output</a>

<a href="#Output-1475908890" onClick="toggleAllBoxes();">Show all outputs</a>
<div class='log' id="Output-1475908890">
Utilizator chmrclient@vebo.io s-a logat<br/>
Debug Bar a fost ascuns<br/>
Utilizatorul a navigat cu succes la pagina - Google ch mr campaigns - iCRM v.36.46<br/>
Found: Total Spent -> $35,095.28<br/>
</div>
</td>
<td></td>
<td>12</td>
<td>com.crm.ClientTest.SpendAndTotalSpendTest@6ce139a4</td></tr>
<tr>
<td title='com.crm.ClientTest.SpendAndTotalSpendTest.signIn()'><b>signIn</b><br>Test class: com.crm.ClientTest.SpendAndTotalSpendTest<br>Parameters: itmrclient@vebo.io, j8L3pc5hJ20Sjn10Lp!<br/>
<a href="#Output-1328705686" onClick='toggleBox("Output-1328705686", this, "Show output", "Hide output");'>Show output</a>

<a href="#Output-1328705686" onClick="toggleAllBoxes();">Show all outputs</a>
<div class='log' id="Output-1328705686">
Utilizator itmrclient@vebo.io s-a logat<br/>
Debug Bar a fost ascuns<br/>
Utilizatorul a navigat cu succes la pagina - Google it mr campaigns - iCRM v.36.46<br/>
Found: Total Spent -> $1,264,938.11<br/>
</div>
</td>
<td></td>
<td>12</td>
<td>com.crm.ClientTest.SpendAndTotalSpendTest@6ce139a4</td></tr>
<tr>
<td title='com.crm.ClientTest.SpendAndTotalSpendTest.signIn()'><b>signIn</b><br>Test class: com.crm.ClientTest.SpendAndTotalSpendTest<br>Parameters: spmrclient@vebo.io, j8L3pc5hJ20Sjn10Lp!<br/>
<a href="#Output-916437402" onClick='toggleBox("Output-916437402", this, "Show output", "Hide output");'>Show output</a>

<a href="#Output-916437402" onClick="toggleAllBoxes();">Show all outputs</a>
<div class='log' id="Output-916437402">
Utilizator spmrclient@vebo.io s-a logat<br/>
Debug Bar a fost ascuns<br/>
Utilizatorul a navigat cu succes la pagina - Google sp mr campaigns - iCRM v.36.46<br/>
Found: Total Spent -> $17,289.93<br/>
</div>
</td>
<td></td>
<td>12</td>
<td>com.crm.ClientTest.SpendAndTotalSpendTest@6ce139a4</td></tr>
<tr>
<td title='com.crm.ClientTest.SpendAndTotalSpendTest.signIn()'><b>signIn</b><br>Test class: com.crm.ClientTest.SpendAndTotalSpendTest<br>Parameters: boomr-client@vebo.io, j8L3pc5hJ20Sjn10Lp!<br/>
<a href="#Output-1139659498" onClick='toggleBox("Output-1139659498", this, "Show output", "Hide output");'>Show output</a>

<a href="#Output-1139659498" onClick="toggleAllBoxes();">Show all outputs</a>
<div class='log' id="Output-1139659498">
Utilizator boomr-client@vebo.io s-a logat<br/>
Debug Bar a fost ascuns<br/>
Utilizatorul a navigat cu succes la pagina - Boomr campaigns - iCRM v.36.46<br/>
Found: Total Spent -> $51,191.86<br/>
</div>
</td>
<td></td>
<td>22</td>
<td>com.crm.ClientTest.SpendAndTotalSpendTest@6ce139a4</td></tr>
<tr>
<td title='com.crm.ClientTest.SpendAndTotalSpendTest.signIn()'><b>signIn</b><br>Test class: com.crm.ClientTest.SpendAndTotalSpendTest<br>Parameters: fpmr-client@vebo.io, j8L3pc5hJ20Sjn10Lp!<br/>
<a href="#Output-1847434034" onClick='toggleBox("Output-1847434034", this, "Show output", "Hide output");'>Show output</a>

<a href="#Output-1847434034" onClick="toggleAllBoxes();">Show all outputs</a>
<div class='log' id="Output-1847434034">
Utilizator fpmr-client@vebo.io s-a logat<br/>
Debug Bar a fost ascuns<br/>
Utilizatorul a navigat cu succes la pagina - Fpmf campaigns - iCRM v.36.46<br/>
Found: Total Spent -> $61,415.28<br/>
</div>
</td>
<td></td>
<td>22</td>
<td>com.crm.ClientTest.SpendAndTotalSpendTest@6ce139a4</td></tr>
<tr>
<td title='com.crm.ClientTest.SpendAndTotalSpendTest.signIn()'><b>signIn</b><br>Test class: com.crm.ClientTest.SpendAndTotalSpendTest<br>Parameters: atmrclient@vebo.io, j8L3pc5hJ20Sjn10Lp!<br/>
<a href="#Output-1097397209" onClick='toggleBox("Output-1097397209", this, "Show output", "Hide output");'>Show output</a>

<a href="#Output-1097397209" onClick="toggleAllBoxes();">Show all outputs</a>
<div class='log' id="Output-1097397209">
Utilizator atmrclient@vebo.io s-a logat<br/>
Debug Bar a fost ascuns<br/>
Utilizatorul a navigat cu succes la pagina - Google at mr campaigns - iCRM v.36.46<br/>
Found: Total Spent -> $37,899.55<br/>
</div>
</td>
<td></td>
<td>13</td>
<td>com.crm.ClientTest.SpendAndTotalSpendTest@6ce139a4</td></tr>
<tr>
<td title='com.crm.ClientTest.SpendAndTotalSpendTest.signIn()'><b>signIn</b><br>Test class: com.crm.ClientTest.SpendAndTotalSpendTest<br>Parameters: reportnew@vebo.io, j8L3pc5hJ20Sjn10Lp!<br/>
<a href="#Output-1010983633" onClick='toggleBox("Output-1010983633", this, "Show output", "Hide output");'>Show output</a>

<a href="#Output-1010983633" onClick="toggleAllBoxes();">Show all outputs</a>
<div class='log' id="Output-1010983633">
Utilizator reportnew@vebo.io s-a logat<br/>
Debug Bar a fost ascuns<br/>
Utilizatorul a navigat cu succes la pagina - Facebook mr campaigns - iCRM v.36.46<br/>
Found: Total Spent -> $239,714.91<br/>
</div>
</td>
<td></td>
<td>23</td>
<td>com.crm.ClientTest.SpendAndTotalSpendTest@6ce139a4</td></tr>
<tr>
<td title='com.crm.ClientTest.SpendAndTotalSpendTest.signIn()'><b>signIn</b><br>Test class: com.crm.ClientTest.SpendAndTotalSpendTest<br>Parameters: bbmr-client@vebo.io, j8L3pc5hJ20Sjn10Lp!<br/>
<a href="#Output-1280043480" onClick='toggleBox("Output-1280043480", this, "Show output", "Hide output");'>Show output</a>

<a href="#Output-1280043480" onClick="toggleAllBoxes();">Show all outputs</a>
<div class='log' id="Output-1280043480">
Utilizator bbmr-client@vebo.io s-a logat<br/>
Debug Bar a fost ascuns<br/>
Utilizatorul a navigat cu succes la pagina - Bbmr campaigns - iCRM v.36.46<br/>
Found: Total Spent -> $41,119.24<br/>
</div>
</td>
<td></td>
<td>13</td>
<td>com.crm.ClientTest.SpendAndTotalSpendTest@6ce139a4</td></tr>
<tr>
<td title='com.crm.ClientTest.SpendAndTotalSpendTest.signIn()'><b>signIn</b><br>Test class: com.crm.ClientTest.SpendAndTotalSpendTest<br>Parameters: s2bclient@vebo.io, j8L3pc5hJ20Sjn10Lp!<br/>
<a href="#Output-1742273260" onClick='toggleBox("Output-1742273260", this, "Show output", "Hide output");'>Show output</a>

<a href="#Output-1742273260" onClick="toggleAllBoxes();">Show all outputs</a>
<div class='log' id="Output-1742273260">
Utilizator s2bclient@vebo.io s-a logat<br/>
Debug Bar a fost ascuns<br/>
Utilizatorul a navigat cu succes la pagina - Google s2b campaigns - iCRM v.36.46<br/>
Found: Total Spent -> $215,409.74<br/>
</div>
</td>
<td></td>
<td>12</td>
<td>com.crm.ClientTest.SpendAndTotalSpendTest@6ce139a4</td></tr>
<tr>
<td title='com.crm.ClientTest.SpendAndTotalSpendTest.signIn()'><b>signIn</b><br>Test class: com.crm.ClientTest.SpendAndTotalSpendTest<br>Parameters: bdgmr-client@vebo.io, j8L3pc5hJ20Sjn10Lp!<br/>
<a href="#Output-1049228732" onClick='toggleBox("Output-1049228732", this, "Show output", "Hide output");'>Show output</a>

<a href="#Output-1049228732" onClick="toggleAllBoxes();">Show all outputs</a>
<div class='log' id="Output-1049228732">
Utilizator bdgmr-client@vebo.io s-a logat<br/>
Debug Bar a fost ascuns<br/>
Utilizatorul a navigat cu succes la pagina - Bdgmr campaigns - iCRM v.36.46<br/>
Found: Total Spent -> $57,719.76<br/>
</div>
</td>
<td></td>
<td>23</td>
<td>com.crm.ClientTest.SpendAndTotalSpendTest@6ce139a4</td></tr>
<tr>
<td title='com.crm.ClientTest.SpendAndTotalSpendTest.signIn()'><b>signIn</b><br>Test class: com.crm.ClientTest.SpendAndTotalSpendTest<br>Parameters: dlpmrclient@vebo.io, j8L3pc5hJ20Sjn10Lp!<br/>
<a href="#Output-497402269" onClick='toggleBox("Output-497402269", this, "Show output", "Hide output");'>Show output</a>

<a href="#Output-497402269" onClick="toggleAllBoxes();">Show all outputs</a>
<div class='log' id="Output-497402269">
Utilizator dlpmrclient@vebo.io s-a logat<br/>
Debug Bar a fost ascuns<br/>
Utilizatorul a navigat cu succes la pagina - Facebook dlpmr campaigns - iCRM v.36.46<br/>
Found: Total Spent -> $98,699.55<br/>
</div>
</td>
<td></td>
<td>23</td>
<td>com.crm.ClientTest.SpendAndTotalSpendTest@6ce139a4</td></tr>
<tr>
<td title='com.crm.ClientTest.SpendAndTotalSpendTest.signIn()'><b>signIn</b><br>Test class: com.crm.ClientTest.SpendAndTotalSpendTest<br>Parameters: searchmrclient@vebo.io, j8L3pc5hJ20Sjn10Lp!<br/>
<a href="#Output-198098993" onClick='toggleBox("Output-198098993", this, "Show output", "Hide output");'>Show output</a>

<a href="#Output-198098993" onClick="toggleAllBoxes();">Show all outputs</a>
<div class='log' id="Output-198098993">
Utilizator searchmrclient@vebo.io s-a logat<br/>
Debug Bar a fost ascuns<br/>
Utilizatorul a navigat cu succes la pagina - Google search campaigns - iCRM v.36.46<br/>
Found: Total Spent -> $4,757,080.19<br/>
</div>
</td>
<td></td>
<td>12</td>
<td>com.crm.ClientTest.SpendAndTotalSpendTest@6ce139a4</td></tr>
</table><p>
</body>
</html>