<html>
<head>
<title>TestNG:  Google Accounts Test</title>
<link href="../testng.css" rel="stylesheet" type="text/css" />
<link href="../my-testng.css" rel="stylesheet" type="text/css" />

<style type="text/css">
.log { display: none;} 
.stack-trace { display: none;} 
</style>
<script type="text/javascript">
<!--
function flip(e) {
  current = e.style.display;
  if (current == 'block') {
    e.style.display = 'none';
    return 0;
  }
  else {
    e.style.display = 'block';
    return 1;
  }
}

function toggleBox(szDivId, elem, msg1, msg2)
{
  var res = -1;  if (document.getElementById) {
    res = flip(document.getElementById(szDivId));
  }
  else if (document.all) {
    // this is the way old msie versions work
    res = flip(document.all[szDivId]);
  }
  if(elem) {
    if(res == 0) elem.innerHTML = msg1; else elem.innerHTML = msg2;
  }

}

function toggleAllBoxes() {
  if (document.getElementsByTagName) {
    d = document.getElementsByTagName('div');
    for (i = 0; i < d.length; i++) {
      if (d[i].className == 'log') {
        flip(d[i]);
      }
    }
  }
}

// -->
</script>

</head>
<body>
<h2 align='center'>Google Accounts Test</h2><table border='1' align="center">
<tr>
<td>Tests passed/Failed/Skipped:</td><td>10/8/0</td>
</tr><tr>
<td>Started on:</td><td>Mon Feb 24 17:16:01 EET 2025</td>
</tr>
<tr><td>Total time:</td><td>395 seconds (395474 ms)</td>
</tr><tr>
<td>Included groups:</td><td></td>
</tr><tr>
<td>Excluded groups:</td><td></td>
</tr>
</table><p/>
<small><i>(Hover the method name to see the test class name)</i></small><p/>
<table width='100%' border='1' class='invocation-failed'>
<tr><td colspan='4' align='center'><b>FAILED TESTS</b></td></tr>
<tr><td><b>Test method</b></td>
<td width="30%"><b>Exception</b></td>
<td width="10%"><b>Time (seconds)</b></td>
<td><b>Instance</b></td>
</tr>
<tr>
<td title='com.crm.GoogleAccounts.DeleteTableSettings.signIn()'><b>signIn</b><br>Test class: com.crm.GoogleAccounts.DeleteTableSettings<br>Parameters: dorin.m@vebo.io, j8L3pc5hJ20Sjn10Lp!<br/>
<a href="#Output-1980528509" onClick='toggleBox("Output-1980528509", this, "Show output", "Hide output");'>Show output</a>

<a href="#Output-1980528509" onClick="toggleAllBoxes();">Show all outputs</a>
<div class='log' id="Output-1980528509">
Utilizator dorin.m@vebo.io s-a logat<br/>
Debug Bar a fost ascuns<br/>
</div>
</td>
<td><div><pre>org.openqa.selenium.TimeoutException: Expected condition failed: waiting for element to be clickable: By.cssSelector: i.fas.fa-trash.text-red-600 (tried for 10 second(s) with 500 milliseconds interval)
Build info: version: &apos;4.23.1&apos;, revision: &apos;656257d8e9&apos;
System info: os.name: &apos;Linux&apos;, os.arch: &apos;amd64&apos;, os.version: &apos;6.9.3-76060903-generic&apos;, java.version: &apos;21.0.6&apos;
Driver info: org.openqa.selenium.chrome.ChromeDriver
Capabilities {acceptInsecureCerts: false, browserName: chrome, browserVersion: 133.0.6943.126, chrome: {chromedriverVersion: 133.0.6943.126 (cffa127ce7b..., userDataDir: /tmp/.org.chromium.Chromium...}, fedcm:accounts: true, goog:chromeOptions: {debuggerAddress: localhost:35019}, networkConnectionEnabled: false, pageLoadStrategy: normal, platformName: linux, proxy: Proxy(), se:cdp: ws://localhost:35019/devtoo..., se:cdpVersion: 133.0.6943.126, setWindowRect: true, strictFileInteractability: false, timeouts: {implicit: 0, pageLoad: 300000, script: 30000}, unhandledPromptBehavior: dismiss and notify, webauthn:extension:credBlob: true, webauthn:extension:largeBlob: true, webauthn:extension:minPinLength: true, webauthn:extension:prf: true, webauthn:virtualAuthenticators: true}
Session ID: fa31df2556f78d1252204fdc5d1d555d
	at org.openqa.selenium.support.ui.WebDriverWait.timeoutException(WebDriverWait.java:84)
	at org.openqa.selenium.support.ui.FluentWait.until(FluentWait.java:228)
	at com.crm.GoogleAccounts.DeleteTableSettings.signIn(DeleteTableSettings.java:52)
	at java.base/java.util.ArrayList.forEach(ArrayList.java:1596)
... Removed 29 stack frames</pre></div><a href='#' onClick='toggleBox("stack-trace1980528509", this, "Click to show all stack frames", "Click to hide stack frames")'>Click to show all stack frames</a>
<div class='stack-trace' id='stack-trace1980528509'><pre>org.openqa.selenium.TimeoutException: Expected condition failed: waiting for element to be clickable: By.cssSelector: i.fas.fa-trash.text-red-600 (tried for 10 second(s) with 500 milliseconds interval)
Build info: version: &apos;4.23.1&apos;, revision: &apos;656257d8e9&apos;
System info: os.name: &apos;Linux&apos;, os.arch: &apos;amd64&apos;, os.version: &apos;6.9.3-76060903-generic&apos;, java.version: &apos;21.0.6&apos;
Driver info: org.openqa.selenium.chrome.ChromeDriver
Capabilities {acceptInsecureCerts: false, browserName: chrome, browserVersion: 133.0.6943.126, chrome: {chromedriverVersion: 133.0.6943.126 (cffa127ce7b..., userDataDir: /tmp/.org.chromium.Chromium...}, fedcm:accounts: true, goog:chromeOptions: {debuggerAddress: localhost:35019}, networkConnectionEnabled: false, pageLoadStrategy: normal, platformName: linux, proxy: Proxy(), se:cdp: ws://localhost:35019/devtoo..., se:cdpVersion: 133.0.6943.126, setWindowRect: true, strictFileInteractability: false, timeouts: {implicit: 0, pageLoad: 300000, script: 30000}, unhandledPromptBehavior: dismiss and notify, webauthn:extension:credBlob: true, webauthn:extension:largeBlob: true, webauthn:extension:minPinLength: true, webauthn:extension:prf: true, webauthn:virtualAuthenticators: true}
Session ID: fa31df2556f78d1252204fdc5d1d555d
	at org.openqa.selenium.support.ui.WebDriverWait.timeoutException(WebDriverWait.java:84)
	at org.openqa.selenium.support.ui.FluentWait.until(FluentWait.java:228)
	at com.crm.GoogleAccounts.DeleteTableSettings.signIn(DeleteTableSettings.java:52)
	at java.base/jdk.internal.reflect.DirectMethodHandleAccessor.invoke(DirectMethodHandleAccessor.java:103)
	at java.base/java.lang.reflect.Method.invoke(Method.java:580)
	at org.testng.internal.invokers.MethodInvocationHelper.invokeMethod(MethodInvocationHelper.java:136)
	at org.testng.internal.invokers.TestInvoker.invokeMethod(TestInvoker.java:658)
	at org.testng.internal.invokers.TestInvoker.invokeTestMethod(TestInvoker.java:219)
	at org.testng.internal.invokers.MethodRunner.runInSequence(MethodRunner.java:50)
	at org.testng.internal.invokers.TestInvoker$MethodInvocationAgent.invoke(TestInvoker.java:923)
	at org.testng.internal.invokers.TestInvoker.invokeTestMethods(TestInvoker.java:192)
	at org.testng.internal.invokers.TestMethodWorker.invokeTestMethods(TestMethodWorker.java:146)
	at org.testng.internal.invokers.TestMethodWorker.run(TestMethodWorker.java:128)
	at java.base/java.util.ArrayList.forEach(ArrayList.java:1596)
	at org.testng.TestRunner.privateRun(TestRunner.java:808)
	at org.testng.TestRunner.run(TestRunner.java:603)
	at org.testng.SuiteRunner.runTest(SuiteRunner.java:429)
	at org.testng.SuiteRunner.runSequentially(SuiteRunner.java:423)
	at org.testng.SuiteRunner.privateRun(SuiteRunner.java:383)
	at org.testng.SuiteRunner.run(SuiteRunner.java:326)
	at org.testng.SuiteRunnerWorker.runSuite(SuiteRunnerWorker.java:52)
	at org.testng.SuiteRunnerWorker.run(SuiteRunnerWorker.java:95)
	at org.testng.TestNG.runSuitesSequentially(TestNG.java:1249)
	at org.testng.TestNG.runSuitesLocally(TestNG.java:1169)
	at org.testng.TestNG.runSuites(TestNG.java:1092)
	at org.testng.TestNG.run(TestNG.java:1060)
	at org.apache.maven.surefire.testng.TestNGExecutor.run(TestNGExecutor.java:308)
	at org.apache.maven.surefire.testng.TestNGXmlTestSuite.execute(TestNGXmlTestSuite.java:71)
	at org.apache.maven.surefire.testng.TestNGProvider.invoke(TestNGProvider.java:113)
	at org.apache.maven.surefire.booter.ForkedBooter.runSuitesInProcess(ForkedBooter.java:385)
	at org.apache.maven.surefire.booter.ForkedBooter.execute(ForkedBooter.java:162)
	at org.apache.maven.surefire.booter.ForkedBooter.run(ForkedBooter.java:507)
	at org.apache.maven.surefire.booter.ForkedBooter.main(ForkedBooter.java:495)
</pre></div></td>
<td>25</td>
<td>com.crm.GoogleAccounts.DeleteTableSettings@bef2d72</td></tr>
<tr>
<td title='com.crm.GoogleAccounts.CreateAndOrderTableSettings.signIn()'><b>signIn</b><br>Test class: com.crm.GoogleAccounts.CreateAndOrderTableSettings<br>Parameters: andreic@vebo.io, j8L3pc5hJ20Sjn10Lp!<br/>
<a href="#Output-1392109755" onClick='toggleBox("Output-1392109755", this, "Show output", "Hide output");'>Show output</a>

<a href="#Output-1392109755" onClick="toggleAllBoxes();">Show all outputs</a>
<div class='log' id="Output-1392109755">
Utilizator andreic@vebo.io s-a logat<br/>
Debug Bar a fost ascuns<br/>
Utilizatorul a navigat cu succes la pagina - Google accounts - iCRM v.37.71<br/>
</div>
</td>
<td><div><pre>org.openqa.selenium.NoSuchElementException: Cannot locate option with value: Backup Code
For documentation on this error, please visit: https://www.selenium.dev/documentation/webdriver/troubleshooting/errors#no-such-element-exception
Build info: version: &apos;4.23.1&apos;, revision: &apos;656257d8e9&apos;
System info: os.name: &apos;Linux&apos;, os.arch: &apos;amd64&apos;, os.version: &apos;6.9.3-76060903-generic&apos;, java.version: &apos;21.0.6&apos;
Driver info: driver.version: unknown
	at org.openqa.selenium.support.ui.Select.findOptionsByValue(Select.java:289)
	at org.openqa.selenium.support.ui.Select.selectByValue(Select.java:194)
	at com.resources.configfiles.SettingsHelper.selectMultipleValuesByValue(SettingsHelper.java:22)
	at com.crm.GoogleAccounts.CreateAndOrderTableSettings.signIn(CreateAndOrderTableSettings.java:69)
	at java.base/java.util.ArrayList.forEach(ArrayList.java:1596)
... Removed 29 stack frames</pre></div><a href='#' onClick='toggleBox("stack-trace1392109755", this, "Click to show all stack frames", "Click to hide stack frames")'>Click to show all stack frames</a>
<div class='stack-trace' id='stack-trace1392109755'><pre>org.openqa.selenium.NoSuchElementException: Cannot locate option with value: Backup Code
For documentation on this error, please visit: https://www.selenium.dev/documentation/webdriver/troubleshooting/errors#no-such-element-exception
Build info: version: &apos;4.23.1&apos;, revision: &apos;656257d8e9&apos;
System info: os.name: &apos;Linux&apos;, os.arch: &apos;amd64&apos;, os.version: &apos;6.9.3-76060903-generic&apos;, java.version: &apos;21.0.6&apos;
Driver info: driver.version: unknown
	at org.openqa.selenium.support.ui.Select.findOptionsByValue(Select.java:289)
	at org.openqa.selenium.support.ui.Select.selectByValue(Select.java:194)
	at com.resources.configfiles.SettingsHelper.selectMultipleValuesByValue(SettingsHelper.java:22)
	at com.crm.GoogleAccounts.CreateAndOrderTableSettings.signIn(CreateAndOrderTableSettings.java:69)
	at java.base/jdk.internal.reflect.DirectMethodHandleAccessor.invoke(DirectMethodHandleAccessor.java:103)
	at java.base/java.lang.reflect.Method.invoke(Method.java:580)
	at org.testng.internal.invokers.MethodInvocationHelper.invokeMethod(MethodInvocationHelper.java:136)
	at org.testng.internal.invokers.TestInvoker.invokeMethod(TestInvoker.java:658)
	at org.testng.internal.invokers.TestInvoker.invokeTestMethod(TestInvoker.java:219)
	at org.testng.internal.invokers.MethodRunner.runInSequence(MethodRunner.java:50)
	at org.testng.internal.invokers.TestInvoker$MethodInvocationAgent.invoke(TestInvoker.java:923)
	at org.testng.internal.invokers.TestInvoker.invokeTestMethods(TestInvoker.java:192)
	at org.testng.internal.invokers.TestMethodWorker.invokeTestMethods(TestMethodWorker.java:146)
	at org.testng.internal.invokers.TestMethodWorker.run(TestMethodWorker.java:128)
	at java.base/java.util.ArrayList.forEach(ArrayList.java:1596)
	at org.testng.TestRunner.privateRun(TestRunner.java:808)
	at org.testng.TestRunner.run(TestRunner.java:603)
	at org.testng.SuiteRunner.runTest(SuiteRunner.java:429)
	at org.testng.SuiteRunner.runSequentially(SuiteRunner.java:423)
	at org.testng.SuiteRunner.privateRun(SuiteRunner.java:383)
	at org.testng.SuiteRunner.run(SuiteRunner.java:326)
	at org.testng.SuiteRunnerWorker.runSuite(SuiteRunnerWorker.java:52)
	at org.testng.SuiteRunnerWorker.run(SuiteRunnerWorker.java:95)
	at org.testng.TestNG.runSuitesSequentially(TestNG.java:1249)
	at org.testng.TestNG.runSuitesLocally(TestNG.java:1169)
	at org.testng.TestNG.runSuites(TestNG.java:1092)
	at org.testng.TestNG.run(TestNG.java:1060)
	at org.apache.maven.surefire.testng.TestNGExecutor.run(TestNGExecutor.java:308)
	at org.apache.maven.surefire.testng.TestNGXmlTestSuite.execute(TestNGXmlTestSuite.java:71)
	at org.apache.maven.surefire.testng.TestNGProvider.invoke(TestNGProvider.java:113)
	at org.apache.maven.surefire.booter.ForkedBooter.runSuitesInProcess(ForkedBooter.java:385)
	at org.apache.maven.surefire.booter.ForkedBooter.execute(ForkedBooter.java:162)
	at org.apache.maven.surefire.booter.ForkedBooter.run(ForkedBooter.java:507)
	at org.apache.maven.surefire.booter.ForkedBooter.main(ForkedBooter.java:495)
</pre></div></td>
<td>21</td>
<td>com.crm.GoogleAccounts.CreateAndOrderTableSettings@7ce3cb8e</td></tr>
<tr>
<td title='com.crm.GoogleAccounts.CreateAndOrderTableSettings.signIn()'><b>signIn</b><br>Test class: com.crm.GoogleAccounts.CreateAndOrderTableSettings<br>Parameters: dorin.m@vebo.io, j8L3pc5hJ20Sjn10Lp!<br/>
<a href="#Output-1317746045" onClick='toggleBox("Output-1317746045", this, "Show output", "Hide output");'>Show output</a>

<a href="#Output-1317746045" onClick="toggleAllBoxes();">Show all outputs</a>
<div class='log' id="Output-1317746045">
Utilizator dorin.m@vebo.io s-a logat<br/>
Debug Bar a fost ascuns<br/>
Utilizatorul a navigat cu succes la pagina - Google accounts - iCRM v.37.71<br/>
</div>
</td>
<td><div><pre>org.openqa.selenium.NoSuchElementException: Cannot locate option with value: Backup Code
For documentation on this error, please visit: https://www.selenium.dev/documentation/webdriver/troubleshooting/errors#no-such-element-exception
Build info: version: &apos;4.23.1&apos;, revision: &apos;656257d8e9&apos;
System info: os.name: &apos;Linux&apos;, os.arch: &apos;amd64&apos;, os.version: &apos;6.9.3-76060903-generic&apos;, java.version: &apos;21.0.6&apos;
Driver info: driver.version: unknown
	at org.openqa.selenium.support.ui.Select.findOptionsByValue(Select.java:289)
	at org.openqa.selenium.support.ui.Select.selectByValue(Select.java:194)
	at com.resources.configfiles.SettingsHelper.selectMultipleValuesByValue(SettingsHelper.java:22)
	at com.crm.GoogleAccounts.CreateAndOrderTableSettings.signIn(CreateAndOrderTableSettings.java:69)
	at java.base/java.util.ArrayList.forEach(ArrayList.java:1596)
... Removed 29 stack frames</pre></div><a href='#' onClick='toggleBox("stack-trace1317746045", this, "Click to show all stack frames", "Click to hide stack frames")'>Click to show all stack frames</a>
<div class='stack-trace' id='stack-trace1317746045'><pre>org.openqa.selenium.NoSuchElementException: Cannot locate option with value: Backup Code
For documentation on this error, please visit: https://www.selenium.dev/documentation/webdriver/troubleshooting/errors#no-such-element-exception
Build info: version: &apos;4.23.1&apos;, revision: &apos;656257d8e9&apos;
System info: os.name: &apos;Linux&apos;, os.arch: &apos;amd64&apos;, os.version: &apos;6.9.3-76060903-generic&apos;, java.version: &apos;21.0.6&apos;
Driver info: driver.version: unknown
	at org.openqa.selenium.support.ui.Select.findOptionsByValue(Select.java:289)
	at org.openqa.selenium.support.ui.Select.selectByValue(Select.java:194)
	at com.resources.configfiles.SettingsHelper.selectMultipleValuesByValue(SettingsHelper.java:22)
	at com.crm.GoogleAccounts.CreateAndOrderTableSettings.signIn(CreateAndOrderTableSettings.java:69)
	at java.base/jdk.internal.reflect.DirectMethodHandleAccessor.invoke(DirectMethodHandleAccessor.java:103)
	at java.base/java.lang.reflect.Method.invoke(Method.java:580)
	at org.testng.internal.invokers.MethodInvocationHelper.invokeMethod(MethodInvocationHelper.java:136)
	at org.testng.internal.invokers.TestInvoker.invokeMethod(TestInvoker.java:658)
	at org.testng.internal.invokers.TestInvoker.invokeTestMethod(TestInvoker.java:219)
	at org.testng.internal.invokers.MethodRunner.runInSequence(MethodRunner.java:50)
	at org.testng.internal.invokers.TestInvoker$MethodInvocationAgent.invoke(TestInvoker.java:923)
	at org.testng.internal.invokers.TestInvoker.invokeTestMethods(TestInvoker.java:192)
	at org.testng.internal.invokers.TestMethodWorker.invokeTestMethods(TestMethodWorker.java:146)
	at org.testng.internal.invokers.TestMethodWorker.run(TestMethodWorker.java:128)
	at java.base/java.util.ArrayList.forEach(ArrayList.java:1596)
	at org.testng.TestRunner.privateRun(TestRunner.java:808)
	at org.testng.TestRunner.run(TestRunner.java:603)
	at org.testng.SuiteRunner.runTest(SuiteRunner.java:429)
	at org.testng.SuiteRunner.runSequentially(SuiteRunner.java:423)
	at org.testng.SuiteRunner.privateRun(SuiteRunner.java:383)
	at org.testng.SuiteRunner.run(SuiteRunner.java:326)
	at org.testng.SuiteRunnerWorker.runSuite(SuiteRunnerWorker.java:52)
	at org.testng.SuiteRunnerWorker.run(SuiteRunnerWorker.java:95)
	at org.testng.TestNG.runSuitesSequentially(TestNG.java:1249)
	at org.testng.TestNG.runSuitesLocally(TestNG.java:1169)
	at org.testng.TestNG.runSuites(TestNG.java:1092)
	at org.testng.TestNG.run(TestNG.java:1060)
	at org.apache.maven.surefire.testng.TestNGExecutor.run(TestNGExecutor.java:308)
	at org.apache.maven.surefire.testng.TestNGXmlTestSuite.execute(TestNGXmlTestSuite.java:71)
	at org.apache.maven.surefire.testng.TestNGProvider.invoke(TestNGProvider.java:113)
	at org.apache.maven.surefire.booter.ForkedBooter.runSuitesInProcess(ForkedBooter.java:385)
	at org.apache.maven.surefire.booter.ForkedBooter.execute(ForkedBooter.java:162)
	at org.apache.maven.surefire.booter.ForkedBooter.run(ForkedBooter.java:507)
	at org.apache.maven.surefire.booter.ForkedBooter.main(ForkedBooter.java:495)
</pre></div></td>
<td>21</td>
<td>com.crm.GoogleAccounts.CreateAndOrderTableSettings@7ce3cb8e</td></tr>
<tr>
<td title='com.crm.GoogleAccounts.DeleteTableSettings.signIn()'><b>signIn</b><br>Test class: com.crm.GoogleAccounts.DeleteTableSettings<br>Parameters: andreic@vebo.io, j8L3pc5hJ20Sjn10Lp!<br/>
<a href="#Output-116893278" onClick='toggleBox("Output-116893278", this, "Show output", "Hide output");'>Show output</a>

<a href="#Output-116893278" onClick="toggleAllBoxes();">Show all outputs</a>
<div class='log' id="Output-116893278">
Utilizator andreic@vebo.io s-a logat<br/>
Debug Bar a fost ascuns<br/>
</div>
</td>
<td><div><pre>org.openqa.selenium.ElementClickInterceptedException: element click intercepted: Element &lt;button type=&quot;button&quot; class=&quot;btn btn-alt-primary mr-md-1&quot; id=&quot;save-modal-swap-list&quot; data-wizard=&quot;next&quot;&gt;...&lt;/button&gt; is not clickable at point (2237, 1463). Other element would receive the click: &lt;div class=&quot;modal animated bounceInUp show&quot; id=&quot;swap-modal-element&quot; tabindex=&quot;-1&quot; role=&quot;dialog&quot; aria-labelledby=&quot;modal-block-large&quot; aria-modal=&quot;true&quot; style=&quot;display: block;&quot;&gt;...&lt;/div&gt;
  (Session info: chrome=133.0.6943.126)
Build info: version: &apos;4.23.1&apos;, revision: &apos;656257d8e9&apos;
System info: os.name: &apos;Linux&apos;, os.arch: &apos;amd64&apos;, os.version: &apos;6.9.3-76060903-generic&apos;, java.version: &apos;21.0.6&apos;
Driver info: org.openqa.selenium.chrome.ChromeDriver
Command: [31029f7ea736b977915517349424d3af, clickElement {id=f.76250DC4FF73E99D8F012D44EDD3CE40.d.C86E0FAFFBC4895748E54B662561E8D4.e.1424}]
Capabilities {acceptInsecureCerts: false, browserName: chrome, browserVersion: 133.0.6943.126, chrome: {chromedriverVersion: 133.0.6943.126 (cffa127ce7b..., userDataDir: /tmp/.org.chromium.Chromium...}, fedcm:accounts: true, goog:chromeOptions: {debuggerAddress: localhost:40147}, networkConnectionEnabled: false, pageLoadStrategy: normal, platformName: linux, proxy: Proxy(), se:cdp: ws://localhost:40147/devtoo..., se:cdpVersion: 133.0.6943.126, setWindowRect: true, strictFileInteractability: false, timeouts: {implicit: 0, pageLoad: 300000, script: 30000}, unhandledPromptBehavior: dismiss and notify, webauthn:extension:credBlob: true, webauthn:extension:largeBlob: true, webauthn:extension:minPinLength: true, webauthn:extension:prf: true, webauthn:virtualAuthenticators: true}
Element: [[ChromeDriver: chrome on linux (31029f7ea736b977915517349424d3af)] -&gt; css selector: .btn[data-wizard=&apos;next&apos;]]
Session ID: 31029f7ea736b977915517349424d3af
	at org.openqa.selenium.remote.ErrorCodec.decode(ErrorCodec.java:167)
	at org.openqa.selenium.remote.codec.w3c.W3CHttpResponseCodec.decode(W3CHttpResponseCodec.java:138)
	at org.openqa.selenium.remote.codec.w3c.W3CHttpResponseCodec.decode(W3CHttpResponseCodec.java:50)
	at org.openqa.selenium.remote.HttpCommandExecutor.execute(HttpCommandExecutor.java:190)
	at org.openqa.selenium.remote.service.DriverCommandExecutor.invokeExecute(DriverCommandExecutor.java:216)
	at org.openqa.selenium.remote.service.DriverCommandExecutor.execute(DriverCommandExecutor.java:174)
	at org.openqa.selenium.remote.RemoteWebDriver.execute(RemoteWebDriver.java:545)
	at org.openqa.selenium.remote.RemoteWebElement.execute(RemoteWebElement.java:223)
	at org.openqa.selenium.remote.RemoteWebElement.click(RemoteWebElement.java:76)
	at com.crm.GoogleAccounts.DeleteTableSettings.signIn(DeleteTableSettings.java:49)
	at java.base/java.util.ArrayList.forEach(ArrayList.java:1596)
... Removed 32 stack frames</pre></div><a href='#' onClick='toggleBox("stack-trace116893278", this, "Click to show all stack frames", "Click to hide stack frames")'>Click to show all stack frames</a>
<div class='stack-trace' id='stack-trace116893278'><pre>org.openqa.selenium.ElementClickInterceptedException: element click intercepted: Element &lt;button type=&quot;button&quot; class=&quot;btn btn-alt-primary mr-md-1&quot; id=&quot;save-modal-swap-list&quot; data-wizard=&quot;next&quot;&gt;...&lt;/button&gt; is not clickable at point (2237, 1463). Other element would receive the click: &lt;div class=&quot;modal animated bounceInUp show&quot; id=&quot;swap-modal-element&quot; tabindex=&quot;-1&quot; role=&quot;dialog&quot; aria-labelledby=&quot;modal-block-large&quot; aria-modal=&quot;true&quot; style=&quot;display: block;&quot;&gt;...&lt;/div&gt;
  (Session info: chrome=133.0.6943.126)
Build info: version: &apos;4.23.1&apos;, revision: &apos;656257d8e9&apos;
System info: os.name: &apos;Linux&apos;, os.arch: &apos;amd64&apos;, os.version: &apos;6.9.3-76060903-generic&apos;, java.version: &apos;21.0.6&apos;
Driver info: org.openqa.selenium.chrome.ChromeDriver
Command: [31029f7ea736b977915517349424d3af, clickElement {id=f.76250DC4FF73E99D8F012D44EDD3CE40.d.C86E0FAFFBC4895748E54B662561E8D4.e.1424}]
Capabilities {acceptInsecureCerts: false, browserName: chrome, browserVersion: 133.0.6943.126, chrome: {chromedriverVersion: 133.0.6943.126 (cffa127ce7b..., userDataDir: /tmp/.org.chromium.Chromium...}, fedcm:accounts: true, goog:chromeOptions: {debuggerAddress: localhost:40147}, networkConnectionEnabled: false, pageLoadStrategy: normal, platformName: linux, proxy: Proxy(), se:cdp: ws://localhost:40147/devtoo..., se:cdpVersion: 133.0.6943.126, setWindowRect: true, strictFileInteractability: false, timeouts: {implicit: 0, pageLoad: 300000, script: 30000}, unhandledPromptBehavior: dismiss and notify, webauthn:extension:credBlob: true, webauthn:extension:largeBlob: true, webauthn:extension:minPinLength: true, webauthn:extension:prf: true, webauthn:virtualAuthenticators: true}
Element: [[ChromeDriver: chrome on linux (31029f7ea736b977915517349424d3af)] -&gt; css selector: .btn[data-wizard=&apos;next&apos;]]
Session ID: 31029f7ea736b977915517349424d3af
	at java.base/jdk.internal.reflect.DirectConstructorHandleAccessor.newInstance(DirectConstructorHandleAccessor.java:62)
	at java.base/java.lang.reflect.Constructor.newInstanceWithCaller(Constructor.java:502)
	at java.base/java.lang.reflect.Constructor.newInstance(Constructor.java:486)
	at org.openqa.selenium.remote.ErrorCodec.decode(ErrorCodec.java:167)
	at org.openqa.selenium.remote.codec.w3c.W3CHttpResponseCodec.decode(W3CHttpResponseCodec.java:138)
	at org.openqa.selenium.remote.codec.w3c.W3CHttpResponseCodec.decode(W3CHttpResponseCodec.java:50)
	at org.openqa.selenium.remote.HttpCommandExecutor.execute(HttpCommandExecutor.java:190)
	at org.openqa.selenium.remote.service.DriverCommandExecutor.invokeExecute(DriverCommandExecutor.java:216)
	at org.openqa.selenium.remote.service.DriverCommandExecutor.execute(DriverCommandExecutor.java:174)
	at org.openqa.selenium.remote.RemoteWebDriver.execute(RemoteWebDriver.java:545)
	at org.openqa.selenium.remote.RemoteWebElement.execute(RemoteWebElement.java:223)
	at org.openqa.selenium.remote.RemoteWebElement.click(RemoteWebElement.java:76)
	at com.crm.GoogleAccounts.DeleteTableSettings.signIn(DeleteTableSettings.java:49)
	at java.base/jdk.internal.reflect.DirectMethodHandleAccessor.invoke(DirectMethodHandleAccessor.java:103)
	at java.base/java.lang.reflect.Method.invoke(Method.java:580)
	at org.testng.internal.invokers.MethodInvocationHelper.invokeMethod(MethodInvocationHelper.java:136)
	at org.testng.internal.invokers.TestInvoker.invokeMethod(TestInvoker.java:658)
	at org.testng.internal.invokers.TestInvoker.invokeTestMethod(TestInvoker.java:219)
	at org.testng.internal.invokers.MethodRunner.runInSequence(MethodRunner.java:50)
	at org.testng.internal.invokers.TestInvoker$MethodInvocationAgent.invoke(TestInvoker.java:923)
	at org.testng.internal.invokers.TestInvoker.invokeTestMethods(TestInvoker.java:192)
	at org.testng.internal.invokers.TestMethodWorker.invokeTestMethods(TestMethodWorker.java:146)
	at org.testng.internal.invokers.TestMethodWorker.run(TestMethodWorker.java:128)
	at java.base/java.util.ArrayList.forEach(ArrayList.java:1596)
	at org.testng.TestRunner.privateRun(TestRunner.java:808)
	at org.testng.TestRunner.run(TestRunner.java:603)
	at org.testng.SuiteRunner.runTest(SuiteRunner.java:429)
	at org.testng.SuiteRunner.runSequentially(SuiteRunner.java:423)
	at org.testng.SuiteRunner.privateRun(SuiteRunner.java:383)
	at org.testng.SuiteRunner.run(SuiteRunner.java:326)
	at org.testng.SuiteRunnerWorker.runSuite(SuiteRunnerWorker.java:52)
	at org.testng.SuiteRunnerWorker.run(SuiteRunnerWorker.java:95)
	at org.testng.TestNG.runSuitesSequentially(TestNG.java:1249)
	at org.testng.TestNG.runSuitesLocally(TestNG.java:1169)
	at org.testng.TestNG.runSuites(TestNG.java:1092)
	at org.testng.TestNG.run(TestNG.java:1060)
	at org.apache.maven.surefire.testng.TestNGExecutor.run(TestNGExecutor.java:308)
	at org.apache.maven.surefire.testng.TestNGXmlTestSuite.execute(TestNGXmlTestSuite.java:71)
	at org.apache.maven.surefire.testng.TestNGProvider.invoke(TestNGProvider.java:113)
	at org.apache.maven.surefire.booter.ForkedBooter.runSuitesInProcess(ForkedBooter.java:385)
	at org.apache.maven.surefire.booter.ForkedBooter.execute(ForkedBooter.java:162)
	at org.apache.maven.surefire.booter.ForkedBooter.run(ForkedBooter.java:507)
	at org.apache.maven.surefire.booter.ForkedBooter.main(ForkedBooter.java:495)
</pre></div></td>
<td>18</td>
<td>com.crm.GoogleAccounts.DeleteTableSettings@bef2d72</td></tr>
<tr>
<td title='com.crm.GoogleAccounts.Search.signIn()'><b>signIn</b><br>Test class: com.crm.GoogleAccounts.Search<br>Parameters: edward.s@vebo.io, j8L3pc5hJ20Sjn10Lp!<br/>
<a href="#Output-776691105" onClick='toggleBox("Output-776691105", this, "Show output", "Hide output");'>Show output</a>

<a href="#Output-776691105" onClick="toggleAllBoxes();">Show all outputs</a>
<div class='log' id="Output-776691105">
Utilizator edward.s@vebo.io s-a logat<br/>
Debug Bar a fost ascuns<br/>
Utilizatorul a navigat cu succes la pagina - Google accounts - iCRM v.37.71<br/>
No matching records found<br/>
</div>
</td>
<td><div><pre>java.lang.AssertionError: Keyword-ul &apos;GoogleAccountUpdatedTestJava&apos; nu a fost găsit în prima linie a tabelului! expected [true] but found [false]
	at com.crm.GoogleAccounts.Search.signIn(Search.java:71)
	at java.base/java.util.ArrayList.forEach(ArrayList.java:1596)
... Removed 32 stack frames</pre></div><a href='#' onClick='toggleBox("stack-trace776691105", this, "Click to show all stack frames", "Click to hide stack frames")'>Click to show all stack frames</a>
<div class='stack-trace' id='stack-trace776691105'><pre>java.lang.AssertionError: Keyword-ul &apos;GoogleAccountUpdatedTestJava&apos; nu a fost găsit în prima linie a tabelului! expected [true] but found [false]
	at org.testng.Assert.fail(Assert.java:110)
	at org.testng.Assert.failNotEquals(Assert.java:1413)
	at org.testng.Assert.assertTrue(Assert.java:56)
	at com.crm.GoogleAccounts.Search.signIn(Search.java:71)
	at java.base/jdk.internal.reflect.DirectMethodHandleAccessor.invoke(DirectMethodHandleAccessor.java:103)
	at java.base/java.lang.reflect.Method.invoke(Method.java:580)
	at org.testng.internal.invokers.MethodInvocationHelper.invokeMethod(MethodInvocationHelper.java:136)
	at org.testng.internal.invokers.TestInvoker.invokeMethod(TestInvoker.java:658)
	at org.testng.internal.invokers.TestInvoker.invokeTestMethod(TestInvoker.java:219)
	at org.testng.internal.invokers.MethodRunner.runInSequence(MethodRunner.java:50)
	at org.testng.internal.invokers.TestInvoker$MethodInvocationAgent.invoke(TestInvoker.java:923)
	at org.testng.internal.invokers.TestInvoker.invokeTestMethods(TestInvoker.java:192)
	at org.testng.internal.invokers.TestMethodWorker.invokeTestMethods(TestMethodWorker.java:146)
	at org.testng.internal.invokers.TestMethodWorker.run(TestMethodWorker.java:128)
	at java.base/java.util.ArrayList.forEach(ArrayList.java:1596)
	at org.testng.TestRunner.privateRun(TestRunner.java:808)
	at org.testng.TestRunner.run(TestRunner.java:603)
	at org.testng.SuiteRunner.runTest(SuiteRunner.java:429)
	at org.testng.SuiteRunner.runSequentially(SuiteRunner.java:423)
	at org.testng.SuiteRunner.privateRun(SuiteRunner.java:383)
	at org.testng.SuiteRunner.run(SuiteRunner.java:326)
	at org.testng.SuiteRunnerWorker.runSuite(SuiteRunnerWorker.java:52)
	at org.testng.SuiteRunnerWorker.run(SuiteRunnerWorker.java:95)
	at org.testng.TestNG.runSuitesSequentially(TestNG.java:1249)
	at org.testng.TestNG.runSuitesLocally(TestNG.java:1169)
	at org.testng.TestNG.runSuites(TestNG.java:1092)
	at org.testng.TestNG.run(TestNG.java:1060)
	at org.apache.maven.surefire.testng.TestNGExecutor.run(TestNGExecutor.java:308)
	at org.apache.maven.surefire.testng.TestNGXmlTestSuite.execute(TestNGXmlTestSuite.java:71)
	at org.apache.maven.surefire.testng.TestNGProvider.invoke(TestNGProvider.java:113)
	at org.apache.maven.surefire.booter.ForkedBooter.runSuitesInProcess(ForkedBooter.java:385)
	at org.apache.maven.surefire.booter.ForkedBooter.execute(ForkedBooter.java:162)
	at org.apache.maven.surefire.booter.ForkedBooter.run(ForkedBooter.java:507)
	at org.apache.maven.surefire.booter.ForkedBooter.main(ForkedBooter.java:495)
</pre></div></td>
<td>16</td>
<td>com.crm.GoogleAccounts.Search@5223e5ee</td></tr>
<tr>
<td title='com.crm.GoogleAccounts.DeleteTableSettings.signIn()'><b>signIn</b><br>Test class: com.crm.GoogleAccounts.DeleteTableSettings<br>Parameters: edward.s@vebo.io, j8L3pc5hJ20Sjn10Lp!<br/>
<a href="#Output-768342053" onClick='toggleBox("Output-768342053", this, "Show output", "Hide output");'>Show output</a>

<a href="#Output-768342053" onClick="toggleAllBoxes();">Show all outputs</a>
<div class='log' id="Output-768342053">
Utilizator edward.s@vebo.io s-a logat<br/>
Debug Bar a fost ascuns<br/>
</div>
</td>
<td><div><pre>org.openqa.selenium.TimeoutException: Expected condition failed: waiting for element to be clickable: By.cssSelector: i.fas.fa-trash.text-red-600 (tried for 10 second(s) with 500 milliseconds interval)
Build info: version: &apos;4.23.1&apos;, revision: &apos;656257d8e9&apos;
System info: os.name: &apos;Linux&apos;, os.arch: &apos;amd64&apos;, os.version: &apos;6.9.3-76060903-generic&apos;, java.version: &apos;21.0.6&apos;
Driver info: org.openqa.selenium.chrome.ChromeDriver
Capabilities {acceptInsecureCerts: false, browserName: chrome, browserVersion: 133.0.6943.126, chrome: {chromedriverVersion: 133.0.6943.126 (cffa127ce7b..., userDataDir: /tmp/.org.chromium.Chromium...}, fedcm:accounts: true, goog:chromeOptions: {debuggerAddress: localhost:43135}, networkConnectionEnabled: false, pageLoadStrategy: normal, platformName: linux, proxy: Proxy(), se:cdp: ws://localhost:43135/devtoo..., se:cdpVersion: 133.0.6943.126, setWindowRect: true, strictFileInteractability: false, timeouts: {implicit: 0, pageLoad: 300000, script: 30000}, unhandledPromptBehavior: dismiss and notify, webauthn:extension:credBlob: true, webauthn:extension:largeBlob: true, webauthn:extension:minPinLength: true, webauthn:extension:prf: true, webauthn:virtualAuthenticators: true}
Session ID: 58d58718bde0d393eba41ca224d94d01
	at org.openqa.selenium.support.ui.WebDriverWait.timeoutException(WebDriverWait.java:84)
	at org.openqa.selenium.support.ui.FluentWait.until(FluentWait.java:228)
	at com.crm.GoogleAccounts.DeleteTableSettings.signIn(DeleteTableSettings.java:52)
	at java.base/java.util.ArrayList.forEach(ArrayList.java:1596)
... Removed 29 stack frames</pre></div><a href='#' onClick='toggleBox("stack-trace768342053", this, "Click to show all stack frames", "Click to hide stack frames")'>Click to show all stack frames</a>
<div class='stack-trace' id='stack-trace768342053'><pre>org.openqa.selenium.TimeoutException: Expected condition failed: waiting for element to be clickable: By.cssSelector: i.fas.fa-trash.text-red-600 (tried for 10 second(s) with 500 milliseconds interval)
Build info: version: &apos;4.23.1&apos;, revision: &apos;656257d8e9&apos;
System info: os.name: &apos;Linux&apos;, os.arch: &apos;amd64&apos;, os.version: &apos;6.9.3-76060903-generic&apos;, java.version: &apos;21.0.6&apos;
Driver info: org.openqa.selenium.chrome.ChromeDriver
Capabilities {acceptInsecureCerts: false, browserName: chrome, browserVersion: 133.0.6943.126, chrome: {chromedriverVersion: 133.0.6943.126 (cffa127ce7b..., userDataDir: /tmp/.org.chromium.Chromium...}, fedcm:accounts: true, goog:chromeOptions: {debuggerAddress: localhost:43135}, networkConnectionEnabled: false, pageLoadStrategy: normal, platformName: linux, proxy: Proxy(), se:cdp: ws://localhost:43135/devtoo..., se:cdpVersion: 133.0.6943.126, setWindowRect: true, strictFileInteractability: false, timeouts: {implicit: 0, pageLoad: 300000, script: 30000}, unhandledPromptBehavior: dismiss and notify, webauthn:extension:credBlob: true, webauthn:extension:largeBlob: true, webauthn:extension:minPinLength: true, webauthn:extension:prf: true, webauthn:virtualAuthenticators: true}
Session ID: 58d58718bde0d393eba41ca224d94d01
	at org.openqa.selenium.support.ui.WebDriverWait.timeoutException(WebDriverWait.java:84)
	at org.openqa.selenium.support.ui.FluentWait.until(FluentWait.java:228)
	at com.crm.GoogleAccounts.DeleteTableSettings.signIn(DeleteTableSettings.java:52)
	at java.base/jdk.internal.reflect.DirectMethodHandleAccessor.invoke(DirectMethodHandleAccessor.java:103)
	at java.base/java.lang.reflect.Method.invoke(Method.java:580)
	at org.testng.internal.invokers.MethodInvocationHelper.invokeMethod(MethodInvocationHelper.java:136)
	at org.testng.internal.invokers.TestInvoker.invokeMethod(TestInvoker.java:658)
	at org.testng.internal.invokers.TestInvoker.invokeTestMethod(TestInvoker.java:219)
	at org.testng.internal.invokers.MethodRunner.runInSequence(MethodRunner.java:50)
	at org.testng.internal.invokers.TestInvoker$MethodInvocationAgent.invoke(TestInvoker.java:923)
	at org.testng.internal.invokers.TestInvoker.invokeTestMethods(TestInvoker.java:192)
	at org.testng.internal.invokers.TestMethodWorker.invokeTestMethods(TestMethodWorker.java:146)
	at org.testng.internal.invokers.TestMethodWorker.run(TestMethodWorker.java:128)
	at java.base/java.util.ArrayList.forEach(ArrayList.java:1596)
	at org.testng.TestRunner.privateRun(TestRunner.java:808)
	at org.testng.TestRunner.run(TestRunner.java:603)
	at org.testng.SuiteRunner.runTest(SuiteRunner.java:429)
	at org.testng.SuiteRunner.runSequentially(SuiteRunner.java:423)
	at org.testng.SuiteRunner.privateRun(SuiteRunner.java:383)
	at org.testng.SuiteRunner.run(SuiteRunner.java:326)
	at org.testng.SuiteRunnerWorker.runSuite(SuiteRunnerWorker.java:52)
	at org.testng.SuiteRunnerWorker.run(SuiteRunnerWorker.java:95)
	at org.testng.TestNG.runSuitesSequentially(TestNG.java:1249)
	at org.testng.TestNG.runSuitesLocally(TestNG.java:1169)
	at org.testng.TestNG.runSuites(TestNG.java:1092)
	at org.testng.TestNG.run(TestNG.java:1060)
	at org.apache.maven.surefire.testng.TestNGExecutor.run(TestNGExecutor.java:308)
	at org.apache.maven.surefire.testng.TestNGXmlTestSuite.execute(TestNGXmlTestSuite.java:71)
	at org.apache.maven.surefire.testng.TestNGProvider.invoke(TestNGProvider.java:113)
	at org.apache.maven.surefire.booter.ForkedBooter.runSuitesInProcess(ForkedBooter.java:385)
	at org.apache.maven.surefire.booter.ForkedBooter.execute(ForkedBooter.java:162)
	at org.apache.maven.surefire.booter.ForkedBooter.run(ForkedBooter.java:507)
	at org.apache.maven.surefire.booter.ForkedBooter.main(ForkedBooter.java:495)
</pre></div></td>
<td>26</td>
<td>com.crm.GoogleAccounts.DeleteTableSettings@bef2d72</td></tr>
<tr>
<td title='com.crm.GoogleAccounts.Search.signIn()'><b>signIn</b><br>Test class: com.crm.GoogleAccounts.Search<br>Parameters: andreic@vebo.io, j8L3pc5hJ20Sjn10Lp!<br/>
<a href="#Output-701279123" onClick='toggleBox("Output-701279123", this, "Show output", "Hide output");'>Show output</a>

<a href="#Output-701279123" onClick="toggleAllBoxes();">Show all outputs</a>
<div class='log' id="Output-701279123">
Utilizator andreic@vebo.io s-a logat<br/>
Debug Bar a fost ascuns<br/>
Utilizatorul a navigat cu succes la pagina - Google accounts - iCRM v.37.71<br/>
No matching records found<br/>
</div>
</td>
<td><div><pre>java.lang.AssertionError: Keyword-ul &apos;GoogleAccountUpdatedTestJava&apos; nu a fost găsit în prima linie a tabelului! expected [true] but found [false]
	at com.crm.GoogleAccounts.Search.signIn(Search.java:71)
	at java.base/java.util.ArrayList.forEach(ArrayList.java:1596)
... Removed 32 stack frames</pre></div><a href='#' onClick='toggleBox("stack-trace701279123", this, "Click to show all stack frames", "Click to hide stack frames")'>Click to show all stack frames</a>
<div class='stack-trace' id='stack-trace701279123'><pre>java.lang.AssertionError: Keyword-ul &apos;GoogleAccountUpdatedTestJava&apos; nu a fost găsit în prima linie a tabelului! expected [true] but found [false]
	at org.testng.Assert.fail(Assert.java:110)
	at org.testng.Assert.failNotEquals(Assert.java:1413)
	at org.testng.Assert.assertTrue(Assert.java:56)
	at com.crm.GoogleAccounts.Search.signIn(Search.java:71)
	at java.base/jdk.internal.reflect.DirectMethodHandleAccessor.invoke(DirectMethodHandleAccessor.java:103)
	at java.base/java.lang.reflect.Method.invoke(Method.java:580)
	at org.testng.internal.invokers.MethodInvocationHelper.invokeMethod(MethodInvocationHelper.java:136)
	at org.testng.internal.invokers.TestInvoker.invokeMethod(TestInvoker.java:658)
	at org.testng.internal.invokers.TestInvoker.invokeTestMethod(TestInvoker.java:219)
	at org.testng.internal.invokers.MethodRunner.runInSequence(MethodRunner.java:50)
	at org.testng.internal.invokers.TestInvoker$MethodInvocationAgent.invoke(TestInvoker.java:923)
	at org.testng.internal.invokers.TestInvoker.invokeTestMethods(TestInvoker.java:192)
	at org.testng.internal.invokers.TestMethodWorker.invokeTestMethods(TestMethodWorker.java:146)
	at org.testng.internal.invokers.TestMethodWorker.run(TestMethodWorker.java:128)
	at java.base/java.util.ArrayList.forEach(ArrayList.java:1596)
	at org.testng.TestRunner.privateRun(TestRunner.java:808)
	at org.testng.TestRunner.run(TestRunner.java:603)
	at org.testng.SuiteRunner.runTest(SuiteRunner.java:429)
	at org.testng.SuiteRunner.runSequentially(SuiteRunner.java:423)
	at org.testng.SuiteRunner.privateRun(SuiteRunner.java:383)
	at org.testng.SuiteRunner.run(SuiteRunner.java:326)
	at org.testng.SuiteRunnerWorker.runSuite(SuiteRunnerWorker.java:52)
	at org.testng.SuiteRunnerWorker.run(SuiteRunnerWorker.java:95)
	at org.testng.TestNG.runSuitesSequentially(TestNG.java:1249)
	at org.testng.TestNG.runSuitesLocally(TestNG.java:1169)
	at org.testng.TestNG.runSuites(TestNG.java:1092)
	at org.testng.TestNG.run(TestNG.java:1060)
	at org.apache.maven.surefire.testng.TestNGExecutor.run(TestNGExecutor.java:308)
	at org.apache.maven.surefire.testng.TestNGXmlTestSuite.execute(TestNGXmlTestSuite.java:71)
	at org.apache.maven.surefire.testng.TestNGProvider.invoke(TestNGProvider.java:113)
	at org.apache.maven.surefire.booter.ForkedBooter.runSuitesInProcess(ForkedBooter.java:385)
	at org.apache.maven.surefire.booter.ForkedBooter.execute(ForkedBooter.java:162)
	at org.apache.maven.surefire.booter.ForkedBooter.run(ForkedBooter.java:507)
	at org.apache.maven.surefire.booter.ForkedBooter.main(ForkedBooter.java:495)
</pre></div></td>
<td>15</td>
<td>com.crm.GoogleAccounts.Search@5223e5ee</td></tr>
<tr>
<td title='com.crm.GoogleAccounts.DeleteTableSettings.signIn()'><b>signIn</b><br>Test class: com.crm.GoogleAccounts.DeleteTableSettings<br>Parameters: victor.cristea@vebo.io, j8L3pc5hJ20Sjn10Lp!<br/>
<a href="#Output-134726120" onClick='toggleBox("Output-134726120", this, "Show output", "Hide output");'>Show output</a>

<a href="#Output-134726120" onClick="toggleAllBoxes();">Show all outputs</a>
<div class='log' id="Output-134726120">
Utilizator victor.cristea@vebo.io s-a logat<br/>
Debug Bar a fost ascuns<br/>
</div>
</td>
<td><div><pre>org.openqa.selenium.TimeoutException: Expected condition failed: waiting for element to be clickable: By.cssSelector: i.fas.fa-trash.text-red-600 (tried for 10 second(s) with 500 milliseconds interval)
Build info: version: &apos;4.23.1&apos;, revision: &apos;656257d8e9&apos;
System info: os.name: &apos;Linux&apos;, os.arch: &apos;amd64&apos;, os.version: &apos;6.9.3-76060903-generic&apos;, java.version: &apos;21.0.6&apos;
Driver info: org.openqa.selenium.chrome.ChromeDriver
Capabilities {acceptInsecureCerts: false, browserName: chrome, browserVersion: 133.0.6943.126, chrome: {chromedriverVersion: 133.0.6943.126 (cffa127ce7b..., userDataDir: /tmp/.org.chromium.Chromium...}, fedcm:accounts: true, goog:chromeOptions: {debuggerAddress: localhost:36551}, networkConnectionEnabled: false, pageLoadStrategy: normal, platformName: linux, proxy: Proxy(), se:cdp: ws://localhost:36551/devtoo..., se:cdpVersion: 133.0.6943.126, setWindowRect: true, strictFileInteractability: false, timeouts: {implicit: 0, pageLoad: 300000, script: 30000}, unhandledPromptBehavior: dismiss and notify, webauthn:extension:credBlob: true, webauthn:extension:largeBlob: true, webauthn:extension:minPinLength: true, webauthn:extension:prf: true, webauthn:virtualAuthenticators: true}
Session ID: 2212d7f6d61bfc10afe63ecdb7db1a69
	at org.openqa.selenium.support.ui.WebDriverWait.timeoutException(WebDriverWait.java:84)
	at org.openqa.selenium.support.ui.FluentWait.until(FluentWait.java:228)
	at com.crm.GoogleAccounts.DeleteTableSettings.signIn(DeleteTableSettings.java:52)
	at java.base/java.util.ArrayList.forEach(ArrayList.java:1596)
... Removed 29 stack frames</pre></div><a href='#' onClick='toggleBox("stack-trace134726120", this, "Click to show all stack frames", "Click to hide stack frames")'>Click to show all stack frames</a>
<div class='stack-trace' id='stack-trace134726120'><pre>org.openqa.selenium.TimeoutException: Expected condition failed: waiting for element to be clickable: By.cssSelector: i.fas.fa-trash.text-red-600 (tried for 10 second(s) with 500 milliseconds interval)
Build info: version: &apos;4.23.1&apos;, revision: &apos;656257d8e9&apos;
System info: os.name: &apos;Linux&apos;, os.arch: &apos;amd64&apos;, os.version: &apos;6.9.3-76060903-generic&apos;, java.version: &apos;21.0.6&apos;
Driver info: org.openqa.selenium.chrome.ChromeDriver
Capabilities {acceptInsecureCerts: false, browserName: chrome, browserVersion: 133.0.6943.126, chrome: {chromedriverVersion: 133.0.6943.126 (cffa127ce7b..., userDataDir: /tmp/.org.chromium.Chromium...}, fedcm:accounts: true, goog:chromeOptions: {debuggerAddress: localhost:36551}, networkConnectionEnabled: false, pageLoadStrategy: normal, platformName: linux, proxy: Proxy(), se:cdp: ws://localhost:36551/devtoo..., se:cdpVersion: 133.0.6943.126, setWindowRect: true, strictFileInteractability: false, timeouts: {implicit: 0, pageLoad: 300000, script: 30000}, unhandledPromptBehavior: dismiss and notify, webauthn:extension:credBlob: true, webauthn:extension:largeBlob: true, webauthn:extension:minPinLength: true, webauthn:extension:prf: true, webauthn:virtualAuthenticators: true}
Session ID: 2212d7f6d61bfc10afe63ecdb7db1a69
	at org.openqa.selenium.support.ui.WebDriverWait.timeoutException(WebDriverWait.java:84)
	at org.openqa.selenium.support.ui.FluentWait.until(FluentWait.java:228)
	at com.crm.GoogleAccounts.DeleteTableSettings.signIn(DeleteTableSettings.java:52)
	at java.base/jdk.internal.reflect.DirectMethodHandleAccessor.invoke(DirectMethodHandleAccessor.java:103)
	at java.base/java.lang.reflect.Method.invoke(Method.java:580)
	at org.testng.internal.invokers.MethodInvocationHelper.invokeMethod(MethodInvocationHelper.java:136)
	at org.testng.internal.invokers.TestInvoker.invokeMethod(TestInvoker.java:658)
	at org.testng.internal.invokers.TestInvoker.invokeTestMethod(TestInvoker.java:219)
	at org.testng.internal.invokers.MethodRunner.runInSequence(MethodRunner.java:50)
	at org.testng.internal.invokers.TestInvoker$MethodInvocationAgent.invoke(TestInvoker.java:923)
	at org.testng.internal.invokers.TestInvoker.invokeTestMethods(TestInvoker.java:192)
	at org.testng.internal.invokers.TestMethodWorker.invokeTestMethods(TestMethodWorker.java:146)
	at org.testng.internal.invokers.TestMethodWorker.run(TestMethodWorker.java:128)
	at java.base/java.util.ArrayList.forEach(ArrayList.java:1596)
	at org.testng.TestRunner.privateRun(TestRunner.java:808)
	at org.testng.TestRunner.run(TestRunner.java:603)
	at org.testng.SuiteRunner.runTest(SuiteRunner.java:429)
	at org.testng.SuiteRunner.runSequentially(SuiteRunner.java:423)
	at org.testng.SuiteRunner.privateRun(SuiteRunner.java:383)
	at org.testng.SuiteRunner.run(SuiteRunner.java:326)
	at org.testng.SuiteRunnerWorker.runSuite(SuiteRunnerWorker.java:52)
	at org.testng.SuiteRunnerWorker.run(SuiteRunnerWorker.java:95)
	at org.testng.TestNG.runSuitesSequentially(TestNG.java:1249)
	at org.testng.TestNG.runSuitesLocally(TestNG.java:1169)
	at org.testng.TestNG.runSuites(TestNG.java:1092)
	at org.testng.TestNG.run(TestNG.java:1060)
	at org.apache.maven.surefire.testng.TestNGExecutor.run(TestNGExecutor.java:308)
	at org.apache.maven.surefire.testng.TestNGXmlTestSuite.execute(TestNGXmlTestSuite.java:71)
	at org.apache.maven.surefire.testng.TestNGProvider.invoke(TestNGProvider.java:113)
	at org.apache.maven.surefire.booter.ForkedBooter.runSuitesInProcess(ForkedBooter.java:385)
	at org.apache.maven.surefire.booter.ForkedBooter.execute(ForkedBooter.java:162)
	at org.apache.maven.surefire.booter.ForkedBooter.run(ForkedBooter.java:507)
	at org.apache.maven.surefire.booter.ForkedBooter.main(ForkedBooter.java:495)
</pre></div></td>
<td>25</td>
<td>com.crm.GoogleAccounts.DeleteTableSettings@bef2d72</td></tr>
</table><p>
<table width='100%' border='1' class='invocation-passed'>
<tr><td colspan='4' align='center'><b>PASSED TESTS</b></td></tr>
<tr><td><b>Test method</b></td>
<td width="30%"><b>Exception</b></td>
<td width="10%"><b>Time (seconds)</b></td>
<td><b>Instance</b></td>
</tr>
<tr>
<td title='com.crm.GoogleAccounts.CreateAndOrderTableSettings.signIn()'><b>signIn</b><br>Test class: com.crm.GoogleAccounts.CreateAndOrderTableSettings<br>Parameters: victor.cristea@vebo.io, j8L3pc5hJ20Sjn10Lp!<br/>
<a href="#Output-579983776" onClick='toggleBox("Output-579983776", this, "Show output", "Hide output");'>Show output</a>

<a href="#Output-579983776" onClick="toggleAllBoxes();">Show all outputs</a>
<div class='log' id="Output-579983776">
Utilizator victor.cristea@vebo.io s-a logat<br/>
Debug Bar a fost ascuns<br/>
Utilizatorul a navigat cu succes la pagina - Google accounts - iCRM v.37.71<br/>
A fost creat cu succes noua setare cu coloanele:
<br/>
Header is empty for index <br/>
Name -> CC-23<br/>
Status -> New<br/>
Batch Name -> CDS-b-1<br/>
Price -> $200<br/>
Card Name -> -<br/>
Account Id -> 3338872225<br/>
Account Source -> CDS-infarmed<br/>
First Last Name -> -<br/>
Login -> trafdiacdunecen1985@outlook.com<br/>
Password -> CUgqDWvGDA<br/>
Proxy -> -<br/>
Proxy Type -> -<br/>
Account RDP -> identi MLA<br/>
Account Owner -> Sergiu Ursu<br/>
Domain -> andersonmechanic.com<br/>
Farmer -> CDS<br/>
Last Update -> 2025-02-18 19:32<br/>
Email Login -> -<br/>
Email Password -> -<br/>
Warming Cost -> 7.66<br/>
Monthly Fees -> -<br/>
Under Review Reason -> -<br/>
Revenue -> -<br/>
Profit -> -7.66<br/>
Spend -> 7.66<br/>
BH Spend -> -<br/>
Other Fees -> -<br/>
MB Delivery Date -> 2025-02-18 16:49:40<br/>
BH Date -> -<br/>
Ban Date -> -<br/>
Ban Reason -> -<br/>
Spend On Ban -> -<br/>
Under Review Date -> -<br/>
ID Verification -> -<br/>
2FA -> Copy<br/>
License -> -<br/>
GEO -> GR<br/>
Usage -> SEARCH<br/>
Status Logs -> 18 February - Delivery (Alexandru Iurcu)<br/>
Campaigns Spreadsheet -> -<br/>
Age -> 6 days<br/>
Action -> <br/>
</div>
</td>
<td></td>
<td>29</td>
<td>com.crm.GoogleAccounts.CreateAndOrderTableSettings@7ce3cb8e</td></tr>
<tr>
<td title='com.crm.GoogleAccounts.DownloadCSV.signIn()'><b>signIn</b><br>Test class: com.crm.GoogleAccounts.DownloadCSV<br>Parameters: victor.cristea@vebo.io, j8L3pc5hJ20Sjn10Lp!<br/>
<a href="#Output-74259289" onClick='toggleBox("Output-74259289", this, "Show output", "Hide output");'>Show output</a>

<a href="#Output-74259289" onClick="toggleAllBoxes();">Show all outputs</a>
<div class='log' id="Output-74259289">
Utilizator victor.cristea@vebo.io s-a logat<br/>
Debug Bar a fost ascuns<br/>
Utilizatorul a navigat cu succes la pagina - Google accounts - iCRM v.37.71<br/>
A fost descarcat cu success fiserul CSV
<br/>
</div>
</td>
<td></td>
<td>19</td>
<td>com.crm.GoogleAccounts.DownloadCSV@78b66d36</td></tr>
<tr>
<td title='com.crm.GoogleAccounts.Search.signIn()'><b>signIn</b><br>Test class: com.crm.GoogleAccounts.Search<br>Parameters: victor.cristea@vebo.io, j8L3pc5hJ20Sjn10Lp!<br/>
<a href="#Output-17435166" onClick='toggleBox("Output-17435166", this, "Show output", "Hide output");'>Show output</a>

<a href="#Output-17435166" onClick="toggleAllBoxes();">Show all outputs</a>
<div class='log' id="Output-17435166">
Utilizator victor.cristea@vebo.io s-a logat<br/>
Debug Bar a fost ascuns<br/>
Utilizatorul a navigat cu succes la pagina - Google accounts - iCRM v.37.71<br/>
<br/>
GoogleAccountUpdatedTestJava<br/>
ID Verification<br/>
SuperADS<br/>
$30<br/>
UA-FDT-10 6934, UA-FDT-15 0904<br/>
2345678901<br/>
FJ<br/>
FirstNameTestUpdated LastNameTestUpdated<br/>
AutomationTestJavaUserUpdated<br/>
AutomationTestJavaPassUpdated<br/>
93.89.220.67:12323:14acf158ac3e3:1955db5d81<br/>
Residential<br/>
Download RDP File<br/>
Dorin M<br/>
spinandgo.net<br/>
-<br/>
2025-02-24 17:16<br/>
AutomationEmail@Login<br/>
AutomationEmail@Password<br/>
-<br/>
-<br/>
-<br/>
-<br/>
-<br/>
-<br/>
-<br/>
1234<br/>
2025-02-11 12:00:00<br/>
2025-02-13<br/>
-<br/>
-<br/>
-<br/>
-<br/>
2025-02-06 12:00:00<br/>
Copy<br/>
AutomationTestLicense<br/>
ATGU<br/>
DISPLAY<br/>
24 February - ID Verification (Victor Cristea), 24 February - Active (Victor Cristea)<br/>
-<br/>
0 days<br/>
<br/>
Keyword-ul 'GoogleAccountUpdatedTestJava' a fost găsit în prima linie a tabelului.<br/>
</div>
</td>
<td></td>
<td>14</td>
<td>com.crm.GoogleAccounts.Search@5223e5ee</td></tr>
<tr>
<td title='com.crm.GoogleAccounts.CreateGoogleAccount.signIn()'><b>signIn</b><br>Test class: com.crm.GoogleAccounts.CreateGoogleAccount<br>Parameters: victor.cristea@vebo.io, j8L3pc5hJ20Sjn10Lp!<br/>
<a href="#Output-620412175" onClick='toggleBox("Output-620412175", this, "Show output", "Hide output");'>Show output</a>

<a href="#Output-620412175" onClick="toggleAllBoxes();">Show all outputs</a>
<div class='log' id="Output-620412175">
Utilizator victor.cristea@vebo.io s-a logat<br/>
Debug Bar a fost ascuns<br/>
Utilizatorul a navigat cu succes la pagina - Google accounts - iCRM v.37.71<br/>
Header is empty for index 0
<br/>
Name -> GoogleAccountNameTestJava
<br/>
Status -> Active
<br/>
Batch Name -> SuperADS
<br/>
Price -> $30
<br/>
Card Name -> UA-FDT-15 0904
<br/>
Account Id -> 1234567890
<br/>
Account Source -> FJ
<br/>
First Last Name -> FirstNameTest LastNameTest
<br/>
Source Delivery Date -> 2025-02-24
<br/>
Login -> AutomationTestJavaUser
<br/>
Password -> AutomationTestJavaPass
<br/>
Proxy -> 93.89.220.67:12323:14acf158ac3e3:1955db5d81
<br/>
Proxy Type -> Residential
<br/>
Account RDP -> Download RDP File
<br/>
Account Owner -> Dorin M
<br/>
Account Domains -> poobest.com (-)
<br/>
Domain -> poobest.com
<br/>
MB Comments -> 1commentMB / 2commentsMB / 3commentsMB
<br/>
Farmer -> -
<br/>
Farmer Comments -> 1comment / 2comments / 3comments
<br/>
Last Update -> 2025-02-24 16:33
<br/>
Email Login -> AutomationEmail@Login
<br/>
Email Password -> AutomationEmail@Password
<br/>
Warming Cost -> -
<br/>
Monthly Fees -> -
<br/>
Revenue -> -
<br/>
Profit -> -
<br/>
Spend -> -
<br/>
BH Spend -> -
<br/>
Other Fees -> 1234
<br/>
MB Delivery Date -> 2025-02-20 12:00:00
<br/>
BH Date -> 2025-02-26
<br/>
Ban Date -> -
<br/>
Ban Reason -> -
<br/>
Spend On Ban -> -
<br/>
Under Review Reason -> -
<br/>
Under Review Date -> -
<br/>
Created At -> 2025-02-24 16:33:59
<br/>
ID Verification -> 2025-02-26 12:00:00
<br/>
2FA -> Copy
<br/>
License -> AutomationTestLicense
<br/>
GEO -> ATG
<br/>
Usage -> SEARCH
<br/>
Status Logs -> 24 February - Active (Victor Cristea)
<br/>
Sync From Date -> 2025-02-18
<br/>
Backup Code -> 7781 2286 7437 6456 9022 9765 6536 1766 4432 2797 3077 2043 6864 9346 0563 6609 9405 0172 7099 1031
<br/>
Campaigns Spreadsheet -> -
<br/>
Age -> 0 days
<br/>
Action -> 
<br/>
Keyword-ul 'GoogleAccountNameTestJava' a fost găsit în prima linie a tabelului.<br/>
</div>
</td>
<td></td>
<td>29</td>
<td>com.crm.GoogleAccounts.CreateGoogleAccount@6d2a209c</td></tr>
<tr>
<td title='com.crm.GoogleAccounts.UpdateGoogleAccount.signIn()'><b>signIn</b><br>Test class: com.crm.GoogleAccounts.UpdateGoogleAccount<br>Parameters: victor.cristea@vebo.io, j8L3pc5hJ20Sjn10Lp!<br/>
<a href="#Output-1195909598" onClick='toggleBox("Output-1195909598", this, "Show output", "Hide output");'>Show output</a>

<a href="#Output-1195909598" onClick="toggleAllBoxes();">Show all outputs</a>
<div class='log' id="Output-1195909598">
Utilizator victor.cristea@vebo.io s-a logat<br/>
Debug Bar a fost ascuns<br/>
S-a navigat cu succes la pagina - Google accounts - iCRM v.37.71<br/>
Header is empty for index 0
<br/>
Name -> GoogleAccountUpdatedTestJava
<br/>
Status -> ID Verification
<br/>
Batch Name -> SuperADS
<br/>
Price -> $30
<br/>
Card Name -> UA-FDT-10 6934, UA-FDT-15 0904
<br/>
Account Id -> 2345678901
<br/>
Account Source -> FJ
<br/>
First Last Name -> FirstNameTestUpdated LastNameTestUpdated
<br/>
Source Delivery Date -> 2025-02-24
<br/>
Login -> AutomationTestJavaUserUpdated
<br/>
Password -> AutomationTestJavaPassUpdated
<br/>
Proxy -> 93.89.220.67:12323:14acf158ac3e3:1955db5d81
<br/>
Proxy Type -> Residential
<br/>
Account RDP -> Download RDP File
<br/>
Account Owner -> Dorin M
<br/>
Account Domains -> spinandgo.net (-), poobest.com (-)
<br/>
Domain -> spinandgo.net
<br/>
MB Comments -> 1commentMB / 2commentsMB / 3commentsMB
<br/>
Farmer -> -
<br/>
Farmer Comments -> 1comment / 2comments / 3comments
<br/>
Last Update -> 2025-02-24 17:16
<br/>
Email Login -> AutomationEmail@Login
<br/>
Email Password -> AutomationEmail@Password
<br/>
Warming Cost -> -
<br/>
Monthly Fees -> -
<br/>
Revenue -> -
<br/>
Profit -> -
<br/>
Spend -> -
<br/>
BH Spend -> -
<br/>
Other Fees -> 1234
<br/>
MB Delivery Date -> 2025-02-11 12:00:00
<br/>
BH Date -> 2025-02-13
<br/>
Ban Date -> -
<br/>
Ban Reason -> -
<br/>
Spend On Ban -> -
<br/>
Under Review Reason -> -
<br/>
Under Review Date -> -
<br/>
Created At -> 2025-02-24 16:33:59
<br/>
ID Verification -> 2025-02-06 12:00:00
<br/>
2FA -> Copy
<br/>
License -> AutomationTestLicense
<br/>
GEO -> ATGU
<br/>
Usage -> DISPLAY
<br/>
Status Logs -> 24 February - ID Verification (Victor Cristea), 24 February - Active (Victor Cristea)
<br/>
Sync From Date -> 2025-02-08
<br/>
Backup Code -> 7781 2286 7437 6456 9022 9765
<br/>
Campaigns Spreadsheet -> -
<br/>
Age -> 0 days
<br/>
Action -> 
<br/>
Keyword-ul 'GoogleAccountUpdatedTestJava' a fost găsit în prima linie a tabelului.<br/>
</div>
</td>
<td></td>
<td>26</td>
<td>com.crm.GoogleAccounts.UpdateGoogleAccount@10e92f8f</td></tr>
<tr>
<td title='com.crm.GoogleAccounts.DownloadCSV.signIn()'><b>signIn</b><br>Test class: com.crm.GoogleAccounts.DownloadCSV<br>Parameters: marcel.g@vebo.io, j8L3pc5hJ20Sjn10Lp!<br/>
<a href="#Output-1250112917" onClick='toggleBox("Output-1250112917", this, "Show output", "Hide output");'>Show output</a>

<a href="#Output-1250112917" onClick="toggleAllBoxes();">Show all outputs</a>
<div class='log' id="Output-1250112917">
Utilizator marcel.g@vebo.io s-a logat<br/>
Debug Bar a fost ascuns<br/>
Utilizatorul a navigat cu succes la pagina - Google accounts - iCRM v.37.71<br/>
A fost descarcat cu success fiserul CSV
<br/>
</div>
</td>
<td></td>
<td>17</td>
<td>com.crm.GoogleAccounts.DownloadCSV@78b66d36</td></tr>
<tr>
<td title='com.crm.GoogleAccounts.FindAndDeleteGoogleAccountTest.signIn()'><b>signIn</b><br>Test class: com.crm.GoogleAccounts.FindAndDeleteGoogleAccountTest<br>Parameters: victor.cristea@vebo.io, j8L3pc5hJ20Sjn10Lp!<br/>
<a href="#Output-2038358441" onClick='toggleBox("Output-2038358441", this, "Show output", "Hide output");'>Show output</a>

<a href="#Output-2038358441" onClick="toggleAllBoxes();">Show all outputs</a>
<div class='log' id="Output-2038358441">
Utilizator victor.cristea@vebo.io s-a logat<br/>
Debug Bar a fost ascuns<br/>
S-a navigat cu succes la pagina - Google accounts - iCRM v.37.71<br/>
A fost sters cu succes contul - GoogleAccountNameTestJava<br/>
</div>
</td>
<td></td>
<td>18</td>
<td>com.crm.GoogleAccounts.FindAndDeleteGoogleAccountTest@69b2283a</td></tr>
<tr>
<td title='com.crm.GoogleAccounts.DownloadCSV.signIn()'><b>signIn</b><br>Test class: com.crm.GoogleAccounts.DownloadCSV<br>Parameters: chriss.c@vebo.io, j8L3pc5hJ20Sjn10Lp!<br/>
<a href="#Output-946260334" onClick='toggleBox("Output-946260334", this, "Show output", "Hide output");'>Show output</a>

<a href="#Output-946260334" onClick="toggleAllBoxes();">Show all outputs</a>
<div class='log' id="Output-946260334">
Utilizator chriss.c@vebo.io s-a logat<br/>
Debug Bar a fost ascuns<br/>
Utilizatorul a navigat cu succes la pagina - Google accounts - iCRM v.37.71<br/>
A fost descarcat cu success fiserul CSV
<br/>
</div>
</td>
<td></td>
<td>17</td>
<td>com.crm.GoogleAccounts.DownloadCSV@78b66d36</td></tr>
<tr>
<td title='com.crm.GoogleAccounts.CreateAndOrderTableSettings.signIn()'><b>signIn</b><br>Test class: com.crm.GoogleAccounts.CreateAndOrderTableSettings<br>Parameters: edward.s@vebo.io, j8L3pc5hJ20Sjn10Lp!<br/>
<a href="#Output-457586988" onClick='toggleBox("Output-457586988", this, "Show output", "Hide output");'>Show output</a>

<a href="#Output-457586988" onClick="toggleAllBoxes();">Show all outputs</a>
<div class='log' id="Output-457586988">
Utilizator edward.s@vebo.io s-a logat<br/>
Debug Bar a fost ascuns<br/>
Utilizatorul a navigat cu succes la pagina - Google accounts - iCRM v.37.71<br/>
A fost creat cu succes noua setare cu coloanele:
<br/>
Header is empty for index <br/>
Name -> Nova-MLA-2128<br/>
Status -> New<br/>
Batch Name -> Novabeyond<br/>
Price -> $20<br/>
Account Id -> 6469153184<br/>
Account Source -> Novabeyond<br/>
First Last Name -> -<br/>
Login -> unckooumar5@outlook.com<br/>
Password -> nKauS5CrRmVTj<br/>
Account RDP -> identi MLA<br/>
Account Owner -> Edward S<br/>
Domain -> allpushup.com<br/>
Farmer -> Novabeyond<br/>
Last Update -> 2025-02-14 12:33<br/>
Warming Cost -> 20.91<br/>
Monthly Fees -> -<br/>
Under Review Reason -> -<br/>
Revenue -> -<br/>
Profit -> -20.91<br/>
Spend -> 20.91<br/>
BH Spend -> -<br/>
Other Fees -> -<br/>
MB Delivery Date -> 2025-02-14 12:33:03<br/>
BH Date -> -<br/>
Ban Date -> -<br/>
Ban Reason -> -<br/>
Spend On Ban -> -<br/>
Under Review Date -> -<br/>
ID Verification -> -<br/>
2FA -> Copy<br/>
License -> -<br/>
GEO -> AUS<br/>
Usage -> SEARCH<br/>
Status Logs -> 14 February - Delivery (Ion Saptesate), 12 February - Warming (By System (Spreadsheet file))<br/>
Campaigns Spreadsheet -> https://docs.google.com/spreadsheets/d/1B4pYSrX4L_ynI6iAoSapTEC6deUHk-Xh0q9raFepLrs/edit?pli=1&gid=0#gid=0<br/>
Age -> 12 days<br/>
Action -> <br/>
</div>
</td>
<td></td>
<td>29</td>
<td>com.crm.GoogleAccounts.CreateAndOrderTableSettings@7ce3cb8e</td></tr>
<tr>
<td title='com.crm.GoogleAccounts.Search.signIn()'><b>signIn</b><br>Test class: com.crm.GoogleAccounts.Search<br>Parameters: dorin.m@vebo.io, j8L3pc5hJ20Sjn10Lp!<br/>
<a href="#Output-894735295" onClick='toggleBox("Output-894735295", this, "Show output", "Hide output");'>Show output</a>

<a href="#Output-894735295" onClick="toggleAllBoxes();">Show all outputs</a>
<div class='log' id="Output-894735295">
Utilizator dorin.m@vebo.io s-a logat<br/>
Debug Bar a fost ascuns<br/>
Utilizatorul a navigat cu succes la pagina - Google accounts - iCRM v.37.71<br/>
<br/>
GoogleAccountUpdatedTestJava<br/>
ID Verification<br/>
ATGU<br/>
Dorin M<br/>
$30<br/>
Download RDP File<br/>
Copy<br/>
spinandgo.net (-), poobest.com (-)<br/>
SuperADS<br/>
2345678901<br/>
FJ<br/>
2025-02-24<br/>
AutomationTestJavaUserUpdated<br/>
AutomationTestJavaPassUpdated<br/>
spinandgo.net<br/>
1commentMB / 2commentsMB / 3commentsMB<br/>
1comment / 2comments / 3comments<br/>
2025-02-24 17:16<br/>
-<br/>
-<br/>
-<br/>
-<br/>
-<br/>
-<br/>
1234<br/>
2025-02-11 12:00:00<br/>
2025-02-13<br/>
-<br/>
2025-02-24 16:33:59<br/>
AutomationTestLicense<br/>
24 February - ID Verification (Victor Cristea), 24 February - Active (Victor Cristea)<br/>
-<br/>
<br/>
Keyword-ul 'GoogleAccountUpdatedTestJava' a fost găsit în prima linie a tabelului.<br/>
</div>
</td>
<td></td>
<td>15</td>
<td>com.crm.GoogleAccounts.Search@5223e5ee</td></tr>
</table><p>
</body>
</html>