2025-04-15 15:44:01 INFO  com.Base.BaseTest - Driver inițializat și configurat pentru test
2025-04-15 15:44:01 INFO  com.Base.BaseTest - Driver închis după test
2025-04-15 15:44:53 INFO  com.Base.BaseTest - Driver inițializat și configurat pentru test
2025-04-15 15:44:53 INFO  com.Base.BaseTest - Driver închis după test
2025-04-15 15:45:54 INFO  com.Base.BaseTest - Driver inițializat și configurat pentru test
2025-04-15 15:45:54 INFO  com.Base.BaseTest - Driver închis după test
2025-04-15 15:54:25 INFO  com.Base.BaseTest - Driver inițializat și configurat pentru test
2025-04-15 15:54:35 INFO  com.Base.BaseTest - Driver închis după test
2025-04-15 15:56:40 INFO  com.Base.BaseTest - Driver inițializat și configurat pentru test
2025-04-15 15:56:52 INFO  com.Base.BaseTest - Driver închis după test
2025-04-15 16:08:45 INFO  com.Base.BaseTest - Driver inițializat și configurat pentru test
2025-04-15 16:08:51 INFO  com.Base.BaseTest - Driver închis după test
2025-04-15 16:10:20 INFO  com.Base.BaseTest - Driver inițializat și configurat pentru test
2025-04-15 16:10:26 INFO  com.Base.BaseTest - Driver închis după test
2025-04-15 16:14:29 INFO  com.Base.BaseTest - Driver inițializat și configurat pentru test
2025-04-15 16:14:35 INFO  com.Base.BaseTest - Driver închis după test
2025-04-15 16:18:17 INFO  com.Base.BaseTest - Driver inițializat și configurat pentru test
2025-04-15 16:18:22 INFO  com.Base.BaseTest - Driver închis după test
2025-04-15 16:19:57 INFO  com.Base.BaseTest - Driver inițializat și configurat pentru test
2025-04-15 16:20:06 INFO  com.Base.BaseTest - Driver închis după test
2025-04-15 16:24:21 INFO  com.Base.BaseTest - Driver inițializat și configurat pentru test
2025-04-15 16:24:40 INFO  com.Base.BaseTest - Driver închis după test
2025-04-15 16:26:42 INFO  com.Base.BaseTest - Driver inițializat și configurat pentru test
2025-04-15 16:26:58 INFO  com.Base.BaseTest - Driver închis după test
2025-04-15 16:29:55 INFO  com.Base.BaseTest - Driver inițializat și configurat pentru test
2025-04-15 16:30:13 INFO  com.Base.BaseTest - Driver închis după test
2025-04-15 16:33:59 INFO  com.Base.BaseTest - Driver inițializat și configurat pentru test
2025-04-15 16:34:06 INFO  com.Base.BaseTest - Driver închis după test
2025-04-15 16:34:49 INFO  com.Base.BaseTest - Driver inițializat și configurat pentru test
2025-04-15 16:35:11 INFO  com.Base.BaseTest - Driver închis după test
2025-04-15 16:35:35 INFO  com.Base.BaseTest - Driver inițializat și configurat pentru test
2025-04-15 16:35:59 INFO  com.Base.BaseTest - Driver închis după test
2025-04-15 16:37:02 INFO  com.Base.BaseTest - Driver inițializat și configurat pentru test
2025-04-15 16:37:21 INFO  com.Base.BaseTest - Driver închis după test
2025-04-16 12:47:30 ERROR com.Base.BaseTest - Eroare la încărcarea fișierului de proprietăți: /home/victorcristea/Documents/AutomationCRM/crmAuto/src/test/java/com/resources/configfiles/locators.properties
java.io.FileNotFoundException: /home/victorcristea/Documents/AutomationCRM/crmAuto/src/test/java/com/resources/configfiles/locators.properties (No such file or directory)
	at java.base/java.io.FileInputStream.open0(Native Method) ~[?:?]
	at java.base/java.io.FileInputStream.open(FileInputStream.java:219) ~[?:?]
	at java.base/java.io.FileInputStream.<init>(FileInputStream.java:159) ~[?:?]
	at java.base/java.io.FileInputStream.<init>(FileInputStream.java:112) ~[?:?]
	at com.Base.BaseTest.loadProperties(BaseTest.java:55) ~[test-classes/:?]
	at com.Base.BaseTest.setUp(BaseTest.java:42) ~[test-classes/:?]
	at com.crm.GoogleAccounts.CreateGoogleAccountTest.setUp(CreateGoogleAccountTest.java:18) ~[test-classes/:?]
	at java.base/jdk.internal.reflect.DirectMethodHandleAccessor.invoke(DirectMethodHandleAccessor.java:103) ~[?:?]
	at java.base/java.lang.reflect.Method.invoke(Method.java:580) ~[?:?]
	at org.testng.internal.invokers.MethodInvocationHelper.invokeMethod(MethodInvocationHelper.java:136) ~[testng-7.5.1.jar:7.5.1]
	at org.testng.internal.invokers.MethodInvocationHelper.invokeMethodConsideringTimeout(MethodInvocationHelper.java:65) ~[testng-7.5.1.jar:7.5.1]
	at org.testng.internal.invokers.ConfigInvoker.invokeConfigurationMethod(ConfigInvoker.java:381) ~[testng-7.5.1.jar:7.5.1]
	at org.testng.internal.invokers.ConfigInvoker.invokeConfigurations(ConfigInvoker.java:319) ~[testng-7.5.1.jar:7.5.1]
	at org.testng.internal.invokers.TestInvoker.runConfigMethods(TestInvoker.java:781) ~[testng-7.5.1.jar:7.5.1]
	at org.testng.internal.invokers.TestInvoker.invokeMethod(TestInvoker.java:574) ~[testng-7.5.1.jar:7.5.1]
	at org.testng.internal.invokers.TestInvoker.invokeTestMethod(TestInvoker.java:219) ~[testng-7.5.1.jar:7.5.1]
	at org.testng.internal.invokers.MethodRunner.runInSequence(MethodRunner.java:50) ~[testng-7.5.1.jar:7.5.1]
	at org.testng.internal.invokers.TestInvoker$MethodInvocationAgent.invoke(TestInvoker.java:923) ~[testng-7.5.1.jar:7.5.1]
	at org.testng.internal.invokers.TestInvoker.invokeTestMethods(TestInvoker.java:192) ~[testng-7.5.1.jar:7.5.1]
	at org.testng.internal.invokers.TestMethodWorker.invokeTestMethods(TestMethodWorker.java:146) ~[testng-7.5.1.jar:7.5.1]
	at org.testng.internal.invokers.TestMethodWorker.run(TestMethodWorker.java:128) ~[testng-7.5.1.jar:7.5.1]
	at java.base/java.util.ArrayList.forEach(ArrayList.java:1597) [?:?]
	at org.testng.TestRunner.privateRun(TestRunner.java:808) [testng-7.5.1.jar:7.5.1]
	at org.testng.TestRunner.run(TestRunner.java:603) [testng-7.5.1.jar:7.5.1]
	at org.testng.SuiteRunner.runTest(SuiteRunner.java:429) [testng-7.5.1.jar:7.5.1]
	at org.testng.SuiteRunner.runSequentially(SuiteRunner.java:423) [testng-7.5.1.jar:7.5.1]
	at org.testng.SuiteRunner.privateRun(SuiteRunner.java:383) [testng-7.5.1.jar:7.5.1]
	at org.testng.SuiteRunner.run(SuiteRunner.java:326) [testng-7.5.1.jar:7.5.1]
	at org.testng.SuiteRunnerWorker.runSuite(SuiteRunnerWorker.java:52) [testng-7.5.1.jar:7.5.1]
	at org.testng.SuiteRunnerWorker.run(SuiteRunnerWorker.java:95) [testng-7.5.1.jar:7.5.1]
	at org.testng.TestNG.runSuitesSequentially(TestNG.java:1249) [testng-7.5.1.jar:7.5.1]
	at org.testng.TestNG.runSuitesLocally(TestNG.java:1169) [testng-7.5.1.jar:7.5.1]
	at org.testng.TestNG.runSuites(TestNG.java:1092) [testng-7.5.1.jar:7.5.1]
	at org.testng.TestNG.run(TestNG.java:1060) [testng-7.5.1.jar:7.5.1]
	at com.intellij.rt.testng.IDEARemoteTestNG.run(IDEARemoteTestNG.java:65) [testng-rt.jar:?]
	at com.intellij.rt.testng.RemoteTestNGStarter.main(RemoteTestNGStarter.java:105) [testng-rt.jar:?]
2025-04-16 12:47:30 ERROR com.Base.BaseTest - Eroare la încărcarea fișierului de proprietăți: /home/victorcristea/Documents/AutomationCRM/crmAuto/src/test/java/com/resources/configfiles/inputinfo.properties
java.io.FileNotFoundException: /home/victorcristea/Documents/AutomationCRM/crmAuto/src/test/java/com/resources/configfiles/inputinfo.properties (No such file or directory)
	at java.base/java.io.FileInputStream.open0(Native Method) ~[?:?]
	at java.base/java.io.FileInputStream.open(FileInputStream.java:219) ~[?:?]
	at java.base/java.io.FileInputStream.<init>(FileInputStream.java:159) ~[?:?]
	at java.base/java.io.FileInputStream.<init>(FileInputStream.java:112) ~[?:?]
	at com.Base.BaseTest.loadProperties(BaseTest.java:55) ~[test-classes/:?]
	at com.Base.BaseTest.setUp(BaseTest.java:44) ~[test-classes/:?]
	at com.crm.GoogleAccounts.CreateGoogleAccountTest.setUp(CreateGoogleAccountTest.java:18) ~[test-classes/:?]
	at java.base/jdk.internal.reflect.DirectMethodHandleAccessor.invoke(DirectMethodHandleAccessor.java:103) ~[?:?]
	at java.base/java.lang.reflect.Method.invoke(Method.java:580) ~[?:?]
	at org.testng.internal.invokers.MethodInvocationHelper.invokeMethod(MethodInvocationHelper.java:136) ~[testng-7.5.1.jar:7.5.1]
	at org.testng.internal.invokers.MethodInvocationHelper.invokeMethodConsideringTimeout(MethodInvocationHelper.java:65) ~[testng-7.5.1.jar:7.5.1]
	at org.testng.internal.invokers.ConfigInvoker.invokeConfigurationMethod(ConfigInvoker.java:381) ~[testng-7.5.1.jar:7.5.1]
	at org.testng.internal.invokers.ConfigInvoker.invokeConfigurations(ConfigInvoker.java:319) ~[testng-7.5.1.jar:7.5.1]
	at org.testng.internal.invokers.TestInvoker.runConfigMethods(TestInvoker.java:781) ~[testng-7.5.1.jar:7.5.1]
	at org.testng.internal.invokers.TestInvoker.invokeMethod(TestInvoker.java:574) ~[testng-7.5.1.jar:7.5.1]
	at org.testng.internal.invokers.TestInvoker.invokeTestMethod(TestInvoker.java:219) ~[testng-7.5.1.jar:7.5.1]
	at org.testng.internal.invokers.MethodRunner.runInSequence(MethodRunner.java:50) ~[testng-7.5.1.jar:7.5.1]
	at org.testng.internal.invokers.TestInvoker$MethodInvocationAgent.invoke(TestInvoker.java:923) ~[testng-7.5.1.jar:7.5.1]
	at org.testng.internal.invokers.TestInvoker.invokeTestMethods(TestInvoker.java:192) ~[testng-7.5.1.jar:7.5.1]
	at org.testng.internal.invokers.TestMethodWorker.invokeTestMethods(TestMethodWorker.java:146) ~[testng-7.5.1.jar:7.5.1]
	at org.testng.internal.invokers.TestMethodWorker.run(TestMethodWorker.java:128) ~[testng-7.5.1.jar:7.5.1]
	at java.base/java.util.ArrayList.forEach(ArrayList.java:1597) [?:?]
	at org.testng.TestRunner.privateRun(TestRunner.java:808) [testng-7.5.1.jar:7.5.1]
	at org.testng.TestRunner.run(TestRunner.java:603) [testng-7.5.1.jar:7.5.1]
	at org.testng.SuiteRunner.runTest(SuiteRunner.java:429) [testng-7.5.1.jar:7.5.1]
	at org.testng.SuiteRunner.runSequentially(SuiteRunner.java:423) [testng-7.5.1.jar:7.5.1]
	at org.testng.SuiteRunner.privateRun(SuiteRunner.java:383) [testng-7.5.1.jar:7.5.1]
	at org.testng.SuiteRunner.run(SuiteRunner.java:326) [testng-7.5.1.jar:7.5.1]
	at org.testng.SuiteRunnerWorker.runSuite(SuiteRunnerWorker.java:52) [testng-7.5.1.jar:7.5.1]
	at org.testng.SuiteRunnerWorker.run(SuiteRunnerWorker.java:95) [testng-7.5.1.jar:7.5.1]
	at org.testng.TestNG.runSuitesSequentially(TestNG.java:1249) [testng-7.5.1.jar:7.5.1]
	at org.testng.TestNG.runSuitesLocally(TestNG.java:1169) [testng-7.5.1.jar:7.5.1]
	at org.testng.TestNG.runSuites(TestNG.java:1092) [testng-7.5.1.jar:7.5.1]
	at org.testng.TestNG.run(TestNG.java:1060) [testng-7.5.1.jar:7.5.1]
	at com.intellij.rt.testng.IDEARemoteTestNG.run(IDEARemoteTestNG.java:65) [testng-rt.jar:?]
	at com.intellij.rt.testng.RemoteTestNGStarter.main(RemoteTestNGStarter.java:105) [testng-rt.jar:?]
2025-04-16 12:47:31 INFO  com.Base.BaseTest - Driver inițializat și configurat pentru test
2025-04-16 12:47:31 INFO  com.Base.BaseTest - Driver închis după test
2025-04-16 13:06:33 ERROR com.Base.BaseTest - Eroare la încărcarea fișierului de proprietăți: /home/victorcristea/Documents/AutomationCRM/crmAuto/src/test/java/com/resources/configfiles/locators.properties
java.io.FileNotFoundException: /home/victorcristea/Documents/AutomationCRM/crmAuto/src/test/java/com/resources/configfiles/locators.properties (No such file or directory)
	at java.base/java.io.FileInputStream.open0(Native Method) ~[?:?]
	at java.base/java.io.FileInputStream.open(FileInputStream.java:219) ~[?:?]
	at java.base/java.io.FileInputStream.<init>(FileInputStream.java:159) ~[?:?]
	at java.base/java.io.FileInputStream.<init>(FileInputStream.java:112) ~[?:?]
	at com.Base.BaseTest.loadProperties(BaseTest.java:55) ~[test-classes/:?]
	at com.Base.BaseTest.setUp(BaseTest.java:42) ~[test-classes/:?]
	at com.crm.GoogleAccounts.FindAndDeleteGoogleAccountTest.setUp(FindAndDeleteGoogleAccountTest.java:24) ~[test-classes/:?]
	at java.base/jdk.internal.reflect.DirectMethodHandleAccessor.invoke(DirectMethodHandleAccessor.java:103) ~[?:?]
	at java.base/java.lang.reflect.Method.invoke(Method.java:580) ~[?:?]
	at org.testng.internal.invokers.MethodInvocationHelper.invokeMethod(MethodInvocationHelper.java:136) ~[testng-7.5.1.jar:7.5.1]
	at org.testng.internal.invokers.MethodInvocationHelper.invokeMethodConsideringTimeout(MethodInvocationHelper.java:65) ~[testng-7.5.1.jar:7.5.1]
	at org.testng.internal.invokers.ConfigInvoker.invokeConfigurationMethod(ConfigInvoker.java:381) ~[testng-7.5.1.jar:7.5.1]
	at org.testng.internal.invokers.ConfigInvoker.invokeConfigurations(ConfigInvoker.java:319) ~[testng-7.5.1.jar:7.5.1]
	at org.testng.internal.invokers.TestInvoker.runConfigMethods(TestInvoker.java:781) ~[testng-7.5.1.jar:7.5.1]
	at org.testng.internal.invokers.TestInvoker.invokeMethod(TestInvoker.java:574) ~[testng-7.5.1.jar:7.5.1]
	at org.testng.internal.invokers.TestInvoker.invokeTestMethod(TestInvoker.java:219) ~[testng-7.5.1.jar:7.5.1]
	at org.testng.internal.invokers.MethodRunner.runInSequence(MethodRunner.java:50) ~[testng-7.5.1.jar:7.5.1]
	at org.testng.internal.invokers.TestInvoker$MethodInvocationAgent.invoke(TestInvoker.java:923) ~[testng-7.5.1.jar:7.5.1]
	at org.testng.internal.invokers.TestInvoker.invokeTestMethods(TestInvoker.java:192) ~[testng-7.5.1.jar:7.5.1]
	at org.testng.internal.invokers.TestMethodWorker.invokeTestMethods(TestMethodWorker.java:146) ~[testng-7.5.1.jar:7.5.1]
	at org.testng.internal.invokers.TestMethodWorker.run(TestMethodWorker.java:128) ~[testng-7.5.1.jar:7.5.1]
	at java.base/java.util.ArrayList.forEach(ArrayList.java:1597) [?:?]
	at org.testng.TestRunner.privateRun(TestRunner.java:808) [testng-7.5.1.jar:7.5.1]
	at org.testng.TestRunner.run(TestRunner.java:603) [testng-7.5.1.jar:7.5.1]
	at org.testng.SuiteRunner.runTest(SuiteRunner.java:429) [testng-7.5.1.jar:7.5.1]
	at org.testng.SuiteRunner.runSequentially(SuiteRunner.java:423) [testng-7.5.1.jar:7.5.1]
	at org.testng.SuiteRunner.privateRun(SuiteRunner.java:383) [testng-7.5.1.jar:7.5.1]
	at org.testng.SuiteRunner.run(SuiteRunner.java:326) [testng-7.5.1.jar:7.5.1]
	at org.testng.SuiteRunnerWorker.runSuite(SuiteRunnerWorker.java:52) [testng-7.5.1.jar:7.5.1]
	at org.testng.SuiteRunnerWorker.run(SuiteRunnerWorker.java:95) [testng-7.5.1.jar:7.5.1]
	at org.testng.TestNG.runSuitesSequentially(TestNG.java:1249) [testng-7.5.1.jar:7.5.1]
	at org.testng.TestNG.runSuitesLocally(TestNG.java:1169) [testng-7.5.1.jar:7.5.1]
	at org.testng.TestNG.runSuites(TestNG.java:1092) [testng-7.5.1.jar:7.5.1]
	at org.testng.TestNG.run(TestNG.java:1060) [testng-7.5.1.jar:7.5.1]
	at com.intellij.rt.testng.IDEARemoteTestNG.run(IDEARemoteTestNG.java:65) [testng-rt.jar:?]
	at com.intellij.rt.testng.RemoteTestNGStarter.main(RemoteTestNGStarter.java:105) [testng-rt.jar:?]
2025-04-16 13:06:33 ERROR com.Base.BaseTest - Eroare la încărcarea fișierului de proprietăți: /home/victorcristea/Documents/AutomationCRM/crmAuto/src/test/java/com/resources/configfiles/inputinfo.properties
java.io.FileNotFoundException: /home/victorcristea/Documents/AutomationCRM/crmAuto/src/test/java/com/resources/configfiles/inputinfo.properties (No such file or directory)
	at java.base/java.io.FileInputStream.open0(Native Method) ~[?:?]
	at java.base/java.io.FileInputStream.open(FileInputStream.java:219) ~[?:?]
	at java.base/java.io.FileInputStream.<init>(FileInputStream.java:159) ~[?:?]
	at java.base/java.io.FileInputStream.<init>(FileInputStream.java:112) ~[?:?]
	at com.Base.BaseTest.loadProperties(BaseTest.java:55) ~[test-classes/:?]
	at com.Base.BaseTest.setUp(BaseTest.java:44) ~[test-classes/:?]
	at com.crm.GoogleAccounts.FindAndDeleteGoogleAccountTest.setUp(FindAndDeleteGoogleAccountTest.java:24) ~[test-classes/:?]
	at java.base/jdk.internal.reflect.DirectMethodHandleAccessor.invoke(DirectMethodHandleAccessor.java:103) ~[?:?]
	at java.base/java.lang.reflect.Method.invoke(Method.java:580) ~[?:?]
	at org.testng.internal.invokers.MethodInvocationHelper.invokeMethod(MethodInvocationHelper.java:136) ~[testng-7.5.1.jar:7.5.1]
	at org.testng.internal.invokers.MethodInvocationHelper.invokeMethodConsideringTimeout(MethodInvocationHelper.java:65) ~[testng-7.5.1.jar:7.5.1]
	at org.testng.internal.invokers.ConfigInvoker.invokeConfigurationMethod(ConfigInvoker.java:381) ~[testng-7.5.1.jar:7.5.1]
	at org.testng.internal.invokers.ConfigInvoker.invokeConfigurations(ConfigInvoker.java:319) ~[testng-7.5.1.jar:7.5.1]
	at org.testng.internal.invokers.TestInvoker.runConfigMethods(TestInvoker.java:781) ~[testng-7.5.1.jar:7.5.1]
	at org.testng.internal.invokers.TestInvoker.invokeMethod(TestInvoker.java:574) ~[testng-7.5.1.jar:7.5.1]
	at org.testng.internal.invokers.TestInvoker.invokeTestMethod(TestInvoker.java:219) ~[testng-7.5.1.jar:7.5.1]
	at org.testng.internal.invokers.MethodRunner.runInSequence(MethodRunner.java:50) ~[testng-7.5.1.jar:7.5.1]
	at org.testng.internal.invokers.TestInvoker$MethodInvocationAgent.invoke(TestInvoker.java:923) ~[testng-7.5.1.jar:7.5.1]
	at org.testng.internal.invokers.TestInvoker.invokeTestMethods(TestInvoker.java:192) ~[testng-7.5.1.jar:7.5.1]
	at org.testng.internal.invokers.TestMethodWorker.invokeTestMethods(TestMethodWorker.java:146) ~[testng-7.5.1.jar:7.5.1]
	at org.testng.internal.invokers.TestMethodWorker.run(TestMethodWorker.java:128) ~[testng-7.5.1.jar:7.5.1]
	at java.base/java.util.ArrayList.forEach(ArrayList.java:1597) [?:?]
	at org.testng.TestRunner.privateRun(TestRunner.java:808) [testng-7.5.1.jar:7.5.1]
	at org.testng.TestRunner.run(TestRunner.java:603) [testng-7.5.1.jar:7.5.1]
	at org.testng.SuiteRunner.runTest(SuiteRunner.java:429) [testng-7.5.1.jar:7.5.1]
	at org.testng.SuiteRunner.runSequentially(SuiteRunner.java:423) [testng-7.5.1.jar:7.5.1]
	at org.testng.SuiteRunner.privateRun(SuiteRunner.java:383) [testng-7.5.1.jar:7.5.1]
	at org.testng.SuiteRunner.run(SuiteRunner.java:326) [testng-7.5.1.jar:7.5.1]
	at org.testng.SuiteRunnerWorker.runSuite(SuiteRunnerWorker.java:52) [testng-7.5.1.jar:7.5.1]
	at org.testng.SuiteRunnerWorker.run(SuiteRunnerWorker.java:95) [testng-7.5.1.jar:7.5.1]
	at org.testng.TestNG.runSuitesSequentially(TestNG.java:1249) [testng-7.5.1.jar:7.5.1]
	at org.testng.TestNG.runSuitesLocally(TestNG.java:1169) [testng-7.5.1.jar:7.5.1]
	at org.testng.TestNG.runSuites(TestNG.java:1092) [testng-7.5.1.jar:7.5.1]
	at org.testng.TestNG.run(TestNG.java:1060) [testng-7.5.1.jar:7.5.1]
	at com.intellij.rt.testng.IDEARemoteTestNG.run(IDEARemoteTestNG.java:65) [testng-rt.jar:?]
	at com.intellij.rt.testng.RemoteTestNGStarter.main(RemoteTestNGStarter.java:105) [testng-rt.jar:?]
2025-04-16 13:06:33 INFO  com.Base.BaseTest - Driver inițializat și configurat pentru test
2025-04-16 13:06:33 INFO  com.Base.BaseTest - Driver închis după test
2025-04-16 13:10:45 ERROR com.Base.BaseTest - Eroare la încărcarea fișierului de proprietăți: /home/victorcristea/Documents/AutomationCRM/crmAuto/src/test/java/com/resources/configfiles/locators.properties
java.io.FileNotFoundException: /home/victorcristea/Documents/AutomationCRM/crmAuto/src/test/java/com/resources/configfiles/locators.properties (No such file or directory)
	at java.base/java.io.FileInputStream.open0(Native Method) ~[?:?]
	at java.base/java.io.FileInputStream.open(FileInputStream.java:219) ~[?:?]
	at java.base/java.io.FileInputStream.<init>(FileInputStream.java:159) ~[?:?]
	at java.base/java.io.FileInputStream.<init>(FileInputStream.java:112) ~[?:?]
	at com.Base.BaseTest.loadProperties(BaseTest.java:55) ~[test-classes/:?]
	at com.Base.BaseTest.setUp(BaseTest.java:42) ~[test-classes/:?]
	at com.crm.GoogleAccounts.FindAndDeleteGoogleAccountTest.setUp(FindAndDeleteGoogleAccountTest.java:24) ~[test-classes/:?]
	at java.base/jdk.internal.reflect.DirectMethodHandleAccessor.invoke(DirectMethodHandleAccessor.java:103) ~[?:?]
	at java.base/java.lang.reflect.Method.invoke(Method.java:580) ~[?:?]
	at org.testng.internal.invokers.MethodInvocationHelper.invokeMethod(MethodInvocationHelper.java:136) ~[testng-7.5.1.jar:7.5.1]
	at org.testng.internal.invokers.MethodInvocationHelper.invokeMethodConsideringTimeout(MethodInvocationHelper.java:65) ~[testng-7.5.1.jar:7.5.1]
	at org.testng.internal.invokers.ConfigInvoker.invokeConfigurationMethod(ConfigInvoker.java:381) ~[testng-7.5.1.jar:7.5.1]
	at org.testng.internal.invokers.ConfigInvoker.invokeConfigurations(ConfigInvoker.java:319) ~[testng-7.5.1.jar:7.5.1]
	at org.testng.internal.invokers.TestInvoker.runConfigMethods(TestInvoker.java:781) ~[testng-7.5.1.jar:7.5.1]
	at org.testng.internal.invokers.TestInvoker.invokeMethod(TestInvoker.java:574) ~[testng-7.5.1.jar:7.5.1]
	at org.testng.internal.invokers.TestInvoker.invokeTestMethod(TestInvoker.java:219) ~[testng-7.5.1.jar:7.5.1]
	at org.testng.internal.invokers.MethodRunner.runInSequence(MethodRunner.java:50) ~[testng-7.5.1.jar:7.5.1]
	at org.testng.internal.invokers.TestInvoker$MethodInvocationAgent.invoke(TestInvoker.java:923) ~[testng-7.5.1.jar:7.5.1]
	at org.testng.internal.invokers.TestInvoker.invokeTestMethods(TestInvoker.java:192) ~[testng-7.5.1.jar:7.5.1]
	at org.testng.internal.invokers.TestMethodWorker.invokeTestMethods(TestMethodWorker.java:146) ~[testng-7.5.1.jar:7.5.1]
	at org.testng.internal.invokers.TestMethodWorker.run(TestMethodWorker.java:128) ~[testng-7.5.1.jar:7.5.1]
	at java.base/java.util.ArrayList.forEach(ArrayList.java:1597) [?:?]
	at org.testng.TestRunner.privateRun(TestRunner.java:808) [testng-7.5.1.jar:7.5.1]
	at org.testng.TestRunner.run(TestRunner.java:603) [testng-7.5.1.jar:7.5.1]
	at org.testng.SuiteRunner.runTest(SuiteRunner.java:429) [testng-7.5.1.jar:7.5.1]
	at org.testng.SuiteRunner.runSequentially(SuiteRunner.java:423) [testng-7.5.1.jar:7.5.1]
	at org.testng.SuiteRunner.privateRun(SuiteRunner.java:383) [testng-7.5.1.jar:7.5.1]
	at org.testng.SuiteRunner.run(SuiteRunner.java:326) [testng-7.5.1.jar:7.5.1]
	at org.testng.SuiteRunnerWorker.runSuite(SuiteRunnerWorker.java:52) [testng-7.5.1.jar:7.5.1]
	at org.testng.SuiteRunnerWorker.run(SuiteRunnerWorker.java:95) [testng-7.5.1.jar:7.5.1]
	at org.testng.TestNG.runSuitesSequentially(TestNG.java:1249) [testng-7.5.1.jar:7.5.1]
	at org.testng.TestNG.runSuitesLocally(TestNG.java:1169) [testng-7.5.1.jar:7.5.1]
	at org.testng.TestNG.runSuites(TestNG.java:1092) [testng-7.5.1.jar:7.5.1]
	at org.testng.TestNG.run(TestNG.java:1060) [testng-7.5.1.jar:7.5.1]
	at com.intellij.rt.testng.IDEARemoteTestNG.run(IDEARemoteTestNG.java:65) [testng-rt.jar:?]
	at com.intellij.rt.testng.RemoteTestNGStarter.main(RemoteTestNGStarter.java:105) [testng-rt.jar:?]
2025-04-16 13:10:45 ERROR com.Base.BaseTest - Eroare la încărcarea fișierului de proprietăți: /home/victorcristea/Documents/AutomationCRM/crmAuto/src/test/java/com/resources/configfiles/inputinfo.properties
java.io.FileNotFoundException: /home/victorcristea/Documents/AutomationCRM/crmAuto/src/test/java/com/resources/configfiles/inputinfo.properties (No such file or directory)
	at java.base/java.io.FileInputStream.open0(Native Method) ~[?:?]
	at java.base/java.io.FileInputStream.open(FileInputStream.java:219) ~[?:?]
	at java.base/java.io.FileInputStream.<init>(FileInputStream.java:159) ~[?:?]
	at java.base/java.io.FileInputStream.<init>(FileInputStream.java:112) ~[?:?]
	at com.Base.BaseTest.loadProperties(BaseTest.java:55) ~[test-classes/:?]
	at com.Base.BaseTest.setUp(BaseTest.java:44) ~[test-classes/:?]
	at com.crm.GoogleAccounts.FindAndDeleteGoogleAccountTest.setUp(FindAndDeleteGoogleAccountTest.java:24) ~[test-classes/:?]
	at java.base/jdk.internal.reflect.DirectMethodHandleAccessor.invoke(DirectMethodHandleAccessor.java:103) ~[?:?]
	at java.base/java.lang.reflect.Method.invoke(Method.java:580) ~[?:?]
	at org.testng.internal.invokers.MethodInvocationHelper.invokeMethod(MethodInvocationHelper.java:136) ~[testng-7.5.1.jar:7.5.1]
	at org.testng.internal.invokers.MethodInvocationHelper.invokeMethodConsideringTimeout(MethodInvocationHelper.java:65) ~[testng-7.5.1.jar:7.5.1]
	at org.testng.internal.invokers.ConfigInvoker.invokeConfigurationMethod(ConfigInvoker.java:381) ~[testng-7.5.1.jar:7.5.1]
	at org.testng.internal.invokers.ConfigInvoker.invokeConfigurations(ConfigInvoker.java:319) ~[testng-7.5.1.jar:7.5.1]
	at org.testng.internal.invokers.TestInvoker.runConfigMethods(TestInvoker.java:781) ~[testng-7.5.1.jar:7.5.1]
	at org.testng.internal.invokers.TestInvoker.invokeMethod(TestInvoker.java:574) ~[testng-7.5.1.jar:7.5.1]
	at org.testng.internal.invokers.TestInvoker.invokeTestMethod(TestInvoker.java:219) ~[testng-7.5.1.jar:7.5.1]
	at org.testng.internal.invokers.MethodRunner.runInSequence(MethodRunner.java:50) ~[testng-7.5.1.jar:7.5.1]
	at org.testng.internal.invokers.TestInvoker$MethodInvocationAgent.invoke(TestInvoker.java:923) ~[testng-7.5.1.jar:7.5.1]
	at org.testng.internal.invokers.TestInvoker.invokeTestMethods(TestInvoker.java:192) ~[testng-7.5.1.jar:7.5.1]
	at org.testng.internal.invokers.TestMethodWorker.invokeTestMethods(TestMethodWorker.java:146) ~[testng-7.5.1.jar:7.5.1]
	at org.testng.internal.invokers.TestMethodWorker.run(TestMethodWorker.java:128) ~[testng-7.5.1.jar:7.5.1]
	at java.base/java.util.ArrayList.forEach(ArrayList.java:1597) [?:?]
	at org.testng.TestRunner.privateRun(TestRunner.java:808) [testng-7.5.1.jar:7.5.1]
	at org.testng.TestRunner.run(TestRunner.java:603) [testng-7.5.1.jar:7.5.1]
	at org.testng.SuiteRunner.runTest(SuiteRunner.java:429) [testng-7.5.1.jar:7.5.1]
	at org.testng.SuiteRunner.runSequentially(SuiteRunner.java:423) [testng-7.5.1.jar:7.5.1]
	at org.testng.SuiteRunner.privateRun(SuiteRunner.java:383) [testng-7.5.1.jar:7.5.1]
	at org.testng.SuiteRunner.run(SuiteRunner.java:326) [testng-7.5.1.jar:7.5.1]
	at org.testng.SuiteRunnerWorker.runSuite(SuiteRunnerWorker.java:52) [testng-7.5.1.jar:7.5.1]
	at org.testng.SuiteRunnerWorker.run(SuiteRunnerWorker.java:95) [testng-7.5.1.jar:7.5.1]
	at org.testng.TestNG.runSuitesSequentially(TestNG.java:1249) [testng-7.5.1.jar:7.5.1]
	at org.testng.TestNG.runSuitesLocally(TestNG.java:1169) [testng-7.5.1.jar:7.5.1]
	at org.testng.TestNG.runSuites(TestNG.java:1092) [testng-7.5.1.jar:7.5.1]
	at org.testng.TestNG.run(TestNG.java:1060) [testng-7.5.1.jar:7.5.1]
	at com.intellij.rt.testng.IDEARemoteTestNG.run(IDEARemoteTestNG.java:65) [testng-rt.jar:?]
	at com.intellij.rt.testng.RemoteTestNGStarter.main(RemoteTestNGStarter.java:105) [testng-rt.jar:?]
2025-04-16 13:10:45 INFO  com.Base.BaseTest - Driver inițializat și configurat pentru test
2025-04-16 13:10:45 INFO  com.Base.BaseTest - Driver închis după test
2025-04-16 13:13:28 ERROR com.Base.BaseTest - Eroare la încărcarea fișierului de proprietăți: /home/victorcristea/Documents/AutomationCRM/crmAuto/src/test/java/com/resources/configfiles/locators.properties
java.io.FileNotFoundException: /home/victorcristea/Documents/AutomationCRM/crmAuto/src/test/java/com/resources/configfiles/locators.properties (No such file or directory)
	at java.base/java.io.FileInputStream.open0(Native Method) ~[?:?]
	at java.base/java.io.FileInputStream.open(FileInputStream.java:219) ~[?:?]
	at java.base/java.io.FileInputStream.<init>(FileInputStream.java:159) ~[?:?]
	at java.base/java.io.FileInputStream.<init>(FileInputStream.java:112) ~[?:?]
	at com.Base.BaseTest.loadProperties(BaseTest.java:55) ~[test-classes/:?]
	at com.Base.BaseTest.setUp(BaseTest.java:42) ~[test-classes/:?]
	at com.crm.GoogleAccounts.FindAndDeleteGoogleAccountTest.setUp(FindAndDeleteGoogleAccountTest.java:24) ~[test-classes/:?]
	at java.base/jdk.internal.reflect.DirectMethodHandleAccessor.invoke(DirectMethodHandleAccessor.java:103) ~[?:?]
	at java.base/java.lang.reflect.Method.invoke(Method.java:580) ~[?:?]
	at org.testng.internal.invokers.MethodInvocationHelper.invokeMethod(MethodInvocationHelper.java:136) ~[testng-7.5.1.jar:7.5.1]
	at org.testng.internal.invokers.MethodInvocationHelper.invokeMethodConsideringTimeout(MethodInvocationHelper.java:65) ~[testng-7.5.1.jar:7.5.1]
	at org.testng.internal.invokers.ConfigInvoker.invokeConfigurationMethod(ConfigInvoker.java:381) ~[testng-7.5.1.jar:7.5.1]
	at org.testng.internal.invokers.ConfigInvoker.invokeConfigurations(ConfigInvoker.java:319) ~[testng-7.5.1.jar:7.5.1]
	at org.testng.internal.invokers.TestInvoker.runConfigMethods(TestInvoker.java:781) ~[testng-7.5.1.jar:7.5.1]
	at org.testng.internal.invokers.TestInvoker.invokeMethod(TestInvoker.java:574) ~[testng-7.5.1.jar:7.5.1]
	at org.testng.internal.invokers.TestInvoker.invokeTestMethod(TestInvoker.java:219) ~[testng-7.5.1.jar:7.5.1]
	at org.testng.internal.invokers.MethodRunner.runInSequence(MethodRunner.java:50) ~[testng-7.5.1.jar:7.5.1]
	at org.testng.internal.invokers.TestInvoker$MethodInvocationAgent.invoke(TestInvoker.java:923) ~[testng-7.5.1.jar:7.5.1]
	at org.testng.internal.invokers.TestInvoker.invokeTestMethods(TestInvoker.java:192) ~[testng-7.5.1.jar:7.5.1]
	at org.testng.internal.invokers.TestMethodWorker.invokeTestMethods(TestMethodWorker.java:146) ~[testng-7.5.1.jar:7.5.1]
	at org.testng.internal.invokers.TestMethodWorker.run(TestMethodWorker.java:128) ~[testng-7.5.1.jar:7.5.1]
	at java.base/java.util.ArrayList.forEach(ArrayList.java:1597) [?:?]
	at org.testng.TestRunner.privateRun(TestRunner.java:808) [testng-7.5.1.jar:7.5.1]
	at org.testng.TestRunner.run(TestRunner.java:603) [testng-7.5.1.jar:7.5.1]
	at org.testng.SuiteRunner.runTest(SuiteRunner.java:429) [testng-7.5.1.jar:7.5.1]
	at org.testng.SuiteRunner.runSequentially(SuiteRunner.java:423) [testng-7.5.1.jar:7.5.1]
	at org.testng.SuiteRunner.privateRun(SuiteRunner.java:383) [testng-7.5.1.jar:7.5.1]
	at org.testng.SuiteRunner.run(SuiteRunner.java:326) [testng-7.5.1.jar:7.5.1]
	at org.testng.SuiteRunnerWorker.runSuite(SuiteRunnerWorker.java:52) [testng-7.5.1.jar:7.5.1]
	at org.testng.SuiteRunnerWorker.run(SuiteRunnerWorker.java:95) [testng-7.5.1.jar:7.5.1]
	at org.testng.TestNG.runSuitesSequentially(TestNG.java:1249) [testng-7.5.1.jar:7.5.1]
	at org.testng.TestNG.runSuitesLocally(TestNG.java:1169) [testng-7.5.1.jar:7.5.1]
	at org.testng.TestNG.runSuites(TestNG.java:1092) [testng-7.5.1.jar:7.5.1]
	at org.testng.TestNG.run(TestNG.java:1060) [testng-7.5.1.jar:7.5.1]
	at com.intellij.rt.testng.IDEARemoteTestNG.run(IDEARemoteTestNG.java:65) [testng-rt.jar:?]
	at com.intellij.rt.testng.RemoteTestNGStarter.main(RemoteTestNGStarter.java:105) [testng-rt.jar:?]
2025-04-16 13:13:28 ERROR com.Base.BaseTest - Eroare la încărcarea fișierului de proprietăți: /home/victorcristea/Documents/AutomationCRM/crmAuto/src/test/java/com/resources/configfiles/inputinfo.properties
java.io.FileNotFoundException: /home/victorcristea/Documents/AutomationCRM/crmAuto/src/test/java/com/resources/configfiles/inputinfo.properties (No such file or directory)
	at java.base/java.io.FileInputStream.open0(Native Method) ~[?:?]
	at java.base/java.io.FileInputStream.open(FileInputStream.java:219) ~[?:?]
	at java.base/java.io.FileInputStream.<init>(FileInputStream.java:159) ~[?:?]
	at java.base/java.io.FileInputStream.<init>(FileInputStream.java:112) ~[?:?]
	at com.Base.BaseTest.loadProperties(BaseTest.java:55) ~[test-classes/:?]
	at com.Base.BaseTest.setUp(BaseTest.java:44) ~[test-classes/:?]
	at com.crm.GoogleAccounts.FindAndDeleteGoogleAccountTest.setUp(FindAndDeleteGoogleAccountTest.java:24) ~[test-classes/:?]
	at java.base/jdk.internal.reflect.DirectMethodHandleAccessor.invoke(DirectMethodHandleAccessor.java:103) ~[?:?]
	at java.base/java.lang.reflect.Method.invoke(Method.java:580) ~[?:?]
	at org.testng.internal.invokers.MethodInvocationHelper.invokeMethod(MethodInvocationHelper.java:136) ~[testng-7.5.1.jar:7.5.1]
	at org.testng.internal.invokers.MethodInvocationHelper.invokeMethodConsideringTimeout(MethodInvocationHelper.java:65) ~[testng-7.5.1.jar:7.5.1]
	at org.testng.internal.invokers.ConfigInvoker.invokeConfigurationMethod(ConfigInvoker.java:381) ~[testng-7.5.1.jar:7.5.1]
	at org.testng.internal.invokers.ConfigInvoker.invokeConfigurations(ConfigInvoker.java:319) ~[testng-7.5.1.jar:7.5.1]
	at org.testng.internal.invokers.TestInvoker.runConfigMethods(TestInvoker.java:781) ~[testng-7.5.1.jar:7.5.1]
	at org.testng.internal.invokers.TestInvoker.invokeMethod(TestInvoker.java:574) ~[testng-7.5.1.jar:7.5.1]
	at org.testng.internal.invokers.TestInvoker.invokeTestMethod(TestInvoker.java:219) ~[testng-7.5.1.jar:7.5.1]
	at org.testng.internal.invokers.MethodRunner.runInSequence(MethodRunner.java:50) ~[testng-7.5.1.jar:7.5.1]
	at org.testng.internal.invokers.TestInvoker$MethodInvocationAgent.invoke(TestInvoker.java:923) ~[testng-7.5.1.jar:7.5.1]
	at org.testng.internal.invokers.TestInvoker.invokeTestMethods(TestInvoker.java:192) ~[testng-7.5.1.jar:7.5.1]
	at org.testng.internal.invokers.TestMethodWorker.invokeTestMethods(TestMethodWorker.java:146) ~[testng-7.5.1.jar:7.5.1]
	at org.testng.internal.invokers.TestMethodWorker.run(TestMethodWorker.java:128) ~[testng-7.5.1.jar:7.5.1]
	at java.base/java.util.ArrayList.forEach(ArrayList.java:1597) [?:?]
	at org.testng.TestRunner.privateRun(TestRunner.java:808) [testng-7.5.1.jar:7.5.1]
	at org.testng.TestRunner.run(TestRunner.java:603) [testng-7.5.1.jar:7.5.1]
	at org.testng.SuiteRunner.runTest(SuiteRunner.java:429) [testng-7.5.1.jar:7.5.1]
	at org.testng.SuiteRunner.runSequentially(SuiteRunner.java:423) [testng-7.5.1.jar:7.5.1]
	at org.testng.SuiteRunner.privateRun(SuiteRunner.java:383) [testng-7.5.1.jar:7.5.1]
	at org.testng.SuiteRunner.run(SuiteRunner.java:326) [testng-7.5.1.jar:7.5.1]
	at org.testng.SuiteRunnerWorker.runSuite(SuiteRunnerWorker.java:52) [testng-7.5.1.jar:7.5.1]
	at org.testng.SuiteRunnerWorker.run(SuiteRunnerWorker.java:95) [testng-7.5.1.jar:7.5.1]
	at org.testng.TestNG.runSuitesSequentially(TestNG.java:1249) [testng-7.5.1.jar:7.5.1]
	at org.testng.TestNG.runSuitesLocally(TestNG.java:1169) [testng-7.5.1.jar:7.5.1]
	at org.testng.TestNG.runSuites(TestNG.java:1092) [testng-7.5.1.jar:7.5.1]
	at org.testng.TestNG.run(TestNG.java:1060) [testng-7.5.1.jar:7.5.1]
	at com.intellij.rt.testng.IDEARemoteTestNG.run(IDEARemoteTestNG.java:65) [testng-rt.jar:?]
	at com.intellij.rt.testng.RemoteTestNGStarter.main(RemoteTestNGStarter.java:105) [testng-rt.jar:?]
2025-04-16 13:13:28 INFO  com.Base.BaseTest - Driver inițializat și configurat pentru test
2025-04-16 13:13:29 INFO  com.Base.BaseTest - Driver închis după test
2025-04-16 13:19:47 ERROR com.Base.BaseTest - Eroare la încărcarea fișierului de proprietăți: /home/victorcristea/Documents/AutomationCRM/crmAuto/src/test/java/com/resources/configfiles/locators.properties
java.io.FileNotFoundException: /home/victorcristea/Documents/AutomationCRM/crmAuto/src/test/java/com/resources/configfiles/locators.properties (No such file or directory)
	at java.base/java.io.FileInputStream.open0(Native Method) ~[?:?]
	at java.base/java.io.FileInputStream.open(FileInputStream.java:219) ~[?:?]
	at java.base/java.io.FileInputStream.<init>(FileInputStream.java:159) ~[?:?]
	at java.base/java.io.FileInputStream.<init>(FileInputStream.java:112) ~[?:?]
	at com.Base.BaseTest.loadProperties(BaseTest.java:55) ~[test-classes/:?]
	at com.Base.BaseTest.setUp(BaseTest.java:42) ~[test-classes/:?]
	at com.crm.GoogleAccounts.FindAndDeleteGoogleAccountTest.setUp(FindAndDeleteGoogleAccountTest.java:24) ~[test-classes/:?]
	at java.base/jdk.internal.reflect.DirectMethodHandleAccessor.invoke(DirectMethodHandleAccessor.java:103) ~[?:?]
	at java.base/java.lang.reflect.Method.invoke(Method.java:580) ~[?:?]
	at org.testng.internal.invokers.MethodInvocationHelper.invokeMethod(MethodInvocationHelper.java:136) ~[testng-7.5.1.jar:7.5.1]
	at org.testng.internal.invokers.MethodInvocationHelper.invokeMethodConsideringTimeout(MethodInvocationHelper.java:65) ~[testng-7.5.1.jar:7.5.1]
	at org.testng.internal.invokers.ConfigInvoker.invokeConfigurationMethod(ConfigInvoker.java:381) ~[testng-7.5.1.jar:7.5.1]
	at org.testng.internal.invokers.ConfigInvoker.invokeConfigurations(ConfigInvoker.java:319) ~[testng-7.5.1.jar:7.5.1]
	at org.testng.internal.invokers.TestInvoker.runConfigMethods(TestInvoker.java:781) ~[testng-7.5.1.jar:7.5.1]
	at org.testng.internal.invokers.TestInvoker.invokeMethod(TestInvoker.java:574) ~[testng-7.5.1.jar:7.5.1]
	at org.testng.internal.invokers.TestInvoker.invokeTestMethod(TestInvoker.java:219) ~[testng-7.5.1.jar:7.5.1]
	at org.testng.internal.invokers.MethodRunner.runInSequence(MethodRunner.java:50) ~[testng-7.5.1.jar:7.5.1]
	at org.testng.internal.invokers.TestInvoker$MethodInvocationAgent.invoke(TestInvoker.java:923) ~[testng-7.5.1.jar:7.5.1]
	at org.testng.internal.invokers.TestInvoker.invokeTestMethods(TestInvoker.java:192) ~[testng-7.5.1.jar:7.5.1]
	at org.testng.internal.invokers.TestMethodWorker.invokeTestMethods(TestMethodWorker.java:146) ~[testng-7.5.1.jar:7.5.1]
	at org.testng.internal.invokers.TestMethodWorker.run(TestMethodWorker.java:128) ~[testng-7.5.1.jar:7.5.1]
	at java.base/java.util.ArrayList.forEach(ArrayList.java:1597) [?:?]
	at org.testng.TestRunner.privateRun(TestRunner.java:808) [testng-7.5.1.jar:7.5.1]
	at org.testng.TestRunner.run(TestRunner.java:603) [testng-7.5.1.jar:7.5.1]
	at org.testng.SuiteRunner.runTest(SuiteRunner.java:429) [testng-7.5.1.jar:7.5.1]
	at org.testng.SuiteRunner.runSequentially(SuiteRunner.java:423) [testng-7.5.1.jar:7.5.1]
	at org.testng.SuiteRunner.privateRun(SuiteRunner.java:383) [testng-7.5.1.jar:7.5.1]
	at org.testng.SuiteRunner.run(SuiteRunner.java:326) [testng-7.5.1.jar:7.5.1]
	at org.testng.SuiteRunnerWorker.runSuite(SuiteRunnerWorker.java:52) [testng-7.5.1.jar:7.5.1]
	at org.testng.SuiteRunnerWorker.run(SuiteRunnerWorker.java:95) [testng-7.5.1.jar:7.5.1]
	at org.testng.TestNG.runSuitesSequentially(TestNG.java:1249) [testng-7.5.1.jar:7.5.1]
	at org.testng.TestNG.runSuitesLocally(TestNG.java:1169) [testng-7.5.1.jar:7.5.1]
	at org.testng.TestNG.runSuites(TestNG.java:1092) [testng-7.5.1.jar:7.5.1]
	at org.testng.TestNG.run(TestNG.java:1060) [testng-7.5.1.jar:7.5.1]
	at com.intellij.rt.testng.IDEARemoteTestNG.run(IDEARemoteTestNG.java:65) [testng-rt.jar:?]
	at com.intellij.rt.testng.RemoteTestNGStarter.main(RemoteTestNGStarter.java:105) [testng-rt.jar:?]
2025-04-16 13:19:47 ERROR com.Base.BaseTest - Eroare la încărcarea fișierului de proprietăți: /home/victorcristea/Documents/AutomationCRM/crmAuto/src/test/java/com/resources/configfiles/inputinfo.properties
java.io.FileNotFoundException: /home/victorcristea/Documents/AutomationCRM/crmAuto/src/test/java/com/resources/configfiles/inputinfo.properties (No such file or directory)
	at java.base/java.io.FileInputStream.open0(Native Method) ~[?:?]
	at java.base/java.io.FileInputStream.open(FileInputStream.java:219) ~[?:?]
	at java.base/java.io.FileInputStream.<init>(FileInputStream.java:159) ~[?:?]
	at java.base/java.io.FileInputStream.<init>(FileInputStream.java:112) ~[?:?]
	at com.Base.BaseTest.loadProperties(BaseTest.java:55) ~[test-classes/:?]
	at com.Base.BaseTest.setUp(BaseTest.java:44) ~[test-classes/:?]
	at com.crm.GoogleAccounts.FindAndDeleteGoogleAccountTest.setUp(FindAndDeleteGoogleAccountTest.java:24) ~[test-classes/:?]
	at java.base/jdk.internal.reflect.DirectMethodHandleAccessor.invoke(DirectMethodHandleAccessor.java:103) ~[?:?]
	at java.base/java.lang.reflect.Method.invoke(Method.java:580) ~[?:?]
	at org.testng.internal.invokers.MethodInvocationHelper.invokeMethod(MethodInvocationHelper.java:136) ~[testng-7.5.1.jar:7.5.1]
	at org.testng.internal.invokers.MethodInvocationHelper.invokeMethodConsideringTimeout(MethodInvocationHelper.java:65) ~[testng-7.5.1.jar:7.5.1]
	at org.testng.internal.invokers.ConfigInvoker.invokeConfigurationMethod(ConfigInvoker.java:381) ~[testng-7.5.1.jar:7.5.1]
	at org.testng.internal.invokers.ConfigInvoker.invokeConfigurations(ConfigInvoker.java:319) ~[testng-7.5.1.jar:7.5.1]
	at org.testng.internal.invokers.TestInvoker.runConfigMethods(TestInvoker.java:781) ~[testng-7.5.1.jar:7.5.1]
	at org.testng.internal.invokers.TestInvoker.invokeMethod(TestInvoker.java:574) ~[testng-7.5.1.jar:7.5.1]
	at org.testng.internal.invokers.TestInvoker.invokeTestMethod(TestInvoker.java:219) ~[testng-7.5.1.jar:7.5.1]
	at org.testng.internal.invokers.MethodRunner.runInSequence(MethodRunner.java:50) ~[testng-7.5.1.jar:7.5.1]
	at org.testng.internal.invokers.TestInvoker$MethodInvocationAgent.invoke(TestInvoker.java:923) ~[testng-7.5.1.jar:7.5.1]
	at org.testng.internal.invokers.TestInvoker.invokeTestMethods(TestInvoker.java:192) ~[testng-7.5.1.jar:7.5.1]
	at org.testng.internal.invokers.TestMethodWorker.invokeTestMethods(TestMethodWorker.java:146) ~[testng-7.5.1.jar:7.5.1]
	at org.testng.internal.invokers.TestMethodWorker.run(TestMethodWorker.java:128) ~[testng-7.5.1.jar:7.5.1]
	at java.base/java.util.ArrayList.forEach(ArrayList.java:1597) [?:?]
	at org.testng.TestRunner.privateRun(TestRunner.java:808) [testng-7.5.1.jar:7.5.1]
	at org.testng.TestRunner.run(TestRunner.java:603) [testng-7.5.1.jar:7.5.1]
	at org.testng.SuiteRunner.runTest(SuiteRunner.java:429) [testng-7.5.1.jar:7.5.1]
	at org.testng.SuiteRunner.runSequentially(SuiteRunner.java:423) [testng-7.5.1.jar:7.5.1]
	at org.testng.SuiteRunner.privateRun(SuiteRunner.java:383) [testng-7.5.1.jar:7.5.1]
	at org.testng.SuiteRunner.run(SuiteRunner.java:326) [testng-7.5.1.jar:7.5.1]
	at org.testng.SuiteRunnerWorker.runSuite(SuiteRunnerWorker.java:52) [testng-7.5.1.jar:7.5.1]
	at org.testng.SuiteRunnerWorker.run(SuiteRunnerWorker.java:95) [testng-7.5.1.jar:7.5.1]
	at org.testng.TestNG.runSuitesSequentially(TestNG.java:1249) [testng-7.5.1.jar:7.5.1]
	at org.testng.TestNG.runSuitesLocally(TestNG.java:1169) [testng-7.5.1.jar:7.5.1]
	at org.testng.TestNG.runSuites(TestNG.java:1092) [testng-7.5.1.jar:7.5.1]
	at org.testng.TestNG.run(TestNG.java:1060) [testng-7.5.1.jar:7.5.1]
	at com.intellij.rt.testng.IDEARemoteTestNG.run(IDEARemoteTestNG.java:65) [testng-rt.jar:?]
	at com.intellij.rt.testng.RemoteTestNGStarter.main(RemoteTestNGStarter.java:105) [testng-rt.jar:?]
2025-04-16 13:19:47 INFO  com.Base.BaseTest - Driver inițializat și configurat pentru test
2025-04-16 13:19:47 INFO  com.Base.BaseTest - Driver închis după test
2025-04-16 13:33:54 INFO  com.Base.BaseTest - Driver inițializat și configurat pentru test
2025-04-16 13:34:18 INFO  com.Base.BaseTest - Driver închis după test
2025-04-16 13:34:19 INFO  com.Base.BaseTest - Driver inițializat și configurat pentru test
2025-04-16 13:34:30 INFO  com.Base.BaseTest - Driver închis după test
2025-04-16 13:41:19 INFO  com.Base.BaseTest - Driver inițializat și configurat pentru test
2025-04-16 13:41:34 INFO  com.Base.BaseTest - Driver închis după test
2025-04-16 13:42:29 INFO  com.Base.BaseTest - Driver inițializat și configurat pentru test
2025-04-16 13:42:42 INFO  com.Base.BaseTest - Driver închis după test
2025-04-16 13:43:56 INFO  com.Base.BaseTest - Driver inițializat și configurat pentru test
2025-04-16 13:44:08 INFO  com.Base.BaseTest - Driver închis după test
2025-04-16 13:45:30 INFO  com.Base.BaseTest - Driver inițializat și configurat pentru test
2025-04-16 13:45:41 INFO  com.Base.BaseTest - Driver închis după test
2025-04-16 13:47:14 INFO  com.Base.BaseTest - Driver inițializat și configurat pentru test
2025-04-16 13:47:26 INFO  com.Base.BaseTest - Driver închis după test
2025-04-16 13:49:48 INFO  com.Base.BaseTest - Driver inițializat și configurat pentru test
2025-04-16 13:50:12 INFO  com.Base.BaseTest - Driver închis după test
2025-04-16 13:50:13 INFO  com.Base.BaseTest - Driver inițializat și configurat pentru test
2025-04-16 13:51:09 INFO  com.Base.BaseTest - Driver închis după test
2025-04-16 14:49:12 INFO  com.Base.BaseTest - Driver inițializat și configurat pentru test
2025-04-16 14:49:28 INFO  com.Base.BaseTest - Driver închis după test
2025-04-16 14:49:29 INFO  com.Base.BaseTest - Driver inițializat și configurat pentru test
2025-04-16 14:49:47 INFO  com.Base.BaseTest - Driver închis după test
2025-04-16 14:55:46 INFO  com.Base.BaseTest - Driver inițializat și configurat pentru test
2025-04-16 14:56:24 INFO  com.Base.BaseTest - Driver închis după test
2025-04-16 14:56:25 INFO  com.Base.BaseTest - Driver inițializat și configurat pentru test
2025-04-16 14:56:43 INFO  com.Base.BaseTest - Driver închis după test
2025-04-16 15:06:20 INFO  com.Base.BaseTest - Driver inițializat și configurat pentru test
2025-04-16 15:06:41 INFO  com.Base.BaseTest - Driver închis după test
2025-04-16 15:06:43 INFO  com.Base.BaseTest - Driver inițializat și configurat pentru test
2025-04-16 15:07:02 INFO  com.Base.BaseTest - Driver închis după test
2025-04-16 15:21:05 INFO  com.Base.BaseTest - Driver inițializat și configurat pentru test
2025-04-16 15:21:24 INFO  com.Base.BaseTest - Driver închis după test
2025-04-16 15:21:26 INFO  com.Base.BaseTest - Driver inițializat și configurat pentru test
2025-04-16 15:21:43 INFO  com.Base.BaseTest - Driver închis după test
2025-04-16 17:51:09 INFO  com.Base.BaseTest - Driver inițializat și configurat pentru test
2025-04-16 17:51:29 INFO  com.Base.BaseTest - Driver închis după test
2025-04-16 17:51:31 INFO  com.Base.BaseTest - Driver inițializat și configurat pentru test
2025-04-16 17:51:49 INFO  com.Base.BaseTest - Driver închis după test
