<?xml version="1.0" encoding="UTF-8"?>
<!-- Generated by org.testng.reporters.JUnitXMLReporter -->
<testsuite ignored="0" hostname="kali" failures="0" tests="32" name="SG Campaigns Test" time="9.744" errors="0" timestamp="2025-04-16T13:27:12 EEST">
  <testcase classname="com.crm.SGCampaigns.CreateAndOrderTableSettingsTest" name="@BeforeMethod setUp" time="1.744">
    <failure type="java.lang.IllegalArgumentException" message="Fișierul nu a fost găsit: src/test/java/com/resources/configfiles/locators.properties">
      <![CDATA[java.lang.IllegalArgumentException: Fișierul nu a fost găsit: src/test/java/com/resources/configfiles/locators.properties
at com.Base.BaseTest.loadProperties(BaseTest.java:56)
at com.Base.BaseTest.setUp(BaseTest.java:43)
at com.crm.SGCampaigns.CreateAndOrderTableSettingsTest.setUp(CreateAndOrderTableSettingsTest.java:30)
at java.base/java.util.ArrayList.forEach(ArrayList.java:1596)
... Removed 33 stack frames]]>
    </failure>
  </testcase> <!-- @BeforeMethod setUp -->
  <testcase classname="com.Base.BaseTest" name="@AfterMethod tearDown" time="0.0">
    <skipped/>
  </testcase> <!-- @AfterMethod tearDown -->
  <testcase classname="com.crm.SGCampaigns.CreateAndOrderTableSettingsTest" name="@BeforeMethod setUp" time="0.0">
    <skipped/>
  </testcase> <!-- @BeforeMethod setUp -->
  <testcase classname="com.Base.BaseTest" name="@AfterMethod tearDown" time="0.0">
    <skipped/>
  </testcase> <!-- @AfterMethod tearDown -->
  <testcase classname="com.crm.SGCampaigns.CreateAndOrderTableSettingsTest" name="@BeforeMethod setUp" time="0.0">
    <skipped/>
  </testcase> <!-- @BeforeMethod setUp -->
  <testcase classname="com.Base.BaseTest" name="@AfterMethod tearDown" time="0.0">
    <skipped/>
  </testcase> <!-- @AfterMethod tearDown -->
  <testcase classname="com.crm.SGCampaigns.CreateAndOrderTableSettingsTest" name="@BeforeMethod setUp" time="0.0">
    <skipped/>
  </testcase> <!-- @BeforeMethod setUp -->
  <testcase classname="com.Base.BaseTest" name="@AfterMethod tearDown" time="0.0">
    <skipped/>
  </testcase> <!-- @AfterMethod tearDown -->
  <testcase classname="com.crm.SGCampaigns.CreateTableSettingsPerOfferTest" name="@BeforeMethod setUp" time="1.141">
    <failure type="java.lang.IllegalArgumentException" message="Fișierul nu a fost găsit: src/test/java/com/resources/configfiles/locators.properties">
      <![CDATA[java.lang.IllegalArgumentException: Fișierul nu a fost găsit: src/test/java/com/resources/configfiles/locators.properties
at com.Base.BaseTest.loadProperties(BaseTest.java:56)
at com.Base.BaseTest.setUp(BaseTest.java:43)
at com.crm.SGCampaigns.CreateTableSettingsPerOfferTest.setUp(CreateTableSettingsPerOfferTest.java:29)
at java.base/java.util.ArrayList.forEach(ArrayList.java:1596)
... Removed 33 stack frames]]>
    </failure>
  </testcase> <!-- @BeforeMethod setUp -->
  <testcase classname="com.Base.BaseTest" name="@AfterMethod tearDown" time="0.0">
    <skipped/>
  </testcase> <!-- @AfterMethod tearDown -->
  <testcase classname="com.crm.SGCampaigns.CreateTableSettingsPerOfferTest" name="@BeforeMethod setUp" time="0.0">
    <skipped/>
  </testcase> <!-- @BeforeMethod setUp -->
  <testcase classname="com.Base.BaseTest" name="@AfterMethod tearDown" time="0.0">
    <skipped/>
  </testcase> <!-- @AfterMethod tearDown -->
  <testcase classname="com.crm.SGCampaigns.CreateTableSettingsPerOfferTest" name="@BeforeMethod setUp" time="0.0">
    <skipped/>
  </testcase> <!-- @BeforeMethod setUp -->
  <testcase classname="com.Base.BaseTest" name="@AfterMethod tearDown" time="0.0">
    <skipped/>
  </testcase> <!-- @AfterMethod tearDown -->
  <testcase classname="com.crm.SGCampaigns.CreateTableSettingsPerOfferTest" name="@BeforeMethod setUp" time="0.0">
    <skipped/>
  </testcase> <!-- @BeforeMethod setUp -->
  <testcase classname="com.Base.BaseTest" name="@AfterMethod tearDown" time="0.0">
    <skipped/>
  </testcase> <!-- @AfterMethod tearDown -->
  <testcase classname="com.crm.SGCampaigns.DownloadCSVTest" name="@BeforeMethod setUp" time="1.033">
    <failure type="java.lang.IllegalArgumentException" message="Fișierul nu a fost găsit: src/test/java/com/resources/configfiles/locators.properties">
      <![CDATA[java.lang.IllegalArgumentException: Fișierul nu a fost găsit: src/test/java/com/resources/configfiles/locators.properties
at com.Base.BaseTest.loadProperties(BaseTest.java:56)
at com.Base.BaseTest.setUp(BaseTest.java:43)
at com.crm.SGCampaigns.DownloadCSVTest.setUp(DownloadCSVTest.java:28)
at java.base/java.util.ArrayList.forEach(ArrayList.java:1596)
... Removed 33 stack frames]]>
    </failure>
  </testcase> <!-- @BeforeMethod setUp -->
  <testcase classname="com.Base.BaseTest" name="@AfterMethod tearDown" time="0.0">
    <skipped/>
  </testcase> <!-- @AfterMethod tearDown -->
  <testcase classname="com.crm.SGCampaigns.DownloadCSVTest" name="@BeforeMethod setUp" time="0.0">
    <skipped/>
  </testcase> <!-- @BeforeMethod setUp -->
  <testcase classname="com.Base.BaseTest" name="@AfterMethod tearDown" time="0.0">
    <skipped/>
  </testcase> <!-- @AfterMethod tearDown -->
  <testcase classname="com.crm.SGCampaigns.DownloadCSVTest" name="@BeforeMethod setUp" time="0.0">
    <skipped/>
  </testcase> <!-- @BeforeMethod setUp -->
  <testcase classname="com.Base.BaseTest" name="@AfterMethod tearDown" time="0.0">
    <skipped/>
  </testcase> <!-- @AfterMethod tearDown -->
  <testcase classname="com.crm.SGCampaigns.DownloadCSVTest" name="@BeforeMethod setUp" time="0.0">
    <skipped/>
  </testcase> <!-- @BeforeMethod setUp -->
  <testcase classname="com.Base.BaseTest" name="@AfterMethod tearDown" time="0.0">
    <skipped/>
  </testcase> <!-- @AfterMethod tearDown -->
  <testcase classname="com.crm.SGCampaigns.DownloadCSVPerOfferTest" name="@BeforeMethod setUp" time="1.173">
    <failure type="java.lang.IllegalArgumentException" message="Fișierul nu a fost găsit: src/test/java/com/resources/configfiles/locators.properties">
      <![CDATA[java.lang.IllegalArgumentException: Fișierul nu a fost găsit: src/test/java/com/resources/configfiles/locators.properties
at com.Base.BaseTest.loadProperties(BaseTest.java:56)
at com.Base.BaseTest.setUp(BaseTest.java:43)
at com.crm.SGCampaigns.DownloadCSVPerOfferTest.setUp(DownloadCSVPerOfferTest.java:28)
at java.base/java.util.ArrayList.forEach(ArrayList.java:1596)
... Removed 33 stack frames]]>
    </failure>
  </testcase> <!-- @BeforeMethod setUp -->
  <testcase classname="com.Base.BaseTest" name="@AfterMethod tearDown" time="0.0">
    <skipped/>
  </testcase> <!-- @AfterMethod tearDown -->
  <testcase classname="com.crm.SGCampaigns.DownloadCSVPerOfferTest" name="@BeforeMethod setUp" time="0.0">
    <skipped/>
  </testcase> <!-- @BeforeMethod setUp -->
  <testcase classname="com.Base.BaseTest" name="@AfterMethod tearDown" time="0.0">
    <skipped/>
  </testcase> <!-- @AfterMethod tearDown -->
  <testcase classname="com.crm.SGCampaigns.DownloadCSVPerOfferTest" name="@BeforeMethod setUp" time="0.0">
    <skipped/>
  </testcase> <!-- @BeforeMethod setUp -->
  <testcase classname="com.Base.BaseTest" name="@AfterMethod tearDown" time="0.0">
    <skipped/>
  </testcase> <!-- @AfterMethod tearDown -->
  <testcase classname="com.crm.SGCampaigns.DownloadCSVPerOfferTest" name="@BeforeMethod setUp" time="0.0">
    <skipped/>
  </testcase> <!-- @BeforeMethod setUp -->
  <testcase classname="com.Base.BaseTest" name="@AfterMethod tearDown" time="0.0">
    <skipped/>
  </testcase> <!-- @AfterMethod tearDown -->
  <testcase classname="com.crm.SGCampaigns.SearchSGTest" name="@BeforeMethod setUp" time="1.131">
    <failure type="java.lang.IllegalArgumentException" message="Fișierul nu a fost găsit: src/test/java/com/resources/configfiles/locators.properties">
      <![CDATA[java.lang.IllegalArgumentException: Fișierul nu a fost găsit: src/test/java/com/resources/configfiles/locators.properties
at com.Base.BaseTest.loadProperties(BaseTest.java:56)
at com.Base.BaseTest.setUp(BaseTest.java:43)
at com.crm.SGCampaigns.SearchSGTest.setUp(SearchSGTest.java:22)
at java.base/java.util.ArrayList.forEach(ArrayList.java:1596)
... Removed 33 stack frames]]>
    </failure>
  </testcase> <!-- @BeforeMethod setUp -->
  <testcase classname="com.Base.BaseTest" name="@AfterMethod tearDown" time="0.0">
    <skipped/>
  </testcase> <!-- @AfterMethod tearDown -->
  <testcase classname="com.crm.SGCampaigns.SearchSGTest" name="@BeforeMethod setUp" time="0.0">
    <skipped/>
  </testcase> <!-- @BeforeMethod setUp -->
  <testcase classname="com.Base.BaseTest" name="@AfterMethod tearDown" time="0.0">
    <skipped/>
  </testcase> <!-- @AfterMethod tearDown -->
  <testcase classname="com.crm.SGCampaigns.SearchSGTest" name="@BeforeMethod setUp" time="0.0">
    <skipped/>
  </testcase> <!-- @BeforeMethod setUp -->
  <testcase classname="com.Base.BaseTest" name="@AfterMethod tearDown" time="0.0">
    <skipped/>
  </testcase> <!-- @AfterMethod tearDown -->
  <testcase classname="com.crm.SGCampaigns.SearchSGTest" name="@BeforeMethod setUp" time="0.0">
    <skipped/>
  </testcase> <!-- @BeforeMethod setUp -->
  <testcase classname="com.Base.BaseTest" name="@AfterMethod tearDown" time="0.0">
    <skipped/>
  </testcase> <!-- @AfterMethod tearDown -->
  <testcase classname="com.crm.SGCampaigns.SGFilterTest" name="@BeforeMethod setUp" time="1.061">
    <failure type="java.lang.IllegalArgumentException" message="Fișierul nu a fost găsit: src/test/java/com/resources/configfiles/locators.properties">
      <![CDATA[java.lang.IllegalArgumentException: Fișierul nu a fost găsit: src/test/java/com/resources/configfiles/locators.properties
at com.Base.BaseTest.loadProperties(BaseTest.java:56)
at com.Base.BaseTest.setUp(BaseTest.java:43)
at com.crm.SGCampaigns.SGFilterTest.setUp(SGFilterTest.java:31)
at java.base/java.util.ArrayList.forEach(ArrayList.java:1596)
... Removed 33 stack frames]]>
    </failure>
  </testcase> <!-- @BeforeMethod setUp -->
  <testcase classname="com.Base.BaseTest" name="@AfterMethod tearDown" time="0.0">
    <skipped/>
  </testcase> <!-- @AfterMethod tearDown -->
  <testcase classname="com.crm.SGCampaigns.SGFilterTest" name="@BeforeMethod setUp" time="0.0">
    <skipped/>
  </testcase> <!-- @BeforeMethod setUp -->
  <testcase classname="com.Base.BaseTest" name="@AfterMethod tearDown" time="0.0">
    <skipped/>
  </testcase> <!-- @AfterMethod tearDown -->
  <testcase classname="com.crm.SGCampaigns.SGFilterTest" name="@BeforeMethod setUp" time="0.0">
    <skipped/>
  </testcase> <!-- @BeforeMethod setUp -->
  <testcase classname="com.Base.BaseTest" name="@AfterMethod tearDown" time="0.0">
    <skipped/>
  </testcase> <!-- @AfterMethod tearDown -->
  <testcase classname="com.crm.SGCampaigns.SGFilterTest" name="@BeforeMethod setUp" time="0.0">
    <skipped/>
  </testcase> <!-- @BeforeMethod setUp -->
  <testcase classname="com.Base.BaseTest" name="@AfterMethod tearDown" time="0.0">
    <skipped/>
  </testcase> <!-- @AfterMethod tearDown -->
  <testcase classname="com.crm.SGCampaigns.DeleteTableSettingsTest" name="@BeforeMethod setUp" time="1.065">
    <failure type="java.lang.IllegalArgumentException" message="Fișierul nu a fost găsit: src/test/java/com/resources/configfiles/locators.properties">
      <![CDATA[java.lang.IllegalArgumentException: Fișierul nu a fost găsit: src/test/java/com/resources/configfiles/locators.properties
at com.Base.BaseTest.loadProperties(BaseTest.java:56)
at com.Base.BaseTest.setUp(BaseTest.java:43)
at com.crm.SGCampaigns.DeleteTableSettingsTest.setUp(DeleteTableSettingsTest.java:31)
at java.base/java.util.ArrayList.forEach(ArrayList.java:1596)
... Removed 33 stack frames]]>
    </failure>
  </testcase> <!-- @BeforeMethod setUp -->
  <testcase classname="com.Base.BaseTest" name="@AfterMethod tearDown" time="0.0">
    <skipped/>
  </testcase> <!-- @AfterMethod tearDown -->
  <testcase classname="com.crm.SGCampaigns.DeleteTableSettingsTest" name="@BeforeMethod setUp" time="0.0">
    <skipped/>
  </testcase> <!-- @BeforeMethod setUp -->
  <testcase classname="com.Base.BaseTest" name="@AfterMethod tearDown" time="0.0">
    <skipped/>
  </testcase> <!-- @AfterMethod tearDown -->
  <testcase classname="com.crm.SGCampaigns.DeleteTableSettingsTest" name="@BeforeMethod setUp" time="0.0">
    <skipped/>
  </testcase> <!-- @BeforeMethod setUp -->
  <testcase classname="com.Base.BaseTest" name="@AfterMethod tearDown" time="0.0">
    <skipped/>
  </testcase> <!-- @AfterMethod tearDown -->
  <testcase classname="com.crm.SGCampaigns.DeleteTableSettingsTest" name="@BeforeMethod setUp" time="0.0">
    <skipped/>
  </testcase> <!-- @BeforeMethod setUp -->
  <testcase classname="com.Base.BaseTest" name="@AfterMethod tearDown" time="0.0">
    <skipped/>
  </testcase> <!-- @AfterMethod tearDown -->
  <testcase classname="com.crm.SGCampaigns.DeleteSettingsPerOfferTest" name="@BeforeMethod setUp" time="1.002">
    <failure type="java.lang.IllegalArgumentException" message="Fișierul nu a fost găsit: src/test/java/com/resources/configfiles/locators.properties">
      <![CDATA[java.lang.IllegalArgumentException: Fișierul nu a fost găsit: src/test/java/com/resources/configfiles/locators.properties
at com.Base.BaseTest.loadProperties(BaseTest.java:56)
at com.Base.BaseTest.setUp(BaseTest.java:43)
at com.crm.SGCampaigns.DeleteSettingsPerOfferTest.setUp(DeleteSettingsPerOfferTest.java:29)
at java.base/java.util.ArrayList.forEach(ArrayList.java:1596)
... Removed 33 stack frames]]>
    </failure>
  </testcase> <!-- @BeforeMethod setUp -->
  <testcase classname="com.Base.BaseTest" name="@AfterMethod tearDown" time="0.0">
    <skipped/>
  </testcase> <!-- @AfterMethod tearDown -->
  <testcase classname="com.crm.SGCampaigns.DeleteSettingsPerOfferTest" name="@BeforeMethod setUp" time="0.0">
    <skipped/>
  </testcase> <!-- @BeforeMethod setUp -->
  <testcase classname="com.Base.BaseTest" name="@AfterMethod tearDown" time="0.0">
    <skipped/>
  </testcase> <!-- @AfterMethod tearDown -->
  <testcase classname="com.crm.SGCampaigns.DeleteSettingsPerOfferTest" name="@BeforeMethod setUp" time="0.0">
    <skipped/>
  </testcase> <!-- @BeforeMethod setUp -->
  <testcase classname="com.Base.BaseTest" name="@AfterMethod tearDown" time="0.0">
    <skipped/>
  </testcase> <!-- @AfterMethod tearDown -->
  <testcase classname="com.crm.SGCampaigns.DeleteSettingsPerOfferTest" name="@BeforeMethod setUp" time="0.0">
    <skipped/>
  </testcase> <!-- @BeforeMethod setUp -->
  <testcase classname="com.Base.BaseTest" name="@AfterMethod tearDown" time="0.0">
    <skipped/>
  </testcase> <!-- @AfterMethod tearDown -->
  <testcase classname="com.crm.SGCampaigns.CreateAndOrderTableSettingsTest" name="signIn" time="0.0">
    <skipped/>
  </testcase> <!-- signIn -->
  <testcase classname="com.crm.SGCampaigns.CreateAndOrderTableSettingsTest" name="signIn" time="0.001">
    <skipped/>
  </testcase> <!-- signIn -->
  <testcase classname="com.crm.SGCampaigns.CreateAndOrderTableSettingsTest" name="signIn" time="0.0">
    <skipped/>
  </testcase> <!-- signIn -->
  <testcase classname="com.crm.SGCampaigns.CreateAndOrderTableSettingsTest" name="signIn" time="0.0">
    <skipped/>
  </testcase> <!-- signIn -->
  <testcase classname="com.crm.SGCampaigns.CreateTableSettingsPerOfferTest" name="signIn" time="0.001">
    <skipped/>
  </testcase> <!-- signIn -->
  <testcase classname="com.crm.SGCampaigns.CreateTableSettingsPerOfferTest" name="signIn" time="0.0">
    <skipped/>
  </testcase> <!-- signIn -->
  <testcase classname="com.crm.SGCampaigns.CreateTableSettingsPerOfferTest" name="signIn" time="0.0">
    <skipped/>
  </testcase> <!-- signIn -->
  <testcase classname="com.crm.SGCampaigns.CreateTableSettingsPerOfferTest" name="signIn" time="0.0">
    <skipped/>
  </testcase> <!-- signIn -->
  <testcase classname="com.crm.SGCampaigns.DownloadCSVTest" name="signIn" time="0.003">
    <skipped/>
  </testcase> <!-- signIn -->
  <testcase classname="com.crm.SGCampaigns.DownloadCSVTest" name="signIn" time="0.0">
    <skipped/>
  </testcase> <!-- signIn -->
  <testcase classname="com.crm.SGCampaigns.DownloadCSVTest" name="signIn" time="0.0">
    <skipped/>
  </testcase> <!-- signIn -->
  <testcase classname="com.crm.SGCampaigns.DownloadCSVTest" name="signIn" time="0.0">
    <skipped/>
  </testcase> <!-- signIn -->
  <testcase classname="com.crm.SGCampaigns.DownloadCSVPerOfferTest" name="signIn" time="0.0">
    <skipped/>
  </testcase> <!-- signIn -->
  <testcase classname="com.crm.SGCampaigns.DownloadCSVPerOfferTest" name="signIn" time="0.0">
    <skipped/>
  </testcase> <!-- signIn -->
  <testcase classname="com.crm.SGCampaigns.DownloadCSVPerOfferTest" name="signIn" time="0.0">
    <skipped/>
  </testcase> <!-- signIn -->
  <testcase classname="com.crm.SGCampaigns.DownloadCSVPerOfferTest" name="signIn" time="0.0">
    <skipped/>
  </testcase> <!-- signIn -->
  <testcase classname="com.crm.SGCampaigns.SearchSGTest" name="signIn" time="0.0">
    <skipped/>
  </testcase> <!-- signIn -->
  <testcase classname="com.crm.SGCampaigns.SearchSGTest" name="signIn" time="0.0">
    <skipped/>
  </testcase> <!-- signIn -->
  <testcase classname="com.crm.SGCampaigns.SearchSGTest" name="signIn" time="0.0">
    <skipped/>
  </testcase> <!-- signIn -->
  <testcase classname="com.crm.SGCampaigns.SearchSGTest" name="signIn" time="0.0">
    <skipped/>
  </testcase> <!-- signIn -->
  <testcase classname="com.crm.SGCampaigns.SGFilterTest" name="signIn" time="0.0">
    <skipped/>
  </testcase> <!-- signIn -->
  <testcase classname="com.crm.SGCampaigns.SGFilterTest" name="signIn" time="0.0">
    <skipped/>
  </testcase> <!-- signIn -->
  <testcase classname="com.crm.SGCampaigns.SGFilterTest" name="signIn" time="0.0">
    <skipped/>
  </testcase> <!-- signIn -->
  <testcase classname="com.crm.SGCampaigns.SGFilterTest" name="signIn" time="0.0">
    <skipped/>
  </testcase> <!-- signIn -->
  <testcase classname="com.crm.SGCampaigns.DeleteTableSettingsTest" name="signIn" time="0.0">
    <skipped/>
  </testcase> <!-- signIn -->
  <testcase classname="com.crm.SGCampaigns.DeleteTableSettingsTest" name="signIn" time="0.0">
    <skipped/>
  </testcase> <!-- signIn -->
  <testcase classname="com.crm.SGCampaigns.DeleteTableSettingsTest" name="signIn" time="0.0">
    <skipped/>
  </testcase> <!-- signIn -->
  <testcase classname="com.crm.SGCampaigns.DeleteTableSettingsTest" name="signIn" time="0.0">
    <skipped/>
  </testcase> <!-- signIn -->
  <testcase classname="com.crm.SGCampaigns.DeleteSettingsPerOfferTest" name="signIn" time="0.0">
    <skipped/>
  </testcase> <!-- signIn -->
  <testcase classname="com.crm.SGCampaigns.DeleteSettingsPerOfferTest" name="signIn" time="0.0">
    <skipped/>
  </testcase> <!-- signIn -->
  <testcase classname="com.crm.SGCampaigns.DeleteSettingsPerOfferTest" name="signIn" time="0.0">
    <skipped/>
  </testcase> <!-- signIn -->
  <testcase classname="com.crm.SGCampaigns.DeleteSettingsPerOfferTest" name="signIn" time="0.0">
    <skipped/>
  </testcase> <!-- signIn -->
</testsuite> <!-- SG Campaigns Test -->
