<?xml version="1.0" encoding="UTF-8"?>
<testsuite name="crmAuto"
           tests="19"
           failures="1"
           errors="0"
           skipped="0"
           time="257.767">
    <properties></properties>

            <testcase
                name="signIn"
                time="12.993"
                classname="com.crm.ClientTest.SpendAndTotalSpendTest">

            <failure type="java.lang.AssertionError" message="&apos;Total Spend&apos; or &apos;Ad Spend&apos; header was not found in the table expected [true] but found [false]">
                <![CDATA[java.lang.AssertionError: 'Total Spend' or 'Ad Spend' header was not found in the table expected [true] but found [false]
                org.testng.Assert.fail(Assert.java:110)org.testng.Assert.failNotEquals(Assert.java:1413)org.testng.Assert.assertTrue(Assert.java:56)com.crm.ClientTest.SpendAndTotalSpendTest.signIn(SpendAndTotalSpendTest.java:80)java.base/jdk.internal.reflect.DirectMethodHandleAccessor.invoke(DirectMethodHandleAccessor.java:103)java.base/java.lang.reflect.Method.invoke(Method.java:580)org.testng.internal.invokers.MethodInvocationHelper.invokeMethod(MethodInvocationHelper.java:136)org.testng.internal.invokers.TestInvoker.invokeMethod(TestInvoker.java:658)org.testng.internal.invokers.TestInvoker.invokeTestMethod(TestInvoker.java:219)org.testng.internal.invokers.MethodRunner.runInSequence(MethodRunner.java:50)org.testng.internal.invokers.TestInvoker$MethodInvocationAgent.invoke(TestInvoker.java:923)org.testng.internal.invokers.TestInvoker.invokeTestMethods(TestInvoker.java:192)org.testng.internal.invokers.TestMethodWorker.invokeTestMethods(TestMethodWorker.java:146)org.testng.internal.invokers.TestMethodWorker.run(TestMethodWorker.java:128)java.base/java.util.ArrayList.forEach(ArrayList.java:1597)org.testng.TestRunner.privateRun(TestRunner.java:808)org.testng.TestRunner.run(TestRunner.java:603)org.testng.SuiteRunner.runTest(SuiteRunner.java:429)org.testng.SuiteRunner.runSequentially(SuiteRunner.java:423)org.testng.SuiteRunner.privateRun(SuiteRunner.java:383)org.testng.SuiteRunner.run(SuiteRunner.java:326)org.testng.SuiteRunnerWorker.runSuite(SuiteRunnerWorker.java:52)org.testng.SuiteRunnerWorker.run(SuiteRunnerWorker.java:95)org.testng.TestNG.runSuitesSequentially(TestNG.java:1249)org.testng.TestNG.runSuitesLocally(TestNG.java:1169)org.testng.TestNG.runSuites(TestNG.java:1092)org.testng.TestNG.run(TestNG.java:1060)com.intellij.rt.testng.IDEARemoteTestNG.run(IDEARemoteTestNG.java:65)com.intellij.rt.testng.RemoteTestNGStarter.main(RemoteTestNGStarter.java:105)
]]>
            </failure>
    </testcase>


            <testcase
                name="signIn"
                time="13.207"
                classname="com.crm.ClientTest.SpendAndTotalSpendTest">
            </testcase>
            <testcase
                name="signIn"
                time="13.761"
                classname="com.crm.ClientTest.SpendAndTotalSpendTest">
            </testcase>
            <testcase
                name="signIn"
                time="13.403"
                classname="com.crm.ClientTest.SpendAndTotalSpendTest">
            </testcase>
            <testcase
                name="signIn"
                time="13.148"
                classname="com.crm.ClientTest.SpendAndTotalSpendTest">
            </testcase>
            <testcase
                name="signIn"
                time="13.185"
                classname="com.crm.ClientTest.SpendAndTotalSpendTest">
            </testcase>
            <testcase
                name="signIn"
                time="13.449"
                classname="com.crm.ClientTest.SpendAndTotalSpendTest">
            </testcase>
            <testcase
                name="signIn"
                time="13.823"
                classname="com.crm.ClientTest.SpendAndTotalSpendTest">
            </testcase>
            <testcase
                name="signIn"
                time="13.710"
                classname="com.crm.ClientTest.SpendAndTotalSpendTest">
            </testcase>
            <testcase
                name="signIn"
                time="13.853"
                classname="com.crm.ClientTest.SpendAndTotalSpendTest">
            </testcase>
            <testcase
                name="signIn"
                time="13.434"
                classname="com.crm.ClientTest.SpendAndTotalSpendTest">
            </testcase>
            <testcase
                name="signIn"
                time="14.089"
                classname="com.crm.ClientTest.SpendAndTotalSpendTest">
            </testcase>
            <testcase
                name="signIn"
                time="13.070"
                classname="com.crm.ClientTest.SpendAndTotalSpendTest">
            </testcase>
            <testcase
                name="signIn"
                time="13.577"
                classname="com.crm.ClientTest.SpendAndTotalSpendTest">
            </testcase>
            <testcase
                name="signIn"
                time="13.682"
                classname="com.crm.ClientTest.SpendAndTotalSpendTest">
            </testcase>
            <testcase
                name="signIn"
                time="13.091"
                classname="com.crm.ClientTest.SpendAndTotalSpendTest">
            </testcase>
            <testcase
                name="signIn"
                time="13.889"
                classname="com.crm.ClientTest.SpendAndTotalSpendTest">
            </testcase>
            <testcase
                name="signIn"
                time="13.604"
                classname="com.crm.ClientTest.SpendAndTotalSpendTest">
            </testcase>
            <testcase
                name="signIn"
                time="14.799"
                classname="com.crm.ClientTest.SpendAndTotalSpendTest">
            </testcase>
</testsuite>
