<?xml version="1.0" encoding="UTF-8"?>
<!-- Generated by org.testng.reporters.JUnitReportReporter -->
<testsuite hostname="pop-os" failures="0" tests="4" name="com.crm.GoogleAccounts.CreateAndOrderTableSettings" time="103.492" errors="2" timestamp="2025-02-24T17:22:37 EET" skipped="0">
  <testcase classname="com.crm.GoogleAccounts.CreateAndOrderTableSettings" name="signIn" time="29.588"/>
  <system-out>
    <![CDATA[Utilizator victor.cristea@vebo.io s-a logat
Debug Bar a fost ascuns
Utilizatorul a navigat cu succes la pagina - Google accounts - iCRM v.37.71
A fost creat cu succes noua setare cu coloanele:

Header is empty for index 
Name -> CC-23
Status -> New
Batch Name -> CDS-b-1
Price -> $200
Card Name -> -
Account Id -> 3338872225
Account Source -> CDS-infarmed
First Last Name -> -
Login -> trafdiacdunecen1985@outlook.com
Password -> CUgqDWvGDA
Proxy -> -
Proxy Type -> -
Account RDP -> identi MLA
Account Owner -> Sergiu Ursu
Domain -> andersonmechanic.com
Farmer -> CDS
Last Update -> 2025-02-18 19:32
Email Login -> -
Email Password -> -
Warming Cost -> 7.66
Monthly Fees -> -
Under Review Reason -> -
Revenue -> -
Profit -> -7.66
Spend -> 7.66
BH Spend -> -
Other Fees -> -
MB Delivery Date -> 2025-02-18 16:49:40
BH Date -> -
Ban Date -> -
Ban Reason -> -
Spend On Ban -> -
Under Review Date -> -
ID Verification -> -
2FA -> Copy
License -> -
GEO -> GR
Usage -> SEARCH
Status Logs -> 18 February - Delivery (Alexandru Iurcu)
Campaigns Spreadsheet -> -
Age -> 6 days
Action -> ]]>
  </system-out>
  <testcase classname="com.crm.GoogleAccounts.CreateAndOrderTableSettings" name="signIn" time="22.102">
    <error message="Cannot locate option with value: Backup Code
For documentation on this error, please visit: https://www.selenium.dev/documentation/webdriver/troubleshooting/errors#no-such-element-exception
Build info: version: &#039;4.23.1&#039;, revision: &#039;656257d8e9&#039;
System info: os.name: &#039;Linux&#039;, os.arch: &#039;amd64&#039;, os.version: &#039;6.9.3-76060903-generic&#039;, java.version: &#039;21.0.6&#039;
Driver info: driver.version: unknown" type="org.openqa.selenium.NoSuchElementException">
      <![CDATA[org.openqa.selenium.NoSuchElementException: Cannot locate option with value: Backup Code
For documentation on this error, please visit: https://www.selenium.dev/documentation/webdriver/troubleshooting/errors#no-such-element-exception
Build info: version: '4.23.1', revision: '656257d8e9'
System info: os.name: 'Linux', os.arch: 'amd64', os.version: '6.9.3-76060903-generic', java.version: '21.0.6'
Driver info: driver.version: unknown
at org.openqa.selenium.support.ui.Select.findOptionsByValue(Select.java:289)
at org.openqa.selenium.support.ui.Select.selectByValue(Select.java:194)
at com.resources.configfiles.SettingsHelper.selectMultipleValuesByValue(SettingsHelper.java:22)
at com.crm.GoogleAccounts.CreateAndOrderTableSettings.signIn(CreateAndOrderTableSettings.java:69)
at java.base/jdk.internal.reflect.DirectMethodHandleAccessor.invoke(DirectMethodHandleAccessor.java:103)
at java.base/java.lang.reflect.Method.invoke(Method.java:580)
at org.testng.internal.invokers.MethodInvocationHelper.invokeMethod(MethodInvocationHelper.java:136)
at org.testng.internal.invokers.TestInvoker.invokeMethod(TestInvoker.java:658)
at org.testng.internal.invokers.TestInvoker.invokeTestMethod(TestInvoker.java:219)
at org.testng.internal.invokers.MethodRunner.runInSequence(MethodRunner.java:50)
at org.testng.internal.invokers.TestInvoker$MethodInvocationAgent.invoke(TestInvoker.java:923)
at org.testng.internal.invokers.TestInvoker.invokeTestMethods(TestInvoker.java:192)
at org.testng.internal.invokers.TestMethodWorker.invokeTestMethods(TestMethodWorker.java:146)
at org.testng.internal.invokers.TestMethodWorker.run(TestMethodWorker.java:128)
at java.base/java.util.ArrayList.forEach(ArrayList.java:1596)
at org.testng.TestRunner.privateRun(TestRunner.java:808)
at org.testng.TestRunner.run(TestRunner.java:603)
at org.testng.SuiteRunner.runTest(SuiteRunner.java:429)
at org.testng.SuiteRunner.runSequentially(SuiteRunner.java:423)
at org.testng.SuiteRunner.privateRun(SuiteRunner.java:383)
at org.testng.SuiteRunner.run(SuiteRunner.java:326)
at org.testng.SuiteRunnerWorker.runSuite(SuiteRunnerWorker.java:52)
at org.testng.SuiteRunnerWorker.run(SuiteRunnerWorker.java:95)
at org.testng.TestNG.runSuitesSequentially(TestNG.java:1249)
at org.testng.TestNG.runSuitesLocally(TestNG.java:1169)
at org.testng.TestNG.runSuites(TestNG.java:1092)
at org.testng.TestNG.run(TestNG.java:1060)
at org.apache.maven.surefire.testng.TestNGExecutor.run(TestNGExecutor.java:308)
at org.apache.maven.surefire.testng.TestNGXmlTestSuite.execute(TestNGXmlTestSuite.java:71)
at org.apache.maven.surefire.testng.TestNGProvider.invoke(TestNGProvider.java:113)
at org.apache.maven.surefire.booter.ForkedBooter.runSuitesInProcess(ForkedBooter.java:385)
at org.apache.maven.surefire.booter.ForkedBooter.execute(ForkedBooter.java:162)
at org.apache.maven.surefire.booter.ForkedBooter.run(ForkedBooter.java:507)
at org.apache.maven.surefire.booter.ForkedBooter.main(ForkedBooter.java:495)
]]>
    </error>
  </testcase> <!-- signIn -->
  <system-out>
    <![CDATA[Utilizator andreic@vebo.io s-a logat
Debug Bar a fost ascuns
Utilizatorul a navigat cu succes la pagina - Google accounts - iCRM v.37.71]]>
  </system-out>
  <testcase classname="com.crm.GoogleAccounts.CreateAndOrderTableSettings" name="signIn" time="21.678">
    <error message="Cannot locate option with value: Backup Code
For documentation on this error, please visit: https://www.selenium.dev/documentation/webdriver/troubleshooting/errors#no-such-element-exception
Build info: version: &#039;4.23.1&#039;, revision: &#039;656257d8e9&#039;
System info: os.name: &#039;Linux&#039;, os.arch: &#039;amd64&#039;, os.version: &#039;6.9.3-76060903-generic&#039;, java.version: &#039;21.0.6&#039;
Driver info: driver.version: unknown" type="org.openqa.selenium.NoSuchElementException">
      <![CDATA[org.openqa.selenium.NoSuchElementException: Cannot locate option with value: Backup Code
For documentation on this error, please visit: https://www.selenium.dev/documentation/webdriver/troubleshooting/errors#no-such-element-exception
Build info: version: '4.23.1', revision: '656257d8e9'
System info: os.name: 'Linux', os.arch: 'amd64', os.version: '6.9.3-76060903-generic', java.version: '21.0.6'
Driver info: driver.version: unknown
at org.openqa.selenium.support.ui.Select.findOptionsByValue(Select.java:289)
at org.openqa.selenium.support.ui.Select.selectByValue(Select.java:194)
at com.resources.configfiles.SettingsHelper.selectMultipleValuesByValue(SettingsHelper.java:22)
at com.crm.GoogleAccounts.CreateAndOrderTableSettings.signIn(CreateAndOrderTableSettings.java:69)
at java.base/jdk.internal.reflect.DirectMethodHandleAccessor.invoke(DirectMethodHandleAccessor.java:103)
at java.base/java.lang.reflect.Method.invoke(Method.java:580)
at org.testng.internal.invokers.MethodInvocationHelper.invokeMethod(MethodInvocationHelper.java:136)
at org.testng.internal.invokers.TestInvoker.invokeMethod(TestInvoker.java:658)
at org.testng.internal.invokers.TestInvoker.invokeTestMethod(TestInvoker.java:219)
at org.testng.internal.invokers.MethodRunner.runInSequence(MethodRunner.java:50)
at org.testng.internal.invokers.TestInvoker$MethodInvocationAgent.invoke(TestInvoker.java:923)
at org.testng.internal.invokers.TestInvoker.invokeTestMethods(TestInvoker.java:192)
at org.testng.internal.invokers.TestMethodWorker.invokeTestMethods(TestMethodWorker.java:146)
at org.testng.internal.invokers.TestMethodWorker.run(TestMethodWorker.java:128)
at java.base/java.util.ArrayList.forEach(ArrayList.java:1596)
at org.testng.TestRunner.privateRun(TestRunner.java:808)
at org.testng.TestRunner.run(TestRunner.java:603)
at org.testng.SuiteRunner.runTest(SuiteRunner.java:429)
at org.testng.SuiteRunner.runSequentially(SuiteRunner.java:423)
at org.testng.SuiteRunner.privateRun(SuiteRunner.java:383)
at org.testng.SuiteRunner.run(SuiteRunner.java:326)
at org.testng.SuiteRunnerWorker.runSuite(SuiteRunnerWorker.java:52)
at org.testng.SuiteRunnerWorker.run(SuiteRunnerWorker.java:95)
at org.testng.TestNG.runSuitesSequentially(TestNG.java:1249)
at org.testng.TestNG.runSuitesLocally(TestNG.java:1169)
at org.testng.TestNG.runSuites(TestNG.java:1092)
at org.testng.TestNG.run(TestNG.java:1060)
at org.apache.maven.surefire.testng.TestNGExecutor.run(TestNGExecutor.java:308)
at org.apache.maven.surefire.testng.TestNGXmlTestSuite.execute(TestNGXmlTestSuite.java:71)
at org.apache.maven.surefire.testng.TestNGProvider.invoke(TestNGProvider.java:113)
at org.apache.maven.surefire.booter.ForkedBooter.runSuitesInProcess(ForkedBooter.java:385)
at org.apache.maven.surefire.booter.ForkedBooter.execute(ForkedBooter.java:162)
at org.apache.maven.surefire.booter.ForkedBooter.run(ForkedBooter.java:507)
at org.apache.maven.surefire.booter.ForkedBooter.main(ForkedBooter.java:495)
]]>
    </error>
  </testcase> <!-- signIn -->
  <system-out>
    <![CDATA[Utilizator dorin.m@vebo.io s-a logat
Debug Bar a fost ascuns
Utilizatorul a navigat cu succes la pagina - Google accounts - iCRM v.37.71]]>
  </system-out>
  <testcase classname="com.crm.GoogleAccounts.CreateAndOrderTableSettings" name="signIn" time="30.124"/>
  <system-out>
    <![CDATA[Utilizator edward.s@vebo.io s-a logat
Debug Bar a fost ascuns
Utilizatorul a navigat cu succes la pagina - Google accounts - iCRM v.37.71
A fost creat cu succes noua setare cu coloanele:

Header is empty for index 
Name -> Nova-MLA-2128
Status -> New
Batch Name -> Novabeyond
Price -> $20
Account Id -> 6469153184
Account Source -> Novabeyond
First Last Name -> -
Login -> unckooumar5@outlook.com
Password -> nKauS5CrRmVTj
Account RDP -> identi MLA
Account Owner -> Edward S
Domain -> allpushup.com
Farmer -> Novabeyond
Last Update -> 2025-02-14 12:33
Warming Cost -> 20.91
Monthly Fees -> -
Under Review Reason -> -
Revenue -> -
Profit -> -20.91
Spend -> 20.91
BH Spend -> -
Other Fees -> -
MB Delivery Date -> 2025-02-14 12:33:03
BH Date -> -
Ban Date -> -
Ban Reason -> -
Spend On Ban -> -
Under Review Date -> -
ID Verification -> -
2FA -> Copy
License -> -
GEO -> AUS
Usage -> SEARCH
Status Logs -> 14 February - Delivery (Ion Saptesate), 12 February - Warming (By System (Spreadsheet file))
Campaigns Spreadsheet -> https://docs.google.com/spreadsheets/d/1B4pYSrX4L_ynI6iAoSapTEC6deUHk-Xh0q9raFepLrs/edit?pli=1&gid=0#gid=0
Age -> 12 days
Action -> ]]>
  </system-out>
</testsuite> <!-- com.crm.GoogleAccounts.CreateAndOrderTableSettings -->
